AKIRA BARBOSA HIROTA: success
CAROLINE WICHNIESKI DELAY: success
CESAR EDUARDO AGUIAR RIBEIRO: success
CHRISTIANO BARBIERI DE OLIVEIRA MARTONI: success
EDUARDO VANDERLINDE BROCKVELD: success
ELISA DOMINGUES PADUA: success
ENZO AUGUSTO TRATZ MARTINS: success
EVERTON VINICIUS BELOTTI: success
FELIPE FRANCISCO BERBERT: success
GABRIELA ANDRADE SERPA: success
GIANLUCCA LAGOMARSINO: success
GIOVANI CERON HARTMANN: success
GUILHERME BELLO PRESTES: success
JOAO CARULLA NETO: success
JULLYANA MAYARA PREIZNER DEZANETTI: success
KARINA DA SILVA AGUIAR BARCIK: success
KETELIN DAL PRA: success
LUCAS VENTURA HOFFMANN: success
LUCAS VINICIUS TAQUES: success
MARCO ANTONIO KUSSEK: success
MURILO GADENS: success
MURILO WINTER: success
RAFAEL GRANEMANN PIOLA DA SILVA: success
RAISA MERHY DE OLIVEIRA: success
SAURO TIAGO ALVES MACIEL: success
WESLEY MENTZ: success
