ANDERSON RAMOS DA LUZ: success
ANDRE LUIS POTT: success
ARILLA CONSTANTINO BENKENDORF: success
BRUNO ANTONIAZZI DE OLIVEIRA: success
BRUNO LUDWIG: success
ANDERSON RAMOS DA LUZ: success
ANDRE LUIS POTT: success
ARILLA CONSTANTINO BENKENDORF: success
BRUNO ANTONIAZZI DE OLIVEIRA: success
BRUNO LUDWIG: success
BRUNO MAPURUNGA DE ALBUQUERQUE: success
BRUNO ROMERO: success
CEZAR GIOVANI FERREIRA DA SILVA: success
DANIELY ARAUJO BARBOSA FERNANDES: success
DAVID WILLIAN DE CAMPOS ROCHA: success
EDUARDO BARBOSA DE OLIVEIRA: success
ELIZANDRA CRISTINA LOPES: success
ELLENE MARTINS DE LIRA: success
ERIC RIBEIRO DOS SANTOS: success
ESTEPHANO RODRIGUES BARTENSKI: success
EVELYN GIMENES BARBOSA SANTOS: success
FELIPE DAS CHAGAS TSUKAMOTO: success
FERNANDA COMAZZI COLOMBO LOURIN: success
FLAVIO ANIBAL CAMPOS: success
GUILHERME BONATTI DE OLIVEIRA: success
GUSTAVO KREUZ VIEIRA: success
HENRIQUE LIMA DUIM SILVEIRA: success
IGOR LAURENCE SOUZA: success
JEAN CARLOS BACK VALANDRO: success
JOHN LENON BUTURRE: success
KETHELIN RAUANE LUCION: success
KRYSTIANO TOSHIRO MORIYA NIDAHARA: success
LEANDRO BARBOSA GALVAO: success
LEONARDO GAROZI: success
LUIS FERNANDO VANHONI BROSKA: success
MANUELA SALAMONI GAZZI: success
MARCOS AURELIO CRUZ DE CASTRO: success
MARIANNA ABREU MANNA: success
MARINA SANTIAGO DO NASCIMENTO: success
MATEUS HENRIQUE FITZ: success
MAURO AUGUSTO MUSIAT: success
MICAEL EGIDIO SOUZA DA SILVA: success
MICHAEL PABLO BATISTA DE CARVALHO: success
NATHALIA CAROLINE VANGEL: success
PHILIPPE JEAN RANGEL ABREU AREAS: success
PRISCILA ACORDI: success
RAPHAEL MIRANDA COELHO: success
RENAN SCHAFER DA SILVA: success
VENANCIO CAMURCA MAGALHAES JUNIOR: success
VINICIUS WENSERSKY: success
WILSON PEREIRA DOS SANTOS: success
