ADENILSON MARSAL DOS SANTOS: success
ANA CECILIA CAVALCANTE QUESADO: success
CELSO SOCHACEWSKI: success
CESAR VINICIUS PORTES: success
CIRON CESAR CORREA: success
DANIELA MARQUES: success
GIOVANI FLORES: success
JOAO CARLOS JAKUBIU: success
JORGE HIROSHI UNOKI: success
LUCIANE BUENO: success
LUIZ VICENTE SOARES QUADROS: success
NAIANA CASAGRANDE: success
PAULO ROBERTO BONFLEUR: success
REBECA MAYER DOS SANTOS: success
REGINALDO CAMPOS: success
RICARDO ALEKSSANDER COLPANI: success
RONEY YURI BASILIO: success
SIRLEY DA SILVA: success
VINICIUS LEANDRO REZZI FEU: success
VIVIAN DE ARAUJO RAMACCIOTTI: success
