ALESSANDER CABREIRA FURTADO: success
ANTONIO GABRIEL CASTANHEIRA JUNIOR: success
AROLDO BENEDITO SERPE RIBAS: success
AUGUSTO TREUFELDT: success
CASSIO ANDRE DIAS CONCEICAO: success
CLAUDINES DE FATIMA KIERAS: success
EMANUELE MARIA DE OLIVEIRA SIQUEIRA: success
FABIANE ARAUJO: success
FABIO LACERDA GUSMAO: success
JULIANA MACIEL BUSATO DALACQUA: success
KAMIL SALMEN: success
LETICIA DE OLIVEIRA DE CAMARGO: success
LUIS GUSTAVO ORIBKA: success
LUIZ CARLOS BIESEK: success
MARCELO AUGUSTINHO VOICHIKI: success
MARICY MORTAGUA SANTINELI: success
NEI MARQUES BONFIM: success
PAULO SERGIO PEREIRA DA SILVA: success
RAPHAEL LOURENCO LANG DIAS: success
REGINALDO JORGE DE OLIVEIRA SILVANO: success
RONALD REDES MARTINS: success
SERGIO RICARDO LEITE REGINATO: success
SIDNEY SCHMIDLIN VAZ: success
TALES KREUZ MENTZ: success
THIAGO HENRIQUE STAHLKE: success
VICENTE LINO MARCHALEK: success
