ADRIANO DAMACENO RODRIGUES: FAILED
ALEXANDRE JOSE ALBUQUERQUE BAHL: success
ANY DE OLIVEIRA BRASIL MESSINA: success
CRISTIANO LINHARES: success
DANIEL LUIZ SANTIAGO CORTES: success
EDSON LEANDRO DA SILVA: success
EMERSON PEDRO PROTICA: success
FABIOLA DA MOTTA FIGUEIRA: success
GILBERTO HENRIQUE LUSZCZYNSKI: success
GIORGLLI SOARES PAIN: success
JEFFERSON CABRAL NETTO RAVEDUTTI: success
JULIANA MIRANDA DE OLIVEIRA: success
JULIANA MOSCHETTA: success
LEONARDO SABA: success
LUCIANO PAIVA RIBEIRO: success
LUIS GUSTAVO DE OLIVEIRA FOGACA: success
LUIZ AUGUSTO DIAS DE SOUZA: success
MARCO AURELIO MOURA DE REZENDE: success
MARCOS AURELIO DA SILVA: success
MARCOS FERREIRA MACHADO: success
MARCOS LUIZ RODRIGUES: success
MARCOS VINICIUS RIBEIRO DE ANDRADE: success
MOHAMAD MUHIEDDINE MAAROUF ABOU MOURAD: success
NEWTON CRISTHIANO GARCIA VAZ: success
NILCEIA DE LIMA BISIEWICZ: success
NILSON SANTOS DINIZ: success
PAULO ROBERTO CASTANHO COELHO: success
PAULO SERGIO MACHADO: success
RAFAEL CARLIM COSTA: success
RAFAEL MENDES BATISTA: success
RAPHAEL FARIAS NASCIMENTO: success
REGINALDO JOSE DA SILVA: success
ADRIANO DAMACENO RODRIGUES: FAILED
ROBERVAL RIBEIRO: success
RODRIGO SASSI MARTINS: success
RODRIGO SCALON E SPIGOLON: FAILED
ROGERIO MARTIN DE CASTRO: success
ROMEU DE ALMEIDA: success
ROMULO ANTONIAZZI RODRIGUES ROSA: success
SARA DE SOUZA: success
SERGIO LUIZ DE JESUS PEREIRA: FAILED
SERGIO LUIZ DE MIRANDA ALVES: success
SERGIO QUIRINO DO NASCIMENTO: success
SERGIO RICARDO DELORENCI SANTOS: success
SERGIO SOUZA DE ARAUJO: success
SIDNEI RIEDLINGER: success
SILVANA REGINA PICCININ: success
SORAIA TEREZINHA PINTO: success
TIAGO DE MATTOS MORAIS CAMELO: success
VINICIUS NIMR DA SILVA: success
VIVIANE XAVIER ALVES: success
