ANDREA MARCHINSKI CAPRARO: success
BRUNO PACHECO: success
CLAUDIA KRUGER: success
CLEDERSON JOSUE FERREIRA: success
DAVI ZARDO: success
DELMIS MOREIRA DA SILVA: success
ELEANDRO GAWRONSKI: success
ISAIAS FERNANDES MACHADO: success
JULIANA FERNANDES BAHLS: success
JULIO CESAR BARBOSA PINHEIRO: success
JULIO CEZAR BANAK JACINTO: success
KAREN CRISTINA PEROTO DIAS DE OLIVEIRA: success
KARINE KAPP: success
LEONEL JOSE WICHERT LOPES: success
LUCIANA CANTELLI MELO MIRANDA: success
LUCIANO MUZINOSKI: success
MARCELO JOSE TRACZ: success
MARCOS JOSE FERREIRA BATISTA: success
MARCOS REGINALDO ANDRADE: success
NAGIB NASSIF PALMA: success
PEDRO PAULO JOSLIN PIDLACHESKI: success
REGIS TIAGO RODRIGUES: success
RICARDO DORNELAS VILACA: success
RICARDO HENRIQUE CAPPELLETTI CARDOSO: success
RICHARD CORDEIRO DA SILVA: success
SELMA REGINA BREDA LIBERTO: success
SIMONE DE SOUZA ROSA: success
THAINA GIORDANI: success
WALDER ALEXSANDRO ORLOVSKI: success
