ALESSANDRO MERLIN DA SILVA: success
ALOISIO COSTACURTA VIEIRA JUNIOR: success
ANA CRISTINA LUIS LEME OZIERANSKI: success
ANDRE LOURENSETTI BOCCHI: success
ANDREZA NUNES GONCALVES DA ROCHA: success
ANNA KARYNE TURBAY PALODETTO: success
APARECIDO SOUSA PINHEIRO DE OLIVEIRA: success
BRUNO HEIDY MAKISHI: success
CAMILA BOSCARDIN NAVARINI: success
DIRAN SAMERI PINTO: success
EVANDRO SOARES PRESTES: success
FERNANDO MALVEZZI PEDRAZZOLI: success
FRANCIELY ROSSINI: success
GILMAR JOSE PIRES: success
GUILHERME MAC LAREN NOGUEIRA DE QUEIROZ: success
HENRIQUE NICOLAU ZANELLO SEVERINO ALVES: success
HUGO GAVLAK LEMOS DA SILVA: success
IASMIN DIAS GREGORIO: success
JEAN ARTHUR SOUZA DINIZ: success
MARCOS SCHIAVO: success
RICARDO CAMPOS SERRA: FAILED
ROBERTO DA ROCHA: success
ROBERTO FERREIRA DE BRITO: success
RODRIGO PEREIRA TEOTONIO: success
SAMUEL SOUTO RIBEIRO: success
SUELI DOS SANTOS AFONSO: success
VALCIRIO TOMIELLO: success
VIVIANE BARBOSA DE SOUZA: success
WANDERSON RODRIGUES VIEIRA: success
