ALEXANDRE XIMENO DE MENDONCA: success
ANTONIO MARCIO STADNIK: success
CARLOS VENANCIO DA SILVA: success
DINALBERTO GERVASIO DA CUNHA: success
EDSON MARIANO DE FARIA: success
HUARLEI AUGUSTO DE OLIVEIRA CHAVES: success
JAMIL PEREIRA DE BARROS: success
JEAN PAULO DA SILVA BRUNHARI: success
JULIANO FONSECA: success
LEOMAR ROMANINI: success
LETICIA COELHO BACCHI: success
LUIS CLAUDIO CALDEIRA: success
MARCIA BARBOSA DOS SANTOS: success
MARCIO DE JESUS GANZERT: success
OTNIEL SIQUEIRA FERNANDES: success
PEDRO DINI NETO: success
PERCI CESAR DE FARIA: success
RODOLFO QUINTINO DA VEIGA: success
SCYLLA CESAR PEIXOTO NETO: success
SIMONE DE FATIMA DIAS: success
THAIS CRISTINA MACHADO DA SILVA: success
VALDECI CORREIA DA SILVA: success
VALQUIRIA PINHEIRO DOS REIS SOUZA: success
WILLIAM DIEGO VITAL: success
