ADILSON JOSE DA SILVA: success
ADOLAR ANTONIO DOS SANTOS: success
ANDRE DA SILVA GALVAO: success
BRUNO AUGUSTO LEITE: success
DANIEL VINICIOS SCHNEIDER SILVA: success
FABIO HENRIQUE BON EL KADRI: success
FERNANDO CORREA MARTINS: success
GILBERTO RUTCKEVISKI FILHO: success
IVAN MEDRE MONTREZORO: success
JANSEN LEOPOLDO CARNEIRO LOBO: success
JONATHAN DAWIES: success
LUIZ RENATO MARTINS: success
MARCELO ALVES DE CAMARGO: success
MARCOS COSTA DE CASTRO: success
MARLOS CAEL BELO: FAILED - NO EMAIL
OSWALDO EMILIO TEIXEIRA DA SILVA JUNIOR: success
RAUL BEZERRA SAMPAIO: success
REGIANO ALVES DOS SANTOS: success
RONALDO DOMINGOS: success
SANDRIO IGOR SUREIRA: success
SERGIO AUGUSTO RICARDO: success
THIAGO FERNANDES NUNES: success
