ALEXSANDRO GERMANO DA SILVA: success
CLAYTON BATISTA DO NASCIMENTO: success
CLOVIS PINHEIRO LIMA JUNIOR: success
DILSO MORGEROT: success
EDGARD HOFFMANN JUNIOR: success
EDUARDO LABATUT HELM JUNIOR: success
FABIO AUGUSTO DE LIMA: success
FABIO MACHADO DOS SANTOS: success
GIANCARLO BYTNER: success
GREGORY TONIN MALDONADO: success
HELTON KLETENBERG: success
JOSE AUGUSTO DE OLIVEIRA CARATU: success
KARINA SANTOS MAZIA: success
KARLA EMMANUELLE BORNANCIM: success
LILIAN CRISTINA DA SILVA: success
LIZ FRANCIELI KOBAY: success
MARCELO LEMOS DE OLIVEIRA: success
MARCO ANTONIO BARBOSA PINTO: success
NATALIA DA SILVA MORITZ: success
RAFAEL ALMADA GAIO: FAILED - NO EMAIL
REGINALDO FABRICIO DE LIMA: success
RODRIGO DUARTE FERREIRA DOS REIS: success
THIAGO KRAVICZ: success
THIAGO NOBREGA DE ALMEIDA: success
VANESSA RODRIGUES: success
VINICIUS PINTO COELHO: success
