ALINE DOS SANTOS BALBINO: success
ANANDA MURICY ERNESTO: success
ANDREY ROBERTO DOS SANTOS: FAILED - NO EMAIL
CEZAR DE SOUZA TUPAN: success
CLEYTON ROBERTO MUELLER: success
DIEGO ALMEIDA SANTIAGO: success
ELIZEU CORREIA SANTANA: success
FABIO RODRIGO DA SILVA: success
FERNANDA GONCALVES ALENCAR: success
FERNANDO CESAR PEREIRA: success
FLAVIO WILLIAM DA COSTA SILVA: success
HOMERO VIEIRA SEGUNDO: success
JOAO PEDROSO JUNIOR: FAILED - NO EMAIL
JOSE GILIARDE OLIVEIRA MAGALHAES: success
KARINA SILVA FARAJ DE ANDRADE: success
LUAN GONCALVES DA SILVEIRA: success
LUIZ GUILHERME ARAUJO DE ANDRADE: success
MARCELO AUGUSTO ZENI BRANDT: success
MATHEUS VANIN KLASS: success
MAUREL KRAMBECK JUNIOR: success
OSMAIR JOSE PEREIRA DA SILVA: success
RODRIGO RODRIGUES TERRA: success
ROGINALDO MARCOS BATISTA: success
SAMUEL SABINO BASILIO: success
SARA DE ANDRADE DA SILVA: success
SIDGLEI MARCIO JOSLIN: success
SIDNEI PEREIRA DE LARA: success
THIAGO BUCCINI: success
VANDERLEI ROBERTO DE OLIVEIRA: success
