ADRIANO RODRIGUES SANTOS: success
ALEX BENEDETE FULBER: success
ALLAN FERNANDO BANASEWICZ: success
AMANDA CAROLINA BELAO ALVES: success
ANGELO RAMIRES GALEGO JUNIOR: success
ARLAN MEINHARDT: success
CEZAR GIOVANI FERREIRA DA SILVA: success
EDUARDO JOSE FROHLICH DE OLIVEIRA: success
ELIZANDRO PELLENS PEREIRA: success
FRANCISCO ALBERTO CARICATI: success
FRANCISCO LOURIVAL CAMARGO DE LIMA: success
GIOVANA LABA DE JESUS: success
IZAUDINO JOSE GOMES DOS REIS: success
JESSICA RAFAELA LIMA PANIAGUA ALVES: success
JOAQUIM PRODOSCIMO NETO: success
JONNY ANTONIO KRONE: success
JOSE ISAC DE LARA: success
JOSE REGIS DAS NEVES NETO: success
KAREN LARISSA BZYL BIANCHET: success
KELVIN NOGUEIRA GOMES: success
MARYSOL SCHINDLER FAGUNDES: success
PHILLIPE DALPRA CAMARGO: success
RAFANELY PESCAROLE DE CARVALHO: success
RAPHAEL DE ASSUMPCAO JAMIELNIAK: success
RONALDO FOGGIATTO: success
TATIANA MARTINS ASSIS: success
THIAGO LUIZ MENGAL SOARES: success
VITOR ALENCAR PELUCHNO: success
WOLNEY DIAS PEREIRA: success
