ADALBERTO NUNES: success
ADRIANA EMED KAUANO: success
CARLA MARIA BAYESTORFF: success
CESAR DESINHO DA SILVA: success
CLEVERSON WILSON DE CARVALHO: success
DESIREE DA CAMARA LEAL: success
EDGAR DIAS SANTANA: success
EDRICH WAGNER DILGER SANCHES: success
ELVIO AGNALDO BONOMO: success
FABIO JOSE DA COSTA: success
GIOVANI DA SILVA GONCALVES: success
GUILHERME BRUSTOLIN IPLINSKI: success
IVONEI OSCAR DA SILVA: success
JOSE HENRIQUE DA SILVA SALES: success
LEONEL RODRIGUES: success
LUCIANO PADILHA DE OLIVEIRA: success
MIRIAN GOTIN: success
PAULO MURILO DIAS BORGES: success
RODRIGO REDERDE: success
VALDIR MACHADO: success
WAGNER GATTI: success
WILLIAM MIRANDA DE SOUZA: success
