ALINE DE OLIVEIRA: success
ANDERSON LUCAS SCHERER: success
ANDERSON RIDEKI UENO: success
ANDRE PETTER: success
ANTONIO BRESSIANI: success
ARIAN FERREIRA DA LUZ: success
BIANCA FERNANDA MONTEIRO: success
CATIA MARIA CHAVES TAETS GARCIA: success
CLAITON JOSE MARTINIAK: success
DANIELA AGUIAR: success
DANILO CEZAR RIBAS JUNIOR: success
DERICK MOURA JORGE: success
ERINTON MUNIZ DE CARVALHO: success
FRANS CHARLES CAILLOT SCHOROEDER: success
GABRIEL MUNHOZ: success
HERUS HENRIQUE DE LIMA: success
HUMBERTO CUSTODIO DE OLIVEIRA: success
JAIR MIRANDA NETO: success
JOAO VITOR NUNES DA SILVA: success
JOSE GUILHERME FONTANA CAPRARO: success
JULIO CESAR CORDEIRO: success
LUIS GUSTAVO DE SOUZA TIMOSSI: success
LUIZ ALBERTO GOMES DOS SANTOS: success
MARCELO CARLOS MACIEL: success
MARCELO SEBASTIAO DE ALMEIDA: success
MARLON JULIANO MONTEIRO: success
NAGIZA CRISTINA GALVAO RICKLI: success
NICKSON CLAITER DA SILVA: success
REGINA KOSLOSKI BATISTA: success
ROMEU DE MELO FERREIRA: success
ROMULO AUGUSTO MENDES: success
RUBIA NARA DINIZ RIBEIRO DE LIMA: success
SAMUEL BAGGIOTO: success
SILVIA MESSIAS MENDES: success
UBIRAJARA DE LARA YARED: success
