ALEXANDRE JOSE MUNIZ RAMOS: success
AMIR ROBERTO SALMEN: success
APARECIDO JOSE TOZZATTO: success
CARLOS GIOVANI DOS SANTOS: success
CAROLINNE DOS SANTOS FERNANDES: success
EDVADO RODRIGUES: FAILED - NO EMAIL
FERNANDA VANESSA FERRARI: success
FERNANDO BRAZILENCIO DE MARINS: success
FERNANDO CESAR TEIXEIRA: success
GUSTAVO CESAR SIMOES: success
JOAO ROBERTO DE CARVALHO: success
JOELMA APARECIDA DA SILVA: success
KAREN HELEN LIMA: success
LAERTE ALVES PINHEIRO: success
LUIZ ANTONIO YASBICK: success
MILENE HESPANHA TRIVINHO: success
NELSON GOMES DE OLIVEIRA FILHO: success
NILSON JOSE MENDONCA: success
PEDRO ARTHUR CAPRIO SARTORATO: success
RAFAEL LUCAS PAIXAO MORO: success
RAFAEL PEREIRA GABARDO GUIMARAES: success
ROSEMEIRE DOMINGOS DE OLIVEIRA: success
TATIANA FONSECA DO CARMO CARDOSO: success
THAIS TSUNO: success
TRISTAO ANTONIO BORBOREMA DE CARVALHO: success
VANESSA MARIANY DIAS CARVALHO: success
