ALDEMAR DOS SANTOS: success
ANA VERGINIA BRINKER: success
ANDREIA CRISTINA SURMANI DE SOUZA: success
ANGELA COLOMBO DA CRUZ: success
CARLOS ROBERTO RODRIGUES: success
CLADEMIR MAZZOCHIN: success
CRISTIANO SOARES: success
CYNTIA SCHOENBERGER: success
DIEGO LUIZ RIBEIRO TRONCHA: success
DOLORES MARIA BAZZANELLA MONTEIRO: success
EDSON DE OLIVEIRA: success
EMERSON VILA: success
FABIO CHIOVETO: success
FABIO SODRE RYNALDO: success
FERNANDO ZAMONER: success
GUILHERME PAULINO: success
LILIAN FERREIRA KOEHLER: success
LUCIANA MARIA GUERRA MARTINS: success
LUIS BASILIO COSTA: success
LUIZ MAURICIO MACEDO: success
MARCIA KELLI DE JESUS: success
NATALIA PEREIRA NICHEL: success
NICELLY ALESSANDRA BOHATCH: success
OSVALDO RENUCCI NETTO: success
RAFAEL SANTOS DE LUCA: success
RENATA CRISTINA MENDES: success
ROBSON DE SOUZA TEIXEIRA: success
ROBSON EDUARDO GENARO: success
ROSANA EIKO OGATA: success
SANDRA REGINA DA SILVA: success
THAIS MENDES SANTIAGO: success
VALDINEI CORREIA DA SILVA: success
VANDERLEI LUIZ MALINOSWKI: FAILED - NO EMAIL
VANESSA ROCHA MARQUES: success
VERA GALLEGO VIEIRA: success
VICTOR BRUNO DA SILVA MENEZES: success
VITOR CARLOS BRINKER: success
VIVIAN CRISTHIANE MONTEIRO PEREIRA: success
