ALLAN DEIVIS PINTO DE MORAES: success
AMABILE HEY BINSFELD: success
ANDREA GREINERT: success
DAIANE ZANON: success
ELISA RODRIGUES MANOELI PINNA: success
ELIZANDRA SCHEER MALLMANN: success
ERIC TUTIA GUEDES: success
FABIO LOPES PEREIRA: success
GEISA FABIOLA KOBAY: success
GEOVANNA SAMANTHA DE SOUZA LANG: success
GUSTAVO MENDES MARQUES DE BRITO: success
JAIME PACIFICO URDIALES: success
JOSE ROBERTO VARGAS: success
JUNIOR SANDRO DOS SANTOS: success
LIZETE MARLI MARCONDES: success
MARCOS AFONSO GONZAGA: success
MARCOS ANTONIO PORTELA: success
MARCOS AURELIO MINOTTO: success
MARIO HENRIQUE MURANAGA E GRADELLA: success
MARLI STRAITEMBERG PIRES: success
PAULO ROBERTO DA ROSA: success
QUEZIA RADKE TAVARES: success
SANDROMAR RIBEIRO BORGES: success
SERGIO COUTINHO: success
VALDENIR MARTINS: success
