ADEMIR DA SILVA MOTA: success
CELSO BOREL GODOIS: success
CICERO DANTAS DE SOUSA: success
CLAYTON MAURILO ADRIANO DE OLIVEIRA: success
CLEUSA FRITZEN: success
DEBORA CHAGAS: success
DELCIR DE SOUZA LIMA: success
DENIS SPOSITO BOLONHEZE FERNANDES: success
DIEGO PAVIANI CORREIA: success
EDER DE OLIVEIRA: success
EDUARDO ANGELO TEBALDI: success
EDUARDO RODRIGO VORPAGEL: success
EDVALDO TORRES: success
ELI DE OLIVEIRA SOUZA: success
GENIVALDO GABRIEL PAES: success
HELIANE KECHNER: success
HELIO DA COSTA: success
JAIR ANTONIO WESSELING: success
JOAO CARLOS VILAS BOAS: success
JOAO MARCUS BEZERRA: success
JOSE CARLOS ALVES: success
LAURA LORENZINI FERNANDES OLIVEIRA: success
LEANDRO FURLAN CARNEIRO: success
MARCOS AURELIO SOUZA CARDOSO: success
OSMAR BORDIGNON: success
SAMIR IBRAHIM: success
SERGIO VIANA ROCHA: success
VALDAIR RODRIGUES DOS SANTOS: success
WELLINGTON ALBERTO LOCATELLI: success
