ADILSON GERALDO SALVADOR: success
ANDERSON CASSIO ORMENI FRANCO: success
ANTONI TADEU PANSARDI: success
CELSO FERNANDES: success
CHARLES PONDELEK EKERMANN: success
DEMETRIOS DOS SANTOS: FAILED - NO EMAIL
DHEISON FRIGERI DE MORAES: success
EMERSON LUIZ RIBEIRO: success
FABIANA CERDA BASTIDAS: success
FABIANO RODRIGO COSTA: success
FABIO BRAGANCA MARTINS: success
FERNANDA STRINGARI: success
GLADSON FABIAN MARQUES: success
HALLEY PIMENTEL MARCELLO: success
HAMILTON CORDEIRO DA PAZ JUNIOR: success
HAROLDO LUIZ VERGUEIRO DAVISON: success
JAIR TEIXEIRA: success
JANINE LACERDA DO PRADO: success
JERRY ADRIANI FAVARO: success
JULIANA GONCALVES MORETTI SHIRAISHI: success
LENIR BAVARESCO: success
LUCAS SAIKI TOYOSHIMA: success
LUCIANO GAVAZZONI BANDEIRA: success
LUIZ FERNANDO CARDOSO DA SILVA: success
MARCOS AURELIO BIALLI: success
MARCOS VENICIO ROHR: success
MAURICIO CHOUITY IMAY: success
PABLO ANDRADE AMORIM: success
PAULO ANTONIO BRESSAN: success
PAULO CRISTIANO MARTINS RAMOS: success
RAQUEL RIGO FRUMI: success
RENATA MAGALHAES BOHRER: success
ROSANE CAMARGO: success
SANDRA CRISTINA BAZANA: success
SILAS ROQUE DOS SANTOS: success
THIAGO PEREIRA LIMA: success
VERONICA LIA RAMBO FERREIRA: success
WANDERLEI GOMES DA SILVA: success
