ADRIANA BEATRIZ DE LIMA MATIAS: success
ALEXANDRE MARQUES: success
AMANDA GONCALVES GARCIA: success
ANDERSON CASTAGNA: success
CELSO RICARDO DE SOUZA: success
DENYS ALBIEIRO PINHEIRO GONCALVES: success
EDER CASSIO DA SILVA ABREU: success
EDUARDO KENDI FUJIOKA GRITTEN: FAILED - NO EMAIL
ELIZABETE COSTA DA SILVA: success
EMERSON LOPES DE SIQUEIRA: success
EVANDRO SPOLADORE GOMES: success
GABRIEL FEITOZA NORTE: success
GUSTAVO VIEIRA BIANCHI: success
HELIO WANDERLEY ARAUJO: success
HUMBERTO EMMANUEL RODRIGUES BRAGA: success
JOAO MARCELO DOS SANTOS: success
JOAO PAULO RAMALHO LEMES: success
LETICIA STORCK CERONI: success
LUCIANO GOBO: success
MARCIO LEANDRO CAUNETO: success
MARILIA RECH DURAES: success
PAULO DE SOUZA FERREIRA: success
ROBSON BUENO DOS SANTOS: success
ROGERIO DEDINI GUSSAO: success
ROGERIO FELCAR ZANATA: success
VANDERLEI CANDIDO DA SILVA: success
