ADRIANA DUTRA JOLY: success
ALEX BENTO DE MACEDO: success
ARION NAGNIBEDA SILVA: success
CARLOS ALEXANDRE STARKE: success
CASSIANO DUSI: success
CLAUDIA REGINA HALLES: success
DIEGO BRONOSKI DE FREITAS: FAILED - NO EMAIL
DOUGLAS FILLA: success
ERISON ORAVIO RODRIGUES: success
FERNANDO HENRIQUE RIBEIRO VIEIRA: success
FRANCISCO CARLOS MACIEL: success
GABRIEL MOURA DE LIMA MARINHO: success
JAIRO LUIZ DUARTE DE CAMARGO: success
KARLA BEATRIZ BATISTA: success
KASSIMA KARINNA GIGLIOLLA ALMEIDA ROCHA: success
LUCAS BOMBARDA ANDRAUS: success
LUCAS PETRY PINTO: success
LUCIANO CALDEIRA SASTRE: success
LUCIANO DE OLIVEIRA CRUZ: success
LUIS ALEXANDRE BORGES: success
LUIZ GUSTAVO DE OLIVEIRA: success
MARCELO DE SOUZA ALVES: success
MARCONDES ALVES RIBEIRO: success
MARCOS AURELIO PEDROSO: success
MARTA REGINA BUENO DA SILVA: success
MATTHEUS PLISKEVISKI GONCALVES: success
MIKAIL MOSS HORODECKI: success
RENATA DE SOUZA BATISTA: success
RICARDO DOS SANTOS: success
ROBERTO MARSAL YAMAKI DE CARVALHO: success
ROBSON LUIS DA SILVA: success
RODRIGO BURGEL: success
RONALDO MEDINA DE OLIVEIRA: success
WESLEY VINICIOS GONCALVES DA SILVA: success
YURI SPONHOLZ: success
