ALESSANDRO MADERS STROHHECKER: success
ALEXSANDRO DE BOM PEREIRA: success
ALMIR PORTES JUNIOR: success
ANDRE MENDES: success
ANTONIO RODRIGUES DE OLIVEIRA: success
CARLA INES BRITO FARIAS: success
DALVA APARECIDA DUARTE KROETZ CIOTTI: success
EDIO VESCOVI: success
EMANUELLE CAROLINA BAGGIO: success
FERNANDO JOSE MARTINS SIMOES: success
GABRIELA MARCON: success
HEBER CESAR MOREIRA GRANDE: success
ITAMAR SANTINO CLAUDINO: success
JAIR DE FARIAS: success
JOARES CARLOS CAVANHOL: success
JULIO SUNE FERREIRA PIRES: success
JURIZ BRUNO RIBEIRO: FAILED - NO EMAIL
KARINA CALEGARI: FAILED - NO EMAIL
LEGISLAU EDUARDO PELETTI: FAILED - NO EMAIL
MAIQUELI JOSEANE ANTONIOLLI: FAILED - NO EMAIL
MARCOS ANTONIO BEATO JUNIOR: FAILED - NO EMAIL
PABLO WILLIAN BOSSE: FAILED - NO EMAIL
RAFAEL MORAES TAVARES: FAILED - NO EMAIL
RAFAEL NUNES MOTA: FAILED - NO EMAIL
RICARDO MORAES FARIA DOS SANTOS: FAILED - NO EMAIL
KARINA CALEGARI: FAILED - NO EMAIL
KARINA CALEGARI: FAILED - NO EMAIL
KARINA CALEGARI: FAILED - NO EMAIL
KARINA CALEGARI: FAILED - NO EMAIL
KARINA CALEGARI: FAILED - NO EMAIL
KARINA CALEGARI: FAILED - NO EMAIL
KARINA CALEGARI: FAILED - NO EMAIL
KARINA CALEGARI: FAILED - NO EMAIL
KARINA CALEGARI: FAILED - NO EMAIL
KARINA CALEGARI: FAILED - NO EMAIL
KARINA CALEGARI: FAILED - NO EMAIL
KARINA CALEGARI: success
LEGISLAU EDUARDO PELETTI: success
MAIQUELI JOSEANE ANTONIOLLI: success
MARCOS ANTONIO BEATO JUNIOR: success
PABLO WILLIAN BOSSE: success
RAFAEL MORAES TAVARES: success
RAFAEL NUNES MOTA: success
RICARDO MORAES FARIA DOS SANTOS: success
ROBERTO LIRA ARAUJO: success
RUDINEI BECKER: success
SCHEILA RUARO: success
TIAGO ROBERTO CIOTTI: success
VANDERLEI CARLOS PICOLOTTO: success
VINICIUS FROEHLICH BRACHT: success
VINICIUS LIMA ZANATTA: success
