ALEXANDRE INDIUKOV NETO: success
ANA PAULA DAGOSTIN: success
CRISTIANE MARIE CRUZ LIMA: success
DENISE LIMA DE ARAUJO: success
DENISE TIEPOLO: success
DIOGO CESAR RIBEIRO: success
EDUARDO JABOUR ANTONINI: success
FELIPE PINHO DE AZEVEDO GAMA: success
FERNANDA GEMIN DE MELLO: success
FLAVIO ADRIANO BALAN: success
GERSON MADLENER DE ALMEIDA: success
HACLISSON AUGUSTO NEIA: success
HENRIQUE KRAMEK JUNIOR: success
JACSON RONEY WAGNER: success
JULIO CESAR PIEGAT: success
LEONARDO PORTILHO SANTANNA: success
LETICIA GABRIEL ROMAGNOLO: success
LUIZ RICARDO VELLOSO RIBEIRO: success
MIZAEL SOUZA DA CRUZ: success
PAOLA FRANCOASE DOS SANTOS VIEIRA DUTRA DA SILVA: success
PATRICIA DO ROCIO SOUZA LIMA: success
PAULO SERGIO MORAIS KLIPPEL: success
RUBENS KELLER FILHO: success
SARITA ACRUCHE NUNES: success
TAMARA ROLOFF ZIMMER FERRARINI: success
VANESSA DOS SANTOS FERREIRA DOURADO: success
VITOR SOARES GOTTARDO: success
