ALDO SILVA NETO: success
ALEXANDRE FERRAZ DE ALMEIDA POMBO: success
ANDRE GUSTAVO DE LARA: success
ARTUR RODRIGUES DA SILVA: success
CICERO CESAR KLAMMER: success
DANIEL NOCERA ZANETTE: success
ED CARLO AVILA: success
GLEISON DE OLIVEIRA GEROMEL: success
GUSTAVO DE PINHO ALVES: success
INISVALDO LOPES FLAUSINO: success
JULIANO DE SOUZA FERNANDES: success
LUIS FELIPE PINTO JOGAIB: success
MARCIO ROBERTO DE LIMA: success
MAURICIO CESAR CANESTRARO: success
PEDRO DE SOUZA LEITE: success
RICARDO GARCIA DE ANDRADE DIAS: success
RONALD AGNER SILVA: success
RONALDO DE ALMEIDA PAVONI: success
SAMUEL RODRIGUES DE LIMA: success
SILVIO ROGERIO CARDOZO NUNES: success
THIAGO ANDRADE DOS SANTOS: success
VAGNER DOS SANTOS MATTOS: success
VALNEI GUEDES LOPES JUNIOR: success
