ADRIANE JENSEN: success
ANA PAULA NICKEL THOMAZINI: success
CAROLINE CASTILHO DE ARAUJO GIANOTTI: success
CICERO DE LIMA SILVA: success
DANIEL ANDRIANI: success
DIOGO RODRIGUES SANTIAGO: success
EDUARDO FERREIRA DE MIRANDA: success
EMANUEL FELICIO VINHAS: success
EMERSON FERREIRA NIFA: success
HASTRIT GREIPEL: success
ISABEL VIESSER: success
JOSE ALBERTO ESPER NICOLETTI: success
JULIANE HONORIO RODRIGUES HOFFMANN: success
JULIANO BEIRAS: success
JULIO CESAR MARINHO: success
LUCAS CUNHA DRINKO: success
LUCIANA CARLA LUCAS FERREIRA: success
MARCELO HIDEO DORIGON NOTOMI: success
MATUSALEM DALLA LANA DA SILVA: FAILED - NO EMAIL
PRISCILA LUCIANA KOSTEKE ROSSA: success
RITA DE CASSIA BETIN: success
ROBERTO RAMIRES PEREIRA: success
RODRIGO ALESSANDRO TAMBOSI: success
TATIANA DE CASTRO DUARTE MACHADO: success
WILLIAN CESAR DE OLIVEIRA: success
