ADRIANO PEREIRA ADURA: success
ANGELO LUIS PEDROSO: success
ARACY LORENZ: success
ARSELI TERESINHA BREMM: success
BEATRIZ XAVIER DE ANDRADE SANVIDO: success
CAMILA CHIES CECCONELLO: success
DARCI LUZIA DA SILVA: success
DENISE VASCONCELLOS AZEVEDO: success
GUSTAVO DOS REIS ROSSI: success
ISABELLE ALVES SOARES BOGUCHEVSKI: success
JOELCIO RIBEIRO DA CRUZ: success
JULIANA NASCIMENTO: success
LEONARDO RIBEIRO DE OLIVEIRA: success
LUCAS MARIANO MENDES: success
LUCIANE DO ROCIO ORTES: success
LUZANA FUMAUX COELHO: success
MADALEINE FERNANDES: success
MARCIO MOREIRA DOS SANTOS: success
MARILENE LIMA CONSTANTINO DE ALMEIDA: success
MAYRA WAGNER PACHECO: success
MELINA SCHENEIDER BASTOS: FAILED
NUBIA MARA DE ALMEIDA BOZA: success
PRISCILA DE FATIMA MARTINS: success
PRISCILA NARDO MARQUES: success
PRISCILA PACHECO: success
RICARDO MARTINS: success
ROBERTA BIZINELLI: success
ROBERTO LUIS KLINGER DE CARVALHO: success
RODRIGO MADEIRA AZAMBUJA: success
ROGERIO BATISTELLA FERRAREZI: success
ROGERIO PUFF: success
ROSANGELA GONCALVES RUAS LUCAS: success
SIMONE DE LORENZO: success
VINICIUS DUTRA GONCALVES: success
