ADRIANO ZULMIRES ELIAS: success
ALCIDES BAIL: success
ALEXANDRE GONCALVES: success
CARLA VALERIA HUERGO: success
CLEVERSON LUIS PINTO DA SILVA: success
DENNYS GUSTAVO AGE: success
EL SANTOS DE FREITAS CAVALCANTI: success
ELIAS LENZ: success
ENIO DE CARVALHO GUIMARAES: success
EVERALDO AKIO SAKATA: success
FRANCKLIN LUZ DE ALMEIDA: success
GUILHERME HENRIQUE TITON HOTZ: success
GUILHERME RANGEL DE MELO ALBERTO: success
HENRIQUE MIQUELISSA DALCOMUNI: success
IGOR FELIPE DE AGUIAR MOURA: success
IVANIR BISSONI ANTONELLI: success
JANAINA MARIANA GARCIA: success
JEFFERSON COOPER FLORIANI: success
JOSE BARRETO DE MACEDO JUNIOR: success
JULIANA CORDEIRO DA SILVA: success
LUIS ALBERTO DA SILVA DEBUS: success
MARCELLO SOARES CEZARIO: success
MARCELO LIMOEIRO: success
MARCELO NOVAES  MONTEIRO: success
MARCOS DE LIMA: success
MARIANA OLEINIK RAMOS: success
MAURICIO TZELIKIS: success
PAULO CESAR CARDOSO BONILHA: success
PEDRO MARCELO SILVEIRA PIRES: success
POLLYANNA NOVAES DE QUEIROZ: success
RENATO ANDRE DE SOUZA: success
RENATO BASILIO MEDVID: success
ROBERTO AUGUSTO PASCHOAL: success
SILVIO ROMERO RODRIGUES CARVALHO: success
SIVANEI DE ALMEIDA GOMES: FAILED - NO EMAIL
TIAGO COUSSEAU: success
VALTER CEISLAK: success
VIRGINIA COMPARSI BRONAUT: success
VLADIMIR LUIS DE OLIVEIRA: success
WAGNER FERREIRA SANTOS: success
