ADRIELE BATISTA DA CRUZ: success
AMANDA MACEDO RIBEIRO: success
ANA CRISTINA MENDES DE OLIVEIRA: success
BRUNA MACEDO AMARAL: success
CAROLINE MANTOVANI: success
CELSO VINICIUS KLOSOSKI: success
CLEVERSON LAUERMANN: success
DANIEL LUIZ UMEBARA: success
DIEGO GRUBBA SCHITKOVSKI: success
EMERSON CARLOS SOBEJEIRO: success
EMMANUEL CONRADO MIMI IGNACIO DA SILVA: success
FABIO REINALDO DOMINGUES DOS SANTOS: success
FLAVIO JOSE CODOGNOTTO: success
GUILHERME ANTONIO DE FREITAS SAPIA: success
HAGGI MICHELETTI ABDUL: success
IRIA CARINA SODRE FRANCO: success
JAIRO ROSA DA COSTA MAGALHAES: success
JULIANO SILVA MANABE: success
KELLY ROCHA COSTA DA SILVA: success
LISERIO GERALDO SENN: success
LUCAS DE FIGUEIREDO MAIA: success
LUCIANO DIAS DE ARAUJO: success
LUCIMAR GOUVEIA SANTANA: success
MANOELITO CARVALHO DOS REIS: success
MARCIA TREVISAN: success
MARCO AURELIO VICENTINI: success
MARIANA CAVALEIRO COSTA MONTORO: success
MATHEUS CANDEO IURK: success
NILMAR GONCALVES STRAPASSON: success
RODRIGO COLOMBELLI: success
RODRIGO ROCHA LOPES: success
ROGERIO SEGATI: success
SANDRA DE SOUZA ALMEIDA: FAILED
SANDRO AMARAL: success
SISARA NASSIF DA SILVA: success
SUELLEN CHAVES BORGES: success
