CARLOS ALBERTO POKES NETO: success
DEDIANE BARBOSA FARIAS: success
EDSON LUIZ DE OLIVEIRA: success
FILIPE FRANCISCO FEDALTO: success
GABRIEL TOTOLA FONTANA: success
GUILHERME FALCAO ZAMBERLAN: success
HERCULANO AUGUSTO DE ABREU: success
HUSSEIN FIGUEIREDO HACHEM: success
JOSE DARCI MACHADO DOS SANTOS: success
JOSE PAULO: success
JOVANIO DE SOUZA: success
LEANDRO DOS SANTOS MACHADO: success
LEONARDO PARAGUASSU ABRANTES LOURIVAL: success
LILIAN DENISE PIMENTEL: success
LUCAS DA SILVA MANEIA: success
MARCELO APARECIDO DE MATOS: success
MARCIO MOREIRA: success
MARIANA COELHO CANTU: success
MARINA LETICIA SETIM: success
MARIZA TORRES DE ALMEIDA: success
PEDRO HENRIQUE SILVA SANTOS: success
RAFAEL CONOR: success
ROBERTO KUBOTA: success
RUI DE ARRUDA: success
TADEU SEMENIUK: success
VICTOR DAHER RODRIGUES DOS SANTOS: success
