ADILSON RICARDO DA SILVA: success
ADRIANO ZULMIRES ELIAS: success
ANTONIO CARLOS ESPINDOLA: success
CARLOS AILTON RODRIGUES SILVA: success
CESAR HENRIQUE NASCIMENTO DOS SANTOS: success
EDMILSON DE VASCONCELOS: success
ELCIO LOPES: success
FABIO SILVA PEREIRA: success
FABRICIO ANTONIO AUDA DE LIMA: success
FERNANDO DE CARVALHO SANT ANA: success
FERNANDO MAURICIO JASINSKI: success
FLAVIA SILVA PEREIRA: success
FRANCISCO JOSE BATISTA DA COSTA: success
LEONARDO MACHADO PINTO: FAILED - NO EMAIL
LUCAS INOCENCIO DOS SANTOS: success
NEUZA VIEIRA DE JESUS: success
RAFAEL CAR CARNEIRO PINTO: success
RAFAEL ISSAO OGINO: success
RAFAELLA CRISTINA MULLER: success
REGINALDO ANTONIO BAIAK: success
REGINALDO CAMPOS: success
RENAN CONSENTINO PERES: success
RODRIGO VRUBEL: success
