ADRIANO RODRIGO GERONAZZO WUICIK: success
ALESSANDRO ROBERTO LUZ: success
ALISSON HENRIQUE ORTES: success
ALLAN DIEGO MACHADO: success
AMANDA BATISTA JUNGER DA SILVA: success
ANTONINHO DOMBROSKI: success
CAMILA FAVERO MENEGASSI: success
CINTHIA GONCALEZ DA SILVA: success
CLOVIS PAULO WASTOWSKI: success
DILSON DOMINGUES DO NASCIMENTO: success
EDUARDO CALIF BATISTA: success
FABRICIO CESAR COCHITO: success
FERNANDO HIZUME BORTOLETTO: success
FERNANDO JOSE FABROWSKI: success
FLAVIUS VINICIUS BATISTA DE ARAUJO: success
GABRIELA OSORIO DE CARVALHO ARRUDA PAUL: success
GIL ROCHA TESSEROLLI: success
IVO VOURVUPULOS VIANA: success
JOAO LUIZ YUTAKA HEIMOSKI: success
JOSE AUGUSTO REIKDAL: success
JOSEMAR DO ROCIO LOPES: success
JUCELINO SILVA DE OLIVEIRA: success
LEONARDO MEDINA GALLEGO: success
MIGUEL MARCELO CESAR STADLER: success
PATRICIA MOELLMANN: success
ROBERVAL JORGE: success
RONALDO LETUAN: success
THAISA GIONGO PEREIRA: success
THIAGO KATSUHIKO MARUMO: success
VINICIUS STIEVANO CARNEIRO: success
