ALEXANDRE MARCELO ZANETTI: success
ANGELA MARIA ILTON ROSENAU: success
CARLA ZANELLATO KRZIZANOWSKI: success
CARLOS ALBERTO DO AMARAL: success
DANIELE DE OLIVEIRA SERIGHELI COSTA: success
DANILO ZARLENGA CRISPIM: success
EDILSON SILVA DIOGO: success
EGON MICHEL CARNEIRO: success
ELIZANGELA RODRIGUES: success
EMERSON ALBERTI: success
FRANCYS LOO SIQUEIRA DO AMARAL: success
HENRIQUE MARCELLO STANKIEVICZ: success
HORMINIO DE PAULA LIMA NETO: success
ISABELLE BEATRIZ ADRIANO MOTTA ALTHEIA: success
ISIDRO RAFAEL ARAUJO PESSOA: success
JOSE VITOR SILVA PINHAO: success
JULIANE SIMAS DE ALBUQUERQUE: success
LAERCIO PAULO RAYSEL BISCAIA: success
LILIAN APARECIDA LIE BORGES KOGA: success
LUIZ RICARDO AMARAL: success
MIGUEL RODRIGUES DA SILVA JUNIOR: success
MOISES AMERICO DE SOUZA NETO: success
NEIVA FRANCISCA CARDIAS: success
NELSON VENANCIO FILHO: success
RAFAELA CORREA LEITE DA SILVA: success
ROVERLEI CORDEIRO DE PAULA: success
THIAGO FREITAS DE MEDEIROS: success
