ANDRESSA HOINATSKI DE ARAUJO: success
ANNA CLARA CARGNIN: success
CASSIANO LOURENCO AUFIERO: success
CLAYTON CLEBER DE PAULA: success
DIEGO LEANDRO DA SILVA PENA: success
EDSON MOISES PAGANI: success
FABIO MARCELO GBUR: success
FERNANDO DE MORAES NEJN: success
JOAO MANOEL LORENCATTO: success
JORGE LUIS LOUREIRO: success
LEANDRO DOS SANTOS BARBOSA: success
LETICIA SOUZA COUTO: success
MARCOS PAULO ANDREICO: success
MAURICIO GRISALT: success
PATRICIA DA CRUZ BISCOLA: success
PAULO NOGUEIRA ARTIGAS: success
PAULO RENATO CALDAS DE ARAUJO: success
RAFAEL VINICIUS DOTAVIANO DE CASTRO VILANI: success
ROSEMARE SARTORI SKIBA: success
VICTOR HUGO AKIO BENASSI UNO: success
