AIRTON RAMOS: success
ALEXANDRE KIRJNER TOSCANI: success
ALINI SIMADON: success
BRUNO BERTAGLIA: success
BRUNO PINHEIRO PEDROSA: success
CAMILA SANTANA DOS REIS: success
CARINA DOS SANTOS RODRIGUES: success
EDILENE MACEDO DE LIMA: success
ESTELA REGINA TEIXEIRA THOMAZ: success
GABRIEL HALLVASS: success
HELENA JIVANA IRRIGARAY STEIN: success
JORGE TRAVASSOS DE ANDRADE: success
KELVIN JUNIOR BRESSAN: success
LEONARDO GUIMARAES: success
MADIRLEI ADELAIDE ORZECHOVSKI: success
MARCOS BARROS DE OLIVEIRA: success
MICHELLI SIDOR: success
PAULA CAROLINE WISNIEWSKI: success
RONALDO BUSSOLO BORGES: success
TAINA LAZARINI OLIVEIRA: success
VANESSA CICHELERO: FAILED
