ALEX MANTOVANI RAMOS: success
AMILCAR JAWAD OMAIRI: success
ANA LIBERA SABADIN CAVALLI WEBER: success
ANTONIO LUIS GEREZ DE AZEVEDO CAMPOS VAZ: success
CARLOS HENRIQUE BEDETI: success
CHRISTIAN CORREIA BARBOSA LEMOS: success
CLAUDINEY STEVANATO: success
CLAUDIO DIAS MOTA: success
CLEIRE JOVANE DE OLIVEIRA BRANCO: success
CLOVIS CARDOSO CARATE JUNIOR: success
DANIELE LEPIESZYNSKI ALVES: success
EDVALDO MARTINEZ PONTES BELASQUE: success
EVANDRO MORANDE BECKER: success
EVELYN COLOMBO BEZ-BATTI: success
FERNANDA GOMES TANFERRE TORRES: success
GERSON FERNANDES DULTRA: success
GUSTAVO HENRIQUE DA SILVA OLIVEIRA: success
GUSTAVO HENRIQUE RODRIGUES ROMERO: success
GUSTAVO JOSE PICANCO BAYER: success
HIDERALDO LUIS COSTA: success
IRIS NEHEMIAS KIEFER SEIXAS: success
JAMYLE NOILTHALENE SADOSKI DE SOUZA: success
JULIANA LEPIESZYNSKI ZEIDAN: success
LEANDRO MARTINS GONCALVES: success
LIVIA AYUMI NAKAYAMA DE SOUZA: success
LUCAS AMERICO MAGRON: success
LUIS CARLOS FERREIRA: success
MARCELO MARTINS: success
MARCIO DOVALIBE: success
MARCOS CHECO VASCONCELOS: success
ORLANDO ERTHAL KEPPEL: success
PAULO ROBERTO MIKIO HEIMOSKI: success
ROBSON VIEIRA WIELGANCZUK: success
SERGIO TEIXEIRA: success
THIAGO ARANDA DE CAMPOS: success
