ADEMIR FRANCISQUINHO: success
BOAVENTURA GOMES NETO: success
BRUNA GEOVANA FAGA TIESSI: success
CLAUDINEI CARMO DA SILVA: success
DAIANA DIAS PINHEIRO: success
DANIEL APARECIDO DOS SANTOS: success
ELCIO PINTO ROQUE: success
EVERSON LUIS DE ANDRADE: success
HARLEY APARECIDO SILVA: success
IGOR MORETTI SENA: success
JOSE RUY LOUREIRO BOTTAS: success
JURACI LUIZA DA SILVA: success
KEYANE ANGELICA HARSHE SILVA: success
MARISA ROSA: success
MICHELE CRISTINA DA SILVA: success
PATRICIA ALVES DE OLIVEIRA: success
REINALDO LEOPOLDO DOS SANTOS: success
ROGERIO CARDOSO SANTANA: success
TARCISIO FERNANDES: success
VILMA JOSIANE DA SILVA: success
ZANIBALDO DELSASSO JUNIOR: FAILED - NO EMAIL
