ADEMIR JOSE MENEGAZZO: success
ALESSANDRO GONCALVES: success
ALVIR RIESEMBERG NETO: success
BRUNO TREVISAN DA MOTTA ROMERO: success
CLAYTON CEZAR GOBETTI: success
DANIEL ALMEIDA DEMARCO: success
DANIEL MOMOSE OGUIURA: success
DANILO BARRETO: success
DIEGO ELIESER ALMEIDA DA SILVA: success
EMERSON PAITER CARDOSO: success
FABIOLA CARLIN BITTENCOURT: success
GABRIELA BRASSAL TIRAPELLE: success
GILBERTO REINALDO MULLER JUNIOR: success
GRACIELLE BORTOLINI AFFONSO: success
HERIC POSSO DA SILVEIRA: success
ISABEL CRISTINA PINTO DE CARVALHO: success
ISAC RAMOS BARRETO: success
JACKSON RENATO DA SILVA: success
JOAO ALBERTO DE OLIVEIRA: success
LEANDRO MORAES DA CUNHA LAGE: success
MARCELO BARBOSA RIBAS: success
PAULO ALVES DE OLIVEIRA: success
ROBSON DA FONSECA CARNEIRO: success
TIAGO AUGUSTO WOLKER: success
VALDECIR MARTINS: success
VOLNEI RODRIGUES APPEL: success
WESLLEY MULLER DA LUZ: success
WILIAM CLAITON GOMES DA SILVA: success
