ADRIANO ANTONIO MROCZEK: success
ALEXANDRE CANETTE KLUG: success
ALEXANDRS PIRES: success
ALFRANIO ANGELO WASCOSKI: success
ANTONIO MARIA CLARETI DA SILVA: success
ANTONIO VAMBERTO DA SILVA: success
CEZAR RICARDO CAETANO: success
DAVID TSUYOSHI HIRAMATSU DE CASTRO: success
DIONE BARCHAKI: success
DOUGLAS FERREIRA DOS SANTOS: success
EDUARDA WINTER THIER: success
EDUARDO MACHADO DE OLIVEIRA: success
EDUARDO TOSTA SEIXAS JUNIOR: success
EMIR DA SILVEIRA: success
EVERTON AUGUSTO DE MORAES LINO: success
FERNANDO KUGNHARSKI: success
GUILHERME EDUARDO DONDE: success
ITALO BIANCARDI NETO: success
LUCIANA ALBUQUERQUE DA SILVA: success
MARCOS ROBERTO FELIPE: success
NORMA BEATRIZ WATERKEMPER VOLPATO: success
PAULO GUSTAVO FARCHI: success
RENATO VIDAL ALVES JUNIOR: success
ROBERTO NUNES DE OLIVEIRA: success
ROBISON DE CASTRO: success
ROBSON PAES: success
RODRIGO AUGUSTO PODEGURSKI: success
SIMONE ARAUJO SANTANA: success
THIAGO BORGES LEAL MENDES: success
VALDECIR BOTEGA NEVES: success
WANDERLEI PONCIO: success
