ALEXANDRE DE OLIVEIRA RIBEIRO: success
CESAR AUGUSTO GASPARI: success
DANIEL HAMILTON REIS DE LIMA: success
DIMITRI AMARAL CAMAROSKI: success
ELCIO LUIZ KOVALHUK: success
FABIO NUNES PIOVENSAN: success
FELIPE CARVALHO DE LIMA: success
FERNANDO ANCAI: success
FRANCELISE ZONATTO: success
JEFFERSON ARANHA DOS SANTOS: success
LORAINE SPAK: success
LUCIANO FREIRE FIALHO: success
LUIZ FERNANDO TEODOROSKI BIAGINI: success
LUIZ MAURICIO LOBO GUERREIRO: success
MARCO ANTONIO DE GOES ALVES: success
MARCOS MARCELO WATZKO: success
MAURICIO ANDERSON PINATTI: success
MOZART EMERSON PODGURSKI: success
PLATAO RIBEIRO DOS SANTOS: success
RAFAEL HENRIQUE KERKHOFF DE SOUZA: success
RAFAEL WANDERLEY CAMARA: success
SAMIRA DANIELE LUBE: success
SUELEN DE CASSIA SILVA: success
TALITA FERNANDA BRESOLIN ROTA DA COSTA: success
THIAGO FERNANDO MINELLA RIBEIRO: success
VERA LUCIA RODRIGUES DENES: success
VIVIAN MURRAY DA ROCHA LOURES: success
