ALEXANDRE BONZATTO: success
ANTONIO PEREIRA LOPES: success
CARLA DE CASSIA SOARES GONCALVES: success
EDSON LUIZ DOS SANTOS: success
FABIO TADEU DAMBROS: success
FERNANDO FRANKLIM MARQUES DE CAMPOS: success
GLAUCIO ZBONIK: success
JEAN MEINHARDT: success
JOSE CARLOS GONCALVES DIAS: success
JOSE XAVIER SILVA FILHO: success
LUCIO DA SILVEIRA SOARES BARBEIRO: success
MANOEL PEDRO MARTINS DE CASTRO: success
MARCIO MENDES: success
MARCIO OSNI KAROLAK: success
NILSON CARLOS DE FREITAS: success
QUEDEMA SORAIA ALVES PEIXOTO: success
SANDRO ELOI DE SOUZA HIURA: success
TATHIANA CARLA HONORATO: success
THAIS YUKIKO QUEIROZ FUKUDA: success
VANESSA ALVES DE OLIVEIRA: success
