ADEIR SIMIONI FLORES: success
ALFREDO DIB JUNIOR: success
ALINE DE CASTRO AOTO: success
AMANDA BIRELLO MONARI: success
ANDERSON ANGELO NAVES PRODOSCIMO: success
ANGELA RODRIGUES DO NASCIMENTO: success
BRUNO COELHO DE AZEVEDO: success
CHARLES FABIANO FLORES: success
DANIEL FERNANDO MARIANO PRADO DE OLIVEIRA: success
EDMILSON PEREIRA: success
EDUARDO CEZAR SANTOS: success
FABIO BELEM: success
FABIO ZUCON: success
ITAMAR STRADIOTO: success
ITIRO HASHITANI: success
JULIANO CESAR DE OLIVEIRA FAUST: success
LUIZ MULLER JUNIOR: success
MAGDA MARINA FERREIRA HOFSTAETTER: success
MARCELO VALTER NIKKEL: success
MARCOS JOSE SANTOS DE SOUZA: success
MARCUS BARBOSA ANDRADE: success
MATEUS HENRIQUE CUNHA DE FARIA: success
PAULINA MANOELA FERREIRA DE MELLO DE SOUZA: success
RAFAELA MAZUR BIZI PASSOS DE FREITAS: success
RODRIGO DA SILVA KOZIEVITCH: success
RONEY JOSE ALBERTI: success
RUBENS DE SOUZA LEAL FILHO: success
RUBIA MEY DE SAMPAIO STENZEL: success
SAULO FIDELIS: success
WAGNER DE OLIVEIRA DA SILVA: success
