ANA RAFAELA BARCIK DE ARAUJO: success
ANDERLEI LEANDRO: success
ANDRE BATISTA LUIZ: success
BRUNO SOGABE NAKAGAWA: success
CARLA GOMES DE MELLO: success
CASSIANE ONEIDA MARTINS VIEIRA DE SOUZA: success
CESAR AUGUSTO DA COSTA GALVAO: success
CLAUDIO MARCIO SILVA: FAILED
CLAUDIO MARCIO SILVA: success
DANIEL ESTEVES DIAS: success
DENISE DAYANE MATHIAS RODRIGUES MARTIN MARTINES: success
EDGARD HILDEBRAND SORIANI: success
EDVALDO APARECIDO ROMANO: success
ELAINE APARECIDA RIBEIRO: success
ELISABETE NUNES DOS SANTOS BILK: success
ENEIAS ANTONIO BASILIO: success
EVER SANDRO GONCALVES: success
FABIO YOSHIHIRO ENDO: success
FABRICIO SOARES MONTE BLANCO: success
FERNANDO AMARANTINO RIBEIRO GONCALVES AMORIM: success
FERNANDO CEZAR DA SILVA: success
FLAUBERT SEMPREBOM: success
FRANCIELI DORO DA SILVA: success
GELSON JOSE CASAGRANDE: success
GUSTAVO KEMMER TSUJIGUCHI: success
JONAS GUIMARAES CEZAR: success
KELLY CRISTINA ROCHA AZARIAS BRASIL: success
KENEDY DE BRITO: success
LUCAS GEDEAO JUK BENKE: success
MARIANA RESENDE SANZOVO SOGABE: success
MODESTO PEREIRA DE OLIVEIRA: success
PATRICIA MINAMIHARA MANOCHIO: success
PRISCILLA SEVERINO ILKIU: success
RICARDO FERNANDO BONI: success
RINALDO PIROLO DEZOTTI: success
ROGERIO PRIETO CAMPI: success
TALITA LAIANE CARDOZO CEZAR: success
THIAGO VICENTINI DE OLIVEIRA: success
VANESSA RIBEIRO MARTINS EL KADRI: success
WAGNER MASSARU KIMURA: success
