ACHER DE SOUZA: success
ALEXANDER PERIN PIMENTA: success
ANDREA SCHIAVO: success
BRUNA MAIRA ROCHA ALMEIDA COELHO: success
CARLA BONTORIN: success
CASSIANA GABOARDI RAMOS: success
CLAUDIO VERLE: success
CLEBER MARCELO BOCCHI: success
DESYREE GORTE BATISTA CHERATZKI: success
DUCCIO ALFREDO MATUELLA: success
EDMAR LAZARIN: success
EDMILSON SEGUNDA: success
ELLEN VICTER MOCO MARTINS: success
EMERSON ANTONIO FELIX: success
FELIPE ROSSETIN FURTADO: success
GUSTAVO IMAMURA XAVIER: success
IOLANDA DA SILVA: success
JANILSON PACHE MOREIRA: success
JOHNNY EVERTON BARBOSA BUENO: success
JULIANA VILLELA DE BARROS PEREIRA: success
KARINA DE FATIMA ANDRADE: success
KAROL KASUKO ARAKE FRAGOSO: success
KATIA DIAS MARTINS: success
LUIZ RENATO BLANCHET: success
MARCELO BARBOSA GALVAO: success
MARCIO TEXEIRA: success
MARCOS MAURICIO PESTANO: success
MILENE ALVES PACHECO DE RAMOS: success
NEUZELI GONCALVES: success
NOELI ERTHAL DA SILVA FERNANDES: success
OSIAS DOS SANTOS IENZEN: success
PAULO SERGIO SINOTTI: success
RAFAEL SANTOS DE LUCA: success
RAFAEL SCHUCK ANTUNES: success
RICARDO JOSE DA SILVA SOUZA: success
RICARDO SOLOTORIW: success
ROBERTO ALMEIDA KARPINSKI JUNIOR: success
ROBERTO PEREIRA ROCHA: success
