ADERLON ESTEVES ALVES PEREIRA: success
ALEXANDRE GERALDI DA ROSA: success
ALLAN SIMAS DE ALBUQUERQUE: success
ANDRE GUSTAVO FELTES: success
ANDRESSA MENINE MANN: success
BRUNO BARROS CUNHA: success
DANIEL HENRIQUE DE SOUZA: success
DIEGO BRAVO DO NASCIMENTO: success
EDGARD PINTO DE CARVALHO JUNIOR: success
EDSON LUIZ LEMES FRANCO: success
FABRICIO EMMERICK DE SOUZA MENDONCA: success
FERNANDO ERNANDES MARTINS: FAILED - NO EMAIL
FERNANDO GONCALVES SANTOS: success
JEAN CARLO HECK MELLO: success
JULIANO BRUNO RODRIGUES: success
JULIANO IZUKA TUNOUTI: success
LEANDRO DEL SANTO: success
LUIZ SIDENES SCHMIDT: success
MANOEL CARLOS MENDES DA SILVA JUNIOR: success
MARCELO BRAGA LACERDA FILHO: success
MAURICIO BONATTO GUIMARAES: success
MAURO ARAUJO BRANDAO FILHO: success
MICHEL ALEXANDRE MESQUITA TAVARES: success
PAULO RENATO LOPES: success
RODRIGO ZANONI: success
THIAGO GRAFFETE LEMBERG: success
WILKINSON FABIANO OLIVEIRA DE ARRUDA: success
