ADAILTON JOAQUIM CANDIDO: success
ALLAN CHRISTIAN HECKERT: success
ANA CRISTINA FERREIRA SILVA: success
ANA PAULA PEREIRA RAMOS: success
ANTONIO GIOVANNI DE OLIVEIRA ALMEIDA NETO: success
CARLOS HENRIQUE NONATO NOBRE: success
CLEVERSON RIBAS BIANCHINI: success
EDSON LUIZ REZENDE: success
FABIO DE OLIVEIRA DA SILVA: success
FELIPE SILVA DE SOUZA: success
GILNEI HARTLEBEN DIEL: success
GIULIANO COSCIA RICCI: success
IGOR FELIPE RODRIGUES DE CARVALHO: success
IVAN CARVALHO RODRIGUES DE ALMEIDA: success
MAURICIO NYDZA DA SILVA: success
PEDRO HENRIQUE DE SOUZA ALVES: success
RAFAEL JAMUR CONTIN: success
SAMUEL MELO DUTRA: success
SILVIO HERNANI QUOOS: success
THIAGO VICELLI CIDRAL DA COSTA: success
VANESSA DE SANCTIS NEUMANN: success
VICTOR LOUREIRO MATTAR ASSAD: success
