ABIB CALIXTO NETO: success
ADEMAR SCHONS: success
ADRIANA CASTELLO BRANCO MANZOCHI: success
ALAIR LIDIA DA COSTA: success
ALVARO BASTOS: success
AMANDA DE MORAES FREITAS MEGURO: success
AMAURI KAMINSKI JUNIOR: success
ANDRE APARECIDO DE SOUZA: success
ANDREIA STALL: success
APARECIDA SILVESTRE PINTO: success
ARTHUR ATOLINI: success
DANIELLE ALESSANDRA ADAO TODESCO: success
EMERSON AYRES RIBAS: success
FABIO ROBERTO LEITORLES: success
JEFFHERSON SEREJO FREIRE DA SILVA: success
JEYSON JOBIM CORREA LEMES: success
JOANNIS FRANCISCO COSTA LERIAS: success
JONATHA ARUS CUNHA: success
LUIZ CARLOS ROGELIO GONCALEZ: success
MARA AQUINO DE JESUS: success
MARCUS DOMICIUS CLAUDIUS VARELA CAVALCANTI: success
NATANIEL EVANGELISTA MARQUES: success
ROBERTO CARLOS ALVES DE SOUZA: success
SERGIO ROBERTO OSISKI: success
ULISSES CRISTIANO TEIXEIRA: success
VALMIR SOCCIO: success
