ALEXSANDRO CESAR RODRIGUES: success
ANDRE ROBERTO DE PAIVA ALBINO: success
ANDRESSA GABRIELA VIEIRA DA SILVA: success
ARIADNE MARIA HUBER: success
CLAUDEMIR ANTONIO FIM: success
DAINER TUSSOLINI CARNEIRO: success
FABIANA EVELYN BATISTA: success
FABRICIO ANDRE SOUZA MEYER: success
FLAVIO HENRIQUE DIAS AMARANTE: success
GRAZIELA CARLA MENEZES JORGE: success
GUSTAVO FERNANDES LOPES: success
HENRIQUE NOBUAKI SUZUKI: success
HIPOLITO MATOS JUNIOR: success
HUMBERTO SOARES DE OLIVEIRA JUNIOR: success
JAMUR JUSTUS MARTIN: success
JENIFER EHLKE DA SILVA: success
JOAO CARLOS AMARO BISNETO: success
JOSE CARLOS COLACO: success
JUDITH BOGUCHEVSKI IVNUK: success
LAIS SALOMAO: success
