ADELAR LUIZ SEZERIO: success
AMARILDO DEFANTE: success
ANA PAULA ROSSI RATHIER: success
ANDERSON ANDREI GROSSO: success
ANDERSON CLAITON MASQUIO BUSATTO: success
ARAKYM FALCAO DE LARA: success
CARLOS ALBERTO DE BARROS: success
CAROLINA BROCARDO DE LEON: success
CLELIA BAZI: success
DARLAN GONCALVES PADILHA: success
DEBORA SCHUSTER: success
DOUGLAS FABRICIO DALLAZEM DE FARIAS: success
EDER ALVES DE OLIVEIRA: success
ELAIR JOSE UTZIG: success
EVANDRO BERNARDI VONSCHARTEN: success
FERNANDO HENRIQUE FOLLMANN: success
FERNANDO JOSE STEIMBACH: success
GIOVANA CATANEO MARTINS: success
HELENO PASTORINI: success
JOAO MARCOS DE SOUZA MARTINS: success
JOSE PACHECO DA SILVA JUNIOR: success
LEANDRO LUIZ MULLER: success
LUCAS PINTO ARRUDA GONCALVES DE FARIA: success
MARIANA SAMANTA DA CRUZ FERREIRA: success
MODOALDO ALVES DE OLIVEIRA: success
NATALIA FAGUNDES MORARI: success
NILSON FERREIRA LOPES: success
PAULO CEZAR STERCHILLE: success
RODRIGO ALVES LOPES: success
ROMULO CONTIN VENTRELLA: success
TATIANE FACHINI: success
THIAGO QUIRINO ANTUNES DA SILVA: success
VALDECIR DILMAR BALZAN: success
