ADRIANO MACHADO: success
ALESSANDRA FARIA DA ROCHA PACHELLI: success
ALESSANDRO BEOLCHI: success
ALEXANDRE MACORIN DE LIMA: success
AMAURI CEZAR MESTRINER: success
ANA CRIS SOUZA DE OLIVEIRA: success
ANNE LOUISE DANTAS DE OLIVEIRA: success
ANTONIO DA COSTA FILHO: success
ANTONIO LAECIO SOUSA RODRIGUES: success
CRISTIANE DE FATIMA BARCELOS: success
CRISTIANE RIBEIRO: success
DIEGO SANCHES CANDIDO: success
EDISON EIDI KIHARA: success
FABIO FRANCISCO NUNES: success
GERSON MIOTTO JUNIOR: success
IZILDA FERNANDES FIGUEIREDO: success
JEFFERSON ED ELOY JUNIOR: success
KATIUSCIA MARMOL RIFFEL: success
LUCIANO BERKENBROCK: success
MARCELO VINICIUS DE LIMA GUINOT: success
MARCIANO ROBERTO CERBARRO: success
PAULO EDUARDO PRAMIU: success
PAULO RICARDO CUTRIM MACHADO FERREIRA: success
PEDRO LUCENA: success
RODRIGO JONES HECH: success
RONALDO PEREIRA DA LUZ: success
SUELLEN ANDRESSA PAGNO: success
TULIO FERNANDO CAVALCANTI DE ALMEIDA: success
VALDENISIO HOFFMANN: success
WILLIAN STEDILE STALMANN: success
