ALESSANDRO LAURENTINO DA SILVA: success
ANDRE RODOLFO GIL TENERELI: success
BIANCA GARCIA NERI: success
BRUNO GRECO BRANT DA COSTA RIBEIRO: success
CARLOS DE OLIVEIRA DA VELHA NETTO: success
DANIEL CHEKE DA ROSA: success
EDMILSON DUARTE ROCHA: success
EDSON APARECIDO PROSDOSSIMO: success
ELBE UEBER CASTRO BINO: success
ENILCE GROSSKOPF DAVET: success
ERIKA AZEVEDO SANCHES: success
GEIZA ANTUNES SANTANA: success
JACQUELINE DAL COMUNE KLIPPEL: success
LEONARDO SKOREK: success
MARCUS VINICIUS CASTANHEIRA: success
NIELSON DE OLIVEIRA: success
PAULO ROBERTO DA SILVA MOREIRA: success
RICARDO TEIXEIRA CASANOVA: success
RONALD BURITY VERRI FILHO: success
SANDRA ANGELICO NUNES BALDISSERA: success
SHEILA DA ROCHA FERREIRA: success
TALITA CANCELIER GASPAR: success
WALTENCIR BRITO FERREIRA: success
