ABILIO SANTOS DA CRUZ: success
ADRIANE APARECIDA BLANSKI: success
ADRIANO JOSE DA ROSA: success
ALEXANDRE VIEIRA RABELO: success
ANANIAS RODRIGUES: success
ANDRESSA CAMILA MEIRA BUSS: success
ANGELO CLAUDEMIR SIMOES: success
ANSELMO MAZUR: success
CAROLINE VALLE BUENO: success
DIJEAN DANILO VIEIRA: success
EDERSON LUIZ DOS SANTOS: success
ELLY ASTRID VEDAM: success
FABIO RASMUSSEN CALIXTO: success
GUILHERME GRUBER: success
HULAN MACHADO VALENTE: success
JUAREZ MENDES DE SOUSA FILHO: success
JULIANA ESTRUGIAKI DOS SANTOS: success
KAREN ANNIE SILVA BRANCO DE PAULA: success
KELLY ISABEL RODRIGUES DE PAULA: success
LUIZ RONALDO APNO: success
MARCOS DE OLIVEIRA: success
MATEUS HOHMANN NOVOCHADLO: success
PATRICIA GROSS COSTA: success
PAULO HENRIQUE CARNEIRO: success
PAULO ROBERTO GOMES: success
RODRIGO GARCIA KOLODZEJEZYK: success
ROSANE DE MELO CAMPANHARO: success
SILVIA MARIA FERREIRA: success
SUZANA DA SILVA KINGESKI: success
SUZANA EDY AMATNECKS MARAVIESKI: success
VANESSA SPONHOLZ NEIVERTH: success
