ANDERSON LUIS BRUMATO: success
ANDREA MATZENBACHER: success
ANTONIO ELIZEU LIMA SANTOS: success
BERNARDETE ALTENHOFEN DA ROSA: success
BRENO MACHADO DE PAULA: success
CLAUDEN WILLIAM MARTINS: success
DIOGO ALBINO BENOSKI: success
ELIO VANDERLEI NINOV: success
EVANDRO SPONCHIADO BARRETA: success
FERNANDO BENELLI: success
GIANA MOSCALESKI: success
JOSIANE APARECIDA RODRIGUES: success
JULIANO RIBOLI: success
MARCOS ROBERTO DE SIQUEIRA: success
NILMAR MANFRIN DA SILVA: success
PEDRO CESAR DE BERREDO BULCAO: success
REGINA APARECIDA PAIM: success
ROBERTO AMARAL DO AMARAL: success
ROQUE MAURA DA SILVA: success
SANDRONEY PEREIRA VARELA: success
SARAH ADRIANA MATOS BORTOLUZ: success
SIMONE GUERRA: success
TALITA BATASSINI: success
