ADONES SALES: success
ANDRE SEVERO FERRAZ: success
ANELYSE ARAUJO EPPINGER: success
CAROLINA LEONE: success
CELSO SCHROEDER OSTROVSKI JUNIOR: success
CLAUDIA MARTINS DE SOUZA: success
EDISON LUIZ CAVALHEIRO MENDES: success
EDSON LUIZ FACCHI: success
FABIANO NOGUEIRA: success
GERSON LUIZ CZAIKOWSKI: success
GIAMPAOLO COSTA: success
GRAZIELI ANA PAULA SCHMITZ: success
JESSICA ENNES GONCALVES: success
KAREN GIANE BORGES: FAILED
LEILA APARECIDA ANTUNES CAMARA THIES: success
LUIZ ALBERTO GOMES PIRES: success
LUIZ HENRIQUE SANGUINI: success
MARCOS AURELIO TISONI: success
MARCOS TODISCO SILVEIRA: success
MARCUS YUTAKA YOSHIMOTO: success
MARIA ANDREIA DE OLIVEIRA PINTO: success
MILTON YUKIO SUSAKI: success
RAFAEL LUCAS PIRES: success
REINALDO BAKARJI NAKASHOJI: success
RICARDO MARTINS: success
SIDNEI BELIZARIO DE MELO: FAILED
TATIANA FEIO DE LEMOS GERHARD: success
THIAGO HENRIQUE SCHLOTTAG: success
VERA LUCIA RODRIGUES GAIA PALUDZYSZYN: success
WELLINGTON JOSE DUTRA NUNES: success
