ALAN GRUBA BARBOSA: success
ALISSON SANTOS SANTANA: success
ANDRESSA MICHELLI HERNANDES SANTOS: success
BRUNO MARIANO E SILVA: success
BRUNO THIAGO VANDRESEN: success
EMMANOEL ASCHIDAMINI DAVID: success
FABIO DE JESUS DA COSTA MELLO: success
GABRIEL SANTOS LORENZI: success
GALMIRETE EGIDIO DA SILVA: success
GERSON FAUSTINO ROSA: success
GUILHERME MAURICIO WALL FAGUNDES: success
HELIO KENNEDY GONCALVES VARGAS: success
JACQUELINE FERNANDA FACCHI: success
JESUEL DE OLIVEIRA LEAL: success
JOAO PAULO CORREA PINHEIRO: FAILED
LUCINEIDE DO NASCIMENTO MARCHIORO: FAILED
LUIS HENRIQUE DE OLIVEIRA DOMINGUES: success
MARCELO MAGALHAES PEREIRA: success
MARCO ROBERTO ALVES DOS REIS: success
MARCOS CESAR DOS SANTOS: success
MARCOS LEANDRO SANTOS MOURA: success
MONICA GOMES BOECHAT: success
OSMAR FRANCO DOS SANTOS: success
PAULO HENRIQUE CRIVELLARO FERREIRA: success
RAFAEL FERREIRA DA SILVA: success
RAFAEL SOUZA CRUZ: success
RAPHAELA SCHMIDT DYBAS: success
RODRIGO BRAGA MICHON: success
SERGIO KLAAR DE CAMPOS JUNIOR: success
VANESSA CRISTINA DE LIMA E SILVA: success
