ADRIANO LUIZ KAORU MICHIYORI: success
ALISON BENHUR WUNSCH: success
AMANDA VIANA DE SOUZA: success
ANTONIO CARLOS SARTER: success
ANTONIO ESTEVAM DA SILVA: success
ARNALDO BORGES BONINI FILHO: success
CHARLES FRIEDRICH: success
CLAUDIO ROBERTO FARIA JUNIOR: success
DANIELLE BARBOSA DE ARAUJO: success
DOUGLAS BORTOLETO ORBEN: success
EDMILSON AMBROSIO DOS SANTOS: success
EVANDRO LUIZ ZOTTIS: success
EVERALDO QUEMELO: success
FABIO CHRYSTOPHER FREIRE QUIRINO: success
FELIPE AZEVEDO BARRETO: success
GILSON ANDRE GIRON: success
GUILHERME AMARIO HENSEL: success
JACKSON ANTONIO LONGEN: success
JACSON DALPRA: success
JEAN GUSTAVO GONCALVES: success
JOAO DORNELLES DINIZ PAES NETO: success
JOSEMAR MELCHIOR: success
LUIZ RENATO BRAGIATO: success
MARCELO PILGER: success
MARCOS KARNOSKI: success
NAIARA MARIELI GALIETTI: success
OSCAR COTRIM RIBEIRO NETO: success
OSMAR GARCIA MONTANHA JUNIOR: success
OTAVIO LOURENCO ODELLI: success
RODRIGO BAPTISTA SANTOS: success
RONALD CLAUDINO DA SILVA: success
RONALDO FERREIRA DE SOUZA: success
ROSALINO GONCALVES KLATCZAK: success
ROSILDA MAXIMINO DOS SANTOS: success
THALITA THOMAZINI VICENTE FAJARDO ROSSETTO: success
THEMIS REGINA KANNEMBERGER: success
VALDER JACKSON ANDRADE REIS: success
