ALAN DE ARAUJO BEVERVANCO: success
ALESON PINHEIRO DA SILVA: success
ANDRE LUIZ DUARTE CANCADO: FAILED - NO EMAIL
BENEDITO RODRIGUES DOS SANTOS: FAILED - NO EMAIL
BRUNO CASADEI DA MOTA: FAILED - NO EMAIL
CESAR DE JESUS HOLUB: FAILED - NO EMAIL
CINTIA DARLI DE SOUZA GOULART: FAILED - NO EMAIL
CLAUDIO SALDANHA: FAILED - NO EMAIL
CRISTIANE GAGINE MARI: FAILED - NO EMAIL
DARCI SEVERINO DE OLIVEIRA: FAILED - NO EMAIL
EDUARDO KRUGER COSTA: FAILED - NO EMAIL
ERASMO TADEU SARU KWIATKOWSKI: FAILED - NO EMAIL
FABIANO RODRIGO MACHADO MARTINI: FAILED - NO EMAIL
FELIPE GONCALVES MARTINS: FAILED - NO EMAIL
FERNANDO STANULA HAMMERSCHIMIDT: FAILED - NO EMAIL
GRACIANE CELESTE BERTO MESQUITA: FAILED - NO EMAIL
GUANDELIM PEDRO CRAVEIRO: FAILED - NO EMAIL
ILSON FERNANDES PEREIRA: FAILED - NO EMAIL
JACI JOSE COSTA: FAILED - NO EMAIL
JOSE PAULO PINHEIRO JUNIOR: FAILED - NO EMAIL
JUCEMAR DA SILVA NECO: FAILED - NO EMAIL
JULIO CESAR LEITE: FAILED - NO EMAIL
LEONARDO BUENO CARNEIRO: FAILED - NO EMAIL
LUCIANO SOTOMAIOR EHLKE: FAILED - NO EMAIL
LUIS OTAVIO DE PAULA E SILVA: FAILED - NO EMAIL
MARLI ALVAREZ NAKAMURA: FAILED - NO EMAIL
MAXIMILIANO ADOLFO QUIRINO COSTA: FAILED - NO EMAIL
RAFAEL HINCA: FAILED - NO EMAIL
SERGIO BECHER MORAES: FAILED - NO EMAIL
TIAGO JOSE WLADYKA: FAILED - NO EMAIL
VINICIUS ROBERTO NASCIMENTO VARGAS: FAILED - NO EMAIL
YGOR OLANDOSKI DE CARVALHO: FAILED - NO EMAIL
ALAN DE ARAUJO BEVERVANCO: success
ALESON PINHEIRO DA SILVA: success
ANDRE LUIZ DUARTE CANCADO: FAILED - NO EMAIL
BENEDITO RODRIGUES DOS SANTOS: FAILED - NO EMAIL
BRUNO CASADEI DA MOTA: FAILED - NO EMAIL
CESAR DE JESUS HOLUB: FAILED - NO EMAIL
CINTIA DARLI DE SOUZA GOULART: FAILED - NO EMAIL
CLAUDIO SALDANHA: FAILED - NO EMAIL
CRISTIANE GAGINE MARI: FAILED - NO EMAIL
DARCI SEVERINO DE OLIVEIRA: FAILED - NO EMAIL
EDUARDO KRUGER COSTA: FAILED - NO EMAIL
ERASMO TADEU SARU KWIATKOWSKI: FAILED - NO EMAIL
FABIANO RODRIGO MACHADO MARTINI: FAILED - NO EMAIL
FELIPE GONCALVES MARTINS: FAILED - NO EMAIL
FERNANDO STANULA HAMMERSCHIMIDT: FAILED - NO EMAIL
GRACIANE CELESTE BERTO MESQUITA: FAILED - NO EMAIL
GUANDELIM PEDRO CRAVEIRO: FAILED - NO EMAIL
ILSON FERNANDES PEREIRA: FAILED - NO EMAIL
JACI JOSE COSTA: FAILED - NO EMAIL
JOSE PAULO PINHEIRO JUNIOR: FAILED - NO EMAIL
JUCEMAR DA SILVA NECO: FAILED - NO EMAIL
JULIO CESAR LEITE: FAILED - NO EMAIL
LEONARDO BUENO CARNEIRO: FAILED - NO EMAIL
LUCIANO SOTOMAIOR EHLKE: FAILED - NO EMAIL
LUIS OTAVIO DE PAULA E SILVA: FAILED - NO EMAIL
MARLI ALVAREZ NAKAMURA: FAILED - NO EMAIL
MAXIMILIANO ADOLFO QUIRINO COSTA: FAILED - NO EMAIL
RAFAEL HINCA: FAILED - NO EMAIL
SERGIO BECHER MORAES: FAILED - NO EMAIL
TIAGO JOSE WLADYKA: FAILED - NO EMAIL
VINICIUS ROBERTO NASCIMENTO VARGAS: FAILED - NO EMAIL
YGOR OLANDOSKI DE CARVALHO: FAILED - NO EMAIL
ALAN DE ARAUJO BEVERVANCO: success
ALESON PINHEIRO DA SILVA: success
ANDRE LUIZ DUARTE CANCADO: success
BENEDITO RODRIGUES DOS SANTOS: success
BRUNO CASADEI DA MOTA: success
CESAR DE JESUS HOLUB: success
CINTIA DARLI DE SOUZA GOULART: success
CLAUDIO SALDANHA: success
CRISTIANE GAGINE MARI: success
DARCI SEVERINO DE OLIVEIRA: success
EDUARDO KRUGER COSTA: success
ERASMO TADEU SARU KWIATKOWSKI: success
FABIANO RODRIGO MACHADO MARTINI: success
FELIPE GONCALVES MARTINS: success
FERNANDO STANULA HAMMERSCHIMIDT: success
GRACIANE CELESTE BERTO MESQUITA: success
GUANDELIM PEDRO CRAVEIRO: success
ILSON FERNANDES PEREIRA: success
JACI JOSE COSTA: FAILED - NO EMAIL
JOSE PAULO PINHEIRO JUNIOR: success
JUCEMAR DA SILVA NECO: success
JULIO CESAR LEITE: success
LEONARDO BUENO CARNEIRO: success
LUCIANO SOTOMAIOR EHLKE: success
LUIS OTAVIO DE PAULA E SILVA: success
MARLI ALVAREZ NAKAMURA: success
MAXIMILIANO ADOLFO QUIRINO COSTA: success
RAFAEL HINCA: success
SERGIO BECHER MORAES: success
TIAGO JOSE WLADYKA: success
VINICIUS ROBERTO NASCIMENTO VARGAS: success
YGOR OLANDOSKI DE CARVALHO: success
