AIRTON RAMOS: success
ANA PAOLA KIM SARAVIA: success
ARION NAGNIBEDA SILVA: success
BEATRIZ XAVIER DE ANDRADE SANVIDO: success
CAROLINE DE ALMEIDA RUELA: success
CINTHIA GONCALEZ DA SILVA: success
DIOLANDO ESTRELA: success
ELIETE APARECIDA KOVALHUK: success
EMMILY DOS SANTOS MACHADO FERRARI: success
EVERALDO AKIO SAKATA: success
FABIANO SCHENKEL DE OLIVEIRA: success
FERNANDA ANTONIO PERAO: success
GABRIEL VIEIRA THOME: success
GUSTAVO PONTES ARMELLINI: success
JONATHA ARUS CUNHA: success
JUAREZ MENDES DE SOUSA FILHO: success
KARINA SANTOS MAZIA: success
KELY CRISTINA VIEIRA DE LIMA: success
LAIS CORDEIRO: success
LAURA GRAZIELE ZANINI: success
LINDOM JOHONSON DIAS VIDAL JUNIOR: success
MARCOS RODRIGO GUARNERI: success
MARIO HENRIQUE ANUNCIACAO LEMOS: success
MIKAIL MOSS HORODECKI: success
NORMA BEATRIZ WATERKEMPER VOLPATO: success
PAOLA GRAEBIN JUMES: success
PEDRO DINI NETO: success
PEDRO HENRIQUE SILVA SANTOS: success
RODOLFO VIEIRA NANES: success
RODRIGO NAZARENO DE CAETANO: success
ROGERIO PUFF: success
SAMIA CRISTINA COSER: success
THIAGO HENRIQUE SCHLOTTAG: success
VICTOR BRUNO DA SILVA MENEZES: success
