ALINE RIBEIRO DE CALDAS: success
ANDRE BATISTA LUIZ: success
ANDRE RICARDO MAREZE: success
APARECIDO PINTO DA SILVA: success
BARBARA LAINO DE OLIVEIRA AKAISHI: success
BRUNO BARROS DA SILVA: success
BRUNO SOGABE NAKAGAWA: success
CLAYTON ANTONIO DA SILVA: success
DAUANA RUCHKABER FERREIRA: success
DENILSON BORSATO: success
DENISE DAYANE MATHIAS RODRIGUES MARTIN MARTINES: success
DEVANI ANTUNES DA SILVA: success
ERENICE APARECIDA BAGNOLLI BORSATO: success
ERLON RIBEIRO DA SILVA: success
EVANDRO LUCIO ZAGO: success
FERNANDA COMAZZI COLOMBO LOURIN: success
FERNANDO CESAR DE ALMEIDA: success
FERNANDO FERRARI: success
FERNANDO RAFAEL OLIVEIRA GOLIN: success
GRACIELE CORREIA DOS SANTOS: success
GUSTAVO WILIGANCHUKI: success
KETHILIN SCHWINGEL IURINO: success
LAERCIO CHORATTO JUNIOR: success
LUANA LOUZADA PEREIRA LOPES: success
LUCIANA VIANA ALVES ZANON: success
MICHELI MIRANDA TORREJAIS: success
MONICA FERNANDES DOS ANJOS: success
PAULO CESAR GREIN MARIANO: success
PEDRO DE LIMA PINTO JUNIOR: success
ROBERTO FRANCISCO DOS SANTOS: success
ROMULO SAMUEL CARDOSO: success
SAULO DE TARSO CERQUEIRA BAPTISTA NETO: success
SERGIO LUIS DIANIN: success
VICTOR HUGO TORRES BENTO: success
VINICIUS CUNHA PASINI: success
VIVIANE GOMES BARBOSA: success
