ANDERSON CLEITON DE SOUZA: success
ANDRE LUCIO OLIVATO: success
CARLOS CESAR GRIGOLI PELARIM: success
CLAUDIO DIAS DA SILVA: success
CLAUDIO LIMA VALENZI: success
DANIELLY LOCATELLE: success
EDISON ROGERIO MERLINI: success
EDSON FREITAS LUIZ: success
EDSON LUIZ DA SILVA: success
EMERSON VILA: success
FABIO JOSE DOMINGUES NAVAS: success
FELIPE RIBEIRO RODRIGUES: success
HAGGI MICHELETTI ABDUL: success
INESVANIA VIDOR JOANI: success
ISABELA CAROLINE DE PAULA: success
JOSE ANTONIO ALVES DE CAMARGO: success
JOSE CARLOS LEITE: success
JULIANA CINESI FERNANDES PINTO: success
LAERCIO PRIMON: success
LOUISE OLIVEIRA DO NASCIMENTO: success
MAIKON DEUSDELHY SILVA E SILVA: success
MARCUS FELIPE DA ROCHA RODRIGUES: success
MAYKON PEREIRA RANGEL: success
NIVALDETE REGINA MATOS: success
NIVALDO MACHADO FALLEIROS: success
OESLEI DE CARVALHO: success
PAULO RICARDO DE ARAUJO: success
PERLA VANESSA EVANGELISTA GERALDES DE FREITAS: success
RICARDO AUGUSTO DE OLIVEIRA MENDES: success
RODRIGO DE PAULA MARTINS: success
VITOR NOGUEIRA CARVALHO: success
