ALESSANDRA FARIA DA ROCHA PACHELLI: success
ALMIR PORTES JUNIOR: success
ANGELO OLIVEIRA BATISTA DIAS: success
BRUNO HIRAYAMA BUENO: success
CHRISTHIAN WESLLEY FERNANDES BEZERRA DA SILVA: success
EDMILSON AMBROSIO DOS SANTOS: success
ERIC RIBEIRO DOS SANTOS: success
ETSON MIGUEL: success
FABIO CHRYSTOPHER FREIRE QUIRINO: success
FERNANDO HIDALGO PEREIRA: success
GABRIEL MOURA DE LIMA MARINHO: success
GUILHERME HENRIQUE TITON HOTZ: success
GUSTAVO VELOSO DE MENDONCA: success
JOAO VITOR MONTINI DA SILVA: success
LEONARDO GAROZI: success
LUCAS TORCATE: success
MARCIO OSNI KAROLAK: success
MODOALDO ALVES DE OLIVEIRA: success
NICOLAS DE SOUZA COELHO: success
ROMEU REZENDE CALDEIRA FILIZOLA: success
