ALESSANDRO SCHONBERG DAVID: success
AMIR ROBERTO SALMEN: success
ANDRE WASTCHUK MERETT: success
BRUNO LUDWIG: success
CASSANDRO RAMOS DE OLIVEIRA: success
EDILENE MACEDO DE LIMA: success
EDMILSON BARBOSA LEITE JUNIOR: success
FELIPE AUGUSTO RAMOS: success
FELIPE BOFFO DE SOUZA: success
FERNANDO DE CARVALHO SANT ANA: success
FRANCISCO CARLOS MACIEL: success
HENRIQUE MIQUELISSA DALCOMUNI: success
HORMINIO DE PAULA LIMA NETO: success
ISABEL VIESSER: success
JEAN RICHARD BUKHARDT ESTEVAO: success
KELVIN JUNIOR BRESSAN: success
MAIARA KASMIRSKI: success
MARCIO MOREIRA: success
MATTHEUS PLISKEVISKI GONCALVES: success
RAFAEL NUNES MOTA: success
RENANN VINICIUS DE ANDRADE TICIANEL: success
ROGERIO FREIRE JUNIOR: success
RONALDO BUSSOLO BORGES: success
THIAGO QUIRINO ANTUNES DA SILVA: success
TIAGO DE MATTOS MORAIS CAMELO: success
WILLIAM CUBAS OLIVEIRA: success
