ADEIR SIMIONI FLORES: success
ADRIELE BATISTA DA CRUZ: success
ANDRE CARLOS SENDECKI: success
ANGELO HALMENSCHLAGER: success
AUBER JORGE AMARAL: success
BRUNA MAIRA ROCHA ALMEIDA COELHO: success
CARLOS EDUARDO DECONTO NEVES: success
CHARLES FABIANO FLORES: success
CHARLES MAIA MINCARONE: success
GABRIEL SANTOS LORENZI: success
GUILHERME MAC LAREN NOGUEIRA DE QUEIROZ: success
GUSTAVO IMAMURA XAVIER: success
HENRIQUE NICOLAU ZANELLO SEVERINO ALVES: success
JEAN MEINHARDT: success
MAURICIO DIANA DE SOUZA: success
NATHALLY MARQUES ALVES FERREIRA MOUREBRUN: success
PAULO HENRIQUE CRIVELLARO FERREIRA: success
RODRIGO DUARTE FERREIRA DOS REIS: success
ROGERIO BURKOT PIETROSKI: success
VANESSA RODRIGUES: success
WAGNER CARLOS SCHUBERT LENARTOWICZ: success
