ALESSANDRO SCHONBERG DAVID: success
ANDRESSA MENINE MANN: success
CELSO APARECIDO DEL BIANCO: success
CINTHIA GONCALEZ DA SILVA: success
DANIELA CORREA ANTUNES ANDRADE: success
DANIELE DE FATIMA TAVERNA: success
EDER CASSIO DA SILVA ABREU: success
EDSON LUIZ WOJCIK: success
ELAINE ROSANE DA ROSA PRAZERES: success
ELIETE APARECIDA KOVALHUK: success
ENILCE GROSSKOPF DAVET: success
FABIANA EVELYN BATISTA: success
FABIO TADEU DAMBROS: success
FILIPPE MORAIS DE CARVALHO: success
FLAVIO MARCON MARINS: success
FRANCIELLY DA COSTA SILVA: success
GABRIEL HENRIQUE VARCHAKI SAMPAIO: success
GERSON LUIZ CZAIKOWSKI: success
GIORGLLI SOARES PAIN: success
GRACIANE CELESTE BERTO MESQUITA: success
ISABELLE ALVES SOARES BOGUCHEVSKI: success
JERRY ADRIANI FAVARO: success
JORGE AZOR PINTO: success
LARISSA CRISTINA PICETSKEI: success
LUCIANE DO ROCIO ORTES: success
MARCELO NOVAES  MONTEIRO: success
MARCIO LOPES VILANOVA E SILVA: success
MARCOS TODISCO SILVEIRA: success
NORMA BEATRIZ WATERKEMPER VOLPATO: success
PAOLA FRANCOASE DOS SANTOS VIEIRA DUTRA DA SILVA: success
PASCOAL FERMINO FILHO: success
PATRICIA BRANDT SILVA: success
PATRICIA HEINEN MOELLMANN: success
PAULA CHRISTIANE BRISOLA: success
RAFAEL BACELAR DE SOUZA: success
RAFAEL WANDERLEY CAMARA: success
RAFAELA MAZUR BIZI PASSOS DE FREITAS: success
RAPHAEL FARIAS NASCIMENTO: success
RODRIGO ALVES FAVARO: success
RODRIGO BERTUOL: success
RUBENS DE SOUZA LEAL FILHO: success
SILMARA BERNARDIN DE ANDRADE: success
TALITA FERNANDA BRESOLIN ROTA DA COSTA: success
TATHIANA CARLA HONORATO: success
VIVIANE DE OLIVEIRA MORAIS: success
VYCTOR HUGO GUAITA GROTTI: success
WESLEI VELOSO PEREIRA: success
