ADRIANA CASTELLO BRANCO MANZOCHI: success
ALAN DE SOUZA NACAMURA: success
ALLAN DIEGO MACHADO: success
AMIR ROBERTO SALMEN: success
ANANIAS RODRIGUES: success
ANDRE SEVERO FERRAZ: success
ANDREA SCHIAVO: success
ANDRESSA MENINE MANN: success
ANDREY MALINOVSKI: success
ANTONIO BISPO FERREIRA DOS SANTOS: success
BEATRIZ GASPARIN MOREIRA: success
BRUNA MACEDO AMARAL: success
BRUNA MARA DE SOUZA MOSKO: success
CARLOS EDUARDO PEZZETTE LORO: success
CAROLINE CASTILHO DE ARAUJO GIANOTTI: success
CASSIO SCARPATO KRAEMER: success
CLAUDEN WILLIAM MARTINS: success
CRISTINA ALEXANDRA ROSANE MOCELIN: success
DANIELE DE FATIMA TAVERNA: success
DAYANE PAULO DA SILVA: success
DIOGO ALBINO BENOSKI: success
DJALMA PEREIRA E SOUZA: success
EDIO VESCOVI: success
ELIZANDRO PELLENS PEREIRA: success
ELLEN VICTER MOCO MARTINS: success
ENDRYL RODRIGUES DA SILVA: success
ERIC RIBEIRO DOS SANTOS: success
EVELISE DO ROCIO AMARAL: success
EVERALDO AKIO SAKATA: success
EVERTON ADRIANO MOREIRA MACHADO: success
FABIANA CERDA BASTIDAS: success
FABIANO SCHENKEL DE OLIVEIRA: success
FABIO BRAGANCA MARTINS: success
FERNANDO CESAR LINCOLN DA SILVA: success
FERNANDO DE CARVALHO SANT ANA: success
FERNANDO LACO PORTINHO: success
FILIPPE MORAIS DE CARVALHO: success
FLAVIO ADRIANO BALAN: success
FLAVIO ANIBAL CAMPOS: success
FRANCKLIN LUZ DE ALMEIDA: success
GABRIELA FEUCHT: success
GIOVANI ERDDMANN DA SILVA: success
GIOVANNI ROBERTO BARBIERO: success
GLEISON DE OLIVEIRA GEROMEL: success
GUILHERME EDUARDO DONDE: success
GUSTAVO TOSHIO TAKAKI HIRATA: success
IVO VOURVUPULOS VIANA: success
JADER ROBERTO FERREIRA FILHO: success
JEWERSON MORAES CALDAS: success
JOAO PAULO PELAEZ EVARISTO DE SOUZA: success
JONATHA ARUS CUNHA: success
JOSE CARLOS COLACO: success
JOSE LUIZ LUCAS JUNIOR: success
JOSE MARCOS ALVES DA SILVA: success
JOSE REGIS DAS NEVES NETO: success
JULIANA CORDEIRO DA SILVA: success
LAERTES ARANTES DOMINGUES: success
LAIS AKINA NAGAO ITO: success
LAIS SALOMAO: success
LEONARDO BORGES: success
LINDOM JOHONSON DIAS VIDAL JUNIOR: success
LUCAS TADEU SILVA DE SOUZA: success
LUIZ RICARDO AMARAL: success
MARCELO LIMOEIRO: success
MARCIA VALERIA DE MENEZES SOARES: success
MARCOS RODRIGO GUARNERI: success
MARCOS VENICIO ROHR: success
MARILIA CASTRO DE MELO: success
MARISSONIA BORTOLOTO: success
MAURICIO CHOUITY IMAY: success
MELINA FERREIRA DOS SANTOS: success
MONICA GOMES BOECHAT: success
NILMAR MANFRIN DA SILVA: success
PABLO ANDRADE AMORIM: success
PAULO GUSTAVO FARCHI: success
PEDRO HENRIQUE SILVA SANTOS: success
PHYLIPE FRANCISCO MICHEVIZ: success
RAQUEL RIGO FRUMI: success
RENATA MAGALHAES BOHRER: success
RODRIGO ALESSANDRO TAMBOSI: success
RODRIGO JOSE DOS SANTOS: success
RODRIGO MADEIRA AZAMBUJA: success
ROGERIO UBIRATAN SILVA: success
RONALDO CANDIDO ALMEIDA: success
SARAH ADRIANA MATOS BORTOLUZ: success
SERGIO ARTUR MORGENSTERN FERREIRA FILHO: success
SHEILA MAGDA SCHNEIDER DOS SANTOS: success
TATIANA MARTINS ASSIS: success
THIAGO ALVES CUNHA: success
THIAGO ANDRADE DOS SANTOS: success
THIAGO LUIZ MENGAL SOARES: success
THIAGO MAIA GONCALVES: success
THIAGO PEREIRA LIMA: success
THIAGO RUAN BARROSO SILVA: success
TIAGO LUIZ RAGAZZAN DE OLIVEIRA: success
TRISTAO ANTONIO BORBOREMA DE CARVALHO: success
VICTOR MERIGUETTI PINTO: success
VINICIUS FERNANDO ZONATTO: success
VIRGINIA COMPARSI BRONAUT: success
VIVIAN MURRAY DA ROCHA LOURES: success
WESLEY MOREIRA DE MELO: success
