ADONES SALES: success
ADRIANO DAMACENO RODRIGUES: success
ADRIANO DE SOUZA FIGUEREDO: success
ADRIANO MESTRINER DETOMINI: success
ALESSANDRO GONCALVES: success
ALEXSSANDRA TATIANA MOREIRA GAVINO: success
ALLEN PAIVA FERMON: success
ALVIR RIESEMBERG NETO: success
ANDERSON PISTOR RODRIGUES: success
ANDERSSON CARNEIRO DE SANTANA: success
ANTONIO BISPO FERREIRA DOS SANTOS: success
BRUNO LUDWIG: success
BRUNO MIRANDA MACIOZEK: success
CARLOS ROBERTO DE OLIVEIRA JUNIOR: success
CASSIAN ROBERTO FERREIRA DA SILVA: success
CASSIANO DUSI: success
CLAUDEN WILLIAM MARTINS: success
CLAUDIA MARTINS DE SOUZA: success
CLOVIS PAULO WASTOWSKI: success
DAMIAO BENASSI JUNIOR: success
DANIELA CORREA ANTUNES ANDRADE: success
DANIELLE CRISTINA DE SOUSA: success
DARLAN GONCALVES PADILHA: success
DIOGO ALBINO BENOSKI: success
DOUGLAS FILLA: success
EDIO VESCOVI: success
EDUARDO KUWAOKA VOLINO: success
ERIKA AZEVEDO SANCHES: success
ERON DE FARIAS GIPP: success
FABIANO SCHENKEL DE OLIVEIRA: success
FABIO RODRIGO DA SILVA: success
FABIOLA DA MOTTA FIGUEIRA: success
FABRICIO RODRIGUES ADALTINO: success
FELIPE ROSSETIN FURTADO: success
FERNANDA ANTONIO PERAO: success
FERNANDO CESAR LINCOLN DA SILVA: success
FERNANDO CESAR PEREIRA: success
FILIPPE MORAIS DE CARVALHO: success
GABRIEL VIEIRA THOME: success
GABRIELA FEUCHT: success
GIANA MOSCALESKI: success
GILBERTO HENRIQUE LUSZCZYNSKI: success
GIOVANNA ANTONUCCI BRITO OLIVEIRA: success
GUILHERME RANGEL DE MELO ALBERTO: success
GUSTAVO HENRIQUE DIAS PEREIRA: success
GUSTAVO TOSHIO TAKAKI HIRATA: success
ISABEL VIESSER: success
IVAN JOSE DA SILVA DIANA: success
JANAINA MARIANA GARCIA: success
JOAO MANOEL LORENCATTO: success
JONATHA ARUS CUNHA: success
JORGE TRAVASSOS DE ANDRADE: success
JOSE LUIZ LUCAS JUNIOR: success
JULIANA CORDEIRO DA SILVA: success
JUNIOR SANDRO DOS SANTOS: success
KEVIN KRAUSE: success
LAERTE ALVES PINHEIRO: success
LAURA GRAZIELE ZANINI: success
LEANDRO BARBOSA GALVAO: success
LEANDRO DOS SANTOS MACHADO: success
LEANDRO DURSKI PINHEIRO: success
LILIAN MARA DOMASZAK: success
LUCAS DE FIGUEIREDO MAIA: success
LUCIANE GROCHOCKI RESENDE: success
LUCIANE STAMPOSKI: success
LUCIANO PADILHA DE OLIVEIRA: success
LUCIANO PAIVA RIBEIRO: success
LUIZ HENRIQUE SANGUINI: success
MARCELO BARBOSA GALVAO: success
MARCELO LIMOEIRO: success
MARCIO MENDES: success
MARCIO TUBIAS PINTO: success
MARCOS ANTONIO BEATO JUNIOR: success
MARCOS RODRIGO GUARNERI: success
MARCOS VINICIUS RIBEIRO DE ANDRADE: success
MARISSOL DOS SANTOS FREITAS THEMOTEO PEREIRA: success
MARLI STRAITEMBERG PIRES: success
MARYSOL SCHINDLER FAGUNDES: success
MESSIAS DOS SANTOS OLIVEIRA: success
MICHELLI SIDOR: success
NILMAR MANFRIN DA SILVA: success
PATRICIA CONCEICAO NOBRE PAZ: success
PATRICIA VILLA COSTA VAZ: success
RAMON GALVAO ZEFERINO: success
RAQUEL RIGO FRUMI: success
RAUL BEZERRA SAMPAIO: success
REGIS TIAGO RODRIGUES: success
REJANE DI LUCA MELANI: success
RENATA MAGALHAES BOHRER: success
ROBERTO CARLOS ALVES DE SOUZA: success
RODRIGO ALESSANDRO TAMBOSI: success
RODRIGO AUGUSTO PODEGURSKI: success
RODRIGO SILVA DE SOUZA: success
ROGERIO MATOS FLAMIA: success
SANDRA MARA PEREIRA RATTES: success
SARA DE ANDRADE DA SILVA: success
SERGIO FRANCISQUINHO: success
SIMONE FERREIRA GUIMARAES SILVA: success
SYLVIO PIVA JUNIOR: success
THAIS OSTRUFKA CORDEIRO: success
THIAGO ANDRADE DOS SANTOS: success
THIAGO HENRIQUE SCHLOTTAG: success
VALNEI GUEDES LOPES JUNIOR: success
VINICIUS PINTO COELHO: success
VIRGINIA COMPARSI BRONAUT: success
VITOR ALENCAR PELUCHNO: success
WILSON PEREIRA DOS SANTOS: success
