ALINE DE CASTRO AOTO: success
ARCIO MILTON WAILLER NETO: success
ARTHUR RODRIGUES DA SILVA: success
CHRISELLEN LARISSA SAQUETO: success
DHEISON FRIGERI DE MORAES: success
ELISEU ARIVERALDO DOS SANTOS PREVEDELLO: success
ENDRYL RODRIGUES DA SILVA: success
HEMIO WILLIAM BRITOS: success
JOAO MANOEL LORENCATTO: success
LEONARDO PARAGUASSU ABRANTES LOURIVAL: success
LUAN GONCALVES DA SILVEIRA: success
MAGDA MARINA FERREIRA HOFSTAETTER: success
MARCOS TODISCO SILVEIRA: success
MARIANA OLEINIK RAMOS: success
MATHEUS VANIN KLASS: success
PAULO THIAGO LECHENAKOSKI: success
PEDRO DE SOUZA LEITE: success
RAFAEL POCRIFKA SCHULTZ: success
RUBENS GOMES DE SOUZA JUNIOR: success
TATIANA LOUISE GAZDA: success
