ADRIANA DUTRA JOLY: success
ALEXANDRE MARCELO ZANETTI: success
ALINE DE CASTRO AOTO: success
ALINE MANZATTO: success
ALLEN PAIVA FERMON: success
ALVIR RIESEMBERG NETO: success
ANA CLAUDIA NEVES: success
ANDREY ROBERTO DOS SANTOS: FAILED - NO EMAIL
ANELYSE ARAUJO EPPINGER: success
ANNA CLARA CARGNIN: success
ANTONIO BISPO FERREIRA DOS SANTOS: success
ANTONIO MARCOS DE SOUZA: success
BRUNA ZANARDI: success
CAMILA CHIES CECCONELLO: success
CARINA DOS SANTOS RODRIGUES: success
CARLOS ALBERTO POKES NETO: success
CAROLINA NEVES DE FIGUEIREDO: success
CAROLINA PIRES GONCALVES: success
CAROLINE CASTILHO DE ARAUJO GIANOTTI: success
CASSIO ANDRE DIAS CONCEICAO: success
CEZAR GIOVANI FERREIRA DA SILVA: success
CHRISELLEN LARISSA SAQUETO: success
CLAYTON BATISTA DO NASCIMENTO: success
CRISTINA ALEXANDRA ROSANE MOCELIN: success
DAMIAO BENASSI JUNIOR: success
DANIELA CORREA ANTUNES ANDRADE: success
DAYANE PAULO DA SILVA: success
DAYSE TIEMI SAKIAMA VIEIRA: success
DEDIANE BARBOSA FARIAS: success
ELISEU ARIVERALDO DOS SANTOS PREVEDELLO: success
ELIZANDRA CRISTINA LOPES: success
EMERSON FERREIRA NIFA: success
EMMANUEL GUSTAVO BENJOINO BRANDAO: success
FABIO LOPES PEREIRA: success
FLAVIA ANDREA GUTIERREZ CARBONI: success
GABRIELA CAROLINA ALVES DE SOUZA: success
GERMARIO GOMES JUNIOR: success
GESSICA FEITOSA MORAES ANDRADE: success
GILBERTO HENRIQUE LUSZCZYNSKI: success
GUSTAVO VARELLA: success
IARA DO ROCIO VAZ: success
ISABEL VIESSER: success
ISABELLE BEATRIZ ADRIANO MOTTA ALTHEIA: success
JANAINA MARIANA GARCIA: success
JAQUELINE LAZZARIN: success
JESSICA ENNES GONCALVES: success
JESSICA SILVA: success
JOSE REGIS DAS NEVES NETO: success
JOSY ROMERO: success
KARINA SILVA FARAJ DE ANDRADE: success
KARINA TORRESIN DE OLIVEIRA GARDIN: success
KEILA MARIA MAFIOLETTI GOLDACKER: success
KEILLY MELISSE ZAN: success
LARISSA CRISTINA PICETSKEI: success
LARYSSA GRANDIS DE LIMA: success
LEONARDO RAMON: success
LUCIANE GROCHOCKI RESENDE: success
MAGDA MARINA FERREIRA HOFSTAETTER: success
MARCELO VITAL: success
MARCIO MENDES: success
MARCOS RODRIGO GUARNERI: success
MARCUS ANDRES BETTENCOURT PINTO DE CARVALHO: success
MIRTHA ELIZABETH CORONEL KOGELSKI: success
MONICA DOS SANTOS: success
NATALIA DA SILVA MORITZ: success
NUBIA MARA DE ALMEIDA BOZA: success
PATRICIA VILLA COSTA VAZ: success
PAULO CRISTIANO MARTINS RAMOS: success
PRISCILA ACORDI: success
PRISCILA LUCIANA KOSTEKE ROSSA: success
RAFAEL CENTENO DE CAMPOS: success
RAFAELLA CRISTINA MULLER: success
RAISA DE VARGAS SCARIOT: success
RAQUEL RIGO FRUMI: success
RODRIGO GARCIA KOLODZEJEZYK: success
ROMULO ANTONIAZZI RODRIGUES ROSA: success
SAMUEL SABINO BASILIO: success
SOLENISE PEREIRA LEAL: success
SUELLEN ANDRESSA PAGNO: success
SYLVIO PIVA JUNIOR: success
TALITA FERNANDA BRESOLIN ROTA DA COSTA: success
TANIA SIMOES DE SOUZA: success
TATIANA LOUISE GAZDA: success
THAIS ZIELINSKI: success
THIAGO MAIA GONCALVES: success
VANESSA DOS SANTOS FERREIRA DOURADO: success
VANESSA ROCHA MARQUES: success
