ADRIANA BEATRIZ DE LIMA MATIAS: success
ALESSANDRO GONCALVES: success
ALINE MANZATTO: success
ANA CRISTINA FERREIRA SILVA: success
ANA FLAVIA FRIZZO: success
ANELYSE ARAUJO EPPINGER: success
ATHAISA CARLA BATISTA DE SOUZA: success
CARLOS DAMIAO ALVES ROSA: success
CAROLINA LEONE: success
CAROLINA PIRES GONCALVES: success
CHANDRA HOFFMANN: success
DANIELA CORREA ANTUNES ANDRADE: success
DANIELA MARQUES: success
DANILO ZARLENGA CRISPIM: success
DIEGO GRUBBA SCHITKOVSKI: success
ELIETE APARECIDA KOVALHUK: success
ELISEU ARIVERALDO DOS SANTOS PREVEDELLO: success
ELLEN VICTER MOCO MARTINS: success
ERIC TUTIA GUEDES: success
FABIO LOPES PEREIRA: success
FABIO NUNES PIOVENSAN: success
FLAVIUS VINICIUS BATISTA DE ARAUJO: success
FRANCYS LOO SIQUEIRA DO AMARAL: success
GETULIO DE MORAIS VARGAS: success
IARA LAUREK DECHICHE: success
JOELCIO RIBEIRO DA CRUZ: success
JOSE VITOR SILVA PINHAO: success
JOYCE DE PAULA FREITAS SALDANHA: success
JUNIOR SANDRO DOS SANTOS: success
LEANDRO FARNESE TEIXEIRA: success
LILIAN DENISE PIMENTEL: success
LUCIANA DE NOVAES: success
MARICY MORTAGUA SANTINELI: success
MARITZA MAIRA HAISI: success
MAYARA ADAM: success
MELINA SCHENEIDER BASTOS: success
NASSER SALMEN: success
NELSON BASTOS: success
OSMAR ANTONIO DECHICHE: success
PAULA CHRISTIANE BRISOLA: success
PAULO SERGIO GOMES DE ASSIS: success
RAFAEL JAMUR CONTIN: success
RAFAELLA BROSCH GARCIA PAES: success
RAPHAEL MARZOLA CARDOSO: success
RINALDO IVANIKE: success
ROBERTO PIERRE DA SILVA: success
ROBERTO RAMIRES PEREIRA: success
ROBERVAL RIBEIRO: success
RODRIGO BROWN DE OLIVEIRA: success
RODRIGO REDERDE: success
ROGERIO MARTIN DE CASTRO: success
SAMANTA CARVALHO SANTANA: success
SAMIA CRISTINA COSER: success
SERGIO QUIRINO DO NASCIMENTO: success
TALITA FERNANDA BRESOLIN ROTA DA COSTA: success
THIAGO RUAN BARROSO SILVA: success
VICTOR BRUNO DA SILVA MENEZES: success
WALLACE DE OLIVEIRA BRITO: success
WILKINSON FABIANO OLIVEIRA DE ARRUDA: success
WILLEN PAIVA FERMON: success
