ADONY MARTINS PASCHOALIN SANTOS: success
ADRIANO CHOHFI: success
ALEX BENEDETE FULBER: success
ALEXANDRS PIRES: success
ALISSON SANTOS SANTANA: success
AMANDA DA SILVA DE QUADROS: success
ANDRE APARECIDO DE SOUZA: success
ANDRE GUSTAVO FELTES: success
ANNA KARYNE TURBAY PALODETTO: success
BENEDITO DA SILVA: success
CASSIO ANDRE DIAS CONCEICAO: success
CICERO CESAR KLAMMER: success
CRISTIANE MARIE CRUZ LIMA: success
DANIEL NOCERA ZANETTE: success
DANIELE DE OLIVEIRA SERIGHELI COSTA: success
EDSON LUIZ FACCHI: success
EDUARDO KRUGER COSTA: success
EMANUELE MARIA DE OLIVEIRA SIQUEIRA: success
EMERSON ANTONIO FELIX: success
EMIR DA SILVEIRA: success
ENILCE GROSSKOPF DAVET: success
ERINEU SEBASTIAO PORTES: success
FABIO MACHADO DOS SANTOS: success
FABIO RENATO AMARO DA SILVA JUNIOR: success
FABRICIO EMMERICK DE SOUZA MENDONCA: success
GABRIEL FRANCISCO MIQUELETTO: success
GABRIEL TOTOLA FONTANA: success
GESSICA FEITOSA MORAES ANDRADE: success
GIOVANA LABA DE JESUS: success
GUILHERME LUIZ DIAS: success
GUILHERME RANGEL DE MELO ALBERTO: success
GUSTAVO DE PINHO ALVES: success
HENRIQUE JOSE DE MENEZES CALACA: success
IGOR FELIPE DE AGUIAR MOURA: success
IGOR FELIPE RODRIGUES DE CARVALHO: success
IVAN JOSE DA SILVA DIANA: success
JOSE BARRETO DE MACEDO JUNIOR: success
LEONARDO RODRIGUES PEREIRA: success
LUAN GONCALVES DA SILVEIRA: success
LUCAS DANIEL IANESKO: success
LUIZ CARLOS CARNEIRO: success
MARCELO GOMES DE OLIVEIRA: success
MARCELO HIDEO DORIGON NOTOMI: success
MARCELO MAGALHAES PEREIRA: success
MARCIO MOREIRA: success
MARCOS CESAR DOS SANTOS: success
MARCOS MAURICIO PESTANO: success
MARCOS VENICIO ROHR: success
MARCUS SERGIO DE OLIVEIRA: success
MARIO SERGIO BRADOCK ZACHESKY: success
MAURICIO CHOUITY IMAY: success
MAYCON ADRIANO SILVA: success
MIGUEL MARCELO CESAR STADLER: success
NATALIA PEREIRA NICHEL: success
NILSON PROVATE QUEIROZ: success
PATRICIA CONCEICAO NOBRE PAZ: success
PAULINA MANOELA FERREIRA DE MELLO DE SOUZA: success
PAULO CESAR EUGENIO RIBEIRO: success
PEDRO MARCELO SILVEIRA PIRES: success
RAFAEL VINICIUS DOTAVIANO DE CASTRO VILANI: success
RENATO COELHO DE JESUS: success
ROSANA CRISTINA PORTES: success
SANDRA MARA NEPOMUCENO: success
SILAS ROQUE DOS SANTOS: success
SOLENISE PEREIRA LEAL: success
TADEU SEMENIUK: success
TATIANA FEIO DE LEMOS GERHARD: success
THIAGO ANDRADE DOS SANTOS: success
VALDERES LUIZ SCALCO: success
VANESSA ALVES DE OLIVEIRA: success
WAGNER FERREIRA SANTOS: success
