success: ADRIANO DIOGO COELHO
ANGELO OLIVEIRA BATISTA DIAS
ANIELEN DE OLIVEIRA MAGALHÃES MATIAS
BRUNO MARTINS
CÁSSIO SCARPATO KRAEMER
EMANUEL FERNANDES MONTEIRO DE ALMEIDA
EVALDO TOMAZ DOS SANTOS JUNIOR
FRANCISCO EDSON DE OLIVEIRA
FRANCISCO JOSÉ LOPES FILHO
ISABELA KARINE RODRIGUES DA SILVA MARTINS
JOAO BATISTA DA SILVA JUNIOR
JOÃO PAULO PELAEZ EVARISTO DE SOUZA
JOHN ELBER DOS SANTOS
JULIANO HIDEO ENOMOTO
KEMELLY MARIA DA SILVA LUGLI
LUIZA PEREZ MORAES
MARCÍLIO DE SOUSA GONÇALVES
MARCOS VINÍCIUS CORREIA ANICETO
MICHELLI SIDOR
RAFAEL MANDU
RENATA OLIVEIRA PEREIRA
SILAS BELEM DE CASTRO
THAIS EMI FUJIHARA
THIAGO ANANIAS CUNHA
failed: 