success:
ALAN VICTOR ROSSETO BIROLI
BRUNO BERTAGLIA
CASSIO HENRIQUE DIAS DE SOUZA
GUSTAVO FERNANDES MAGALHÃES DE CARVALHO
IANE NAYARA DANTAS COSTA
JÉSSICA MARIA FARIAS SILVA
JOSÉ JÚLIO BOLZANI SOARES
JOSÉ LUIZ LUCAS JÚNIOR
LEONARDO QUEIRÓS ARAUJO
LINCOLN MUNIZ DE SOUSA
LORENA CRISTINA VIEIRA DO NASCIMENTO
LUÃ OLIVEIRA GONÇALVES MOTA
LUCAS BARBOSA AGUIAR
LUIS EDUARDO BRANDÃO TRAJANO
LUIS FERNANDO ALVES SILVA
MALUHÁ SOARES DE MIRANDA SILVA
MATHEUS CAMPOS PESSOA DUARTE
NIVALDO SOUZA FERREIRA JUNIOR
RAFAEL RYBANDT
RENATA SILVA CINTRA
SARAH ADRIANA MATOS BORTOLUZ
SILAS BELEM DE CASTRO
WESLEY MOREIRA DE MELO
YASMIN RAMOS ESPICALSKY

failed: 
