ALESSANDRO CARVALHO DA SILVA: success
BRUNO HENRIQUE DOS SANTOS CARVALHO: success
CASSIO DURAN SAVIOLI: success
ALESSANDRO CARVALHO DA SILVA: success
BRUNO HENRIQUE DOS SANTOS CARVALHO: success
CASSIO DURAN SAVIOLI: success
CHARLES MAIA MINCARONE: success
CLAUDIO DIAS DA SILVA: success
DANILO BARRETO: success
DIEGO GRUBBA SCHITKOVSKI: success
DOUGLAS FERREIRA DOS SANTOS: success
FABIO BRUMATTI DE OLIVEIRA: success
FERNANDO HIDALGO PEREIRA: success
GILSON ROBERTO HEIDE: success
JADER ROBERTO FERREIRA FILHO: success
JULIANA DE BARROS PINTO DE LIMA: success
LARISSA WEISHEIMER: success
LAZARO ESTEVAO DE PAULA: success
LEANDRO VADALA ALMEIDA: success
LUCIANO CALDEIRA SASTRE: success
LUCIANO DIAS DE ARAUJO: success
LUIZ HENRIQUE PINHEIRO: success
RICARDO BETTIO: success
RODRIGO COLOMBELLI: success
ROGERIO BURKOT PIETROSKI: success
RONALDO CANDIDO ALMEIDA: success
THIAGO ALVES CUNHA: success
VANESSA EKERMANN DE CRISTO KAMINSKI: success
