ALESSANDRO SCHONBERG DAVID: success
ALEXANDRE MARCELO ZANETTI: success
ALLEN PAIVA FERMON: success
ALVARO JOSE MACHADO: success
ALVIR RIESEMBERG NETO: success
ANA PAULA SOARES GOMES: success
ANDERLEI LEANDRO: success
ANDRE LUCIO OLIVATO: success
ANDRE RODOLFO GIL TENERELI: success
ANDRESSA MENINE MANN: success
ANTONIO MARCOS DE SOUZA: success
BRUNO LUDWIG: success
CAROLINE CASTILHO DE ARAUJO GIANOTTI: success
CHRISELLEN LARISSA SAQUETO: success
CLAUDIA MARTINS DE SOUZA: success
CLAYTON BATISTA DO NASCIMENTO: success
CLEBER MARCELO BOCCHI: success
DANIEL APARECIDO DOS SANTOS: success
DELMIS MOREIRA DA SILVA: success
DENISE TIEPOLO: success
EDISON LUIZ CAVALHEIRO MENDES: success
EDMILSON DUARTE ROCHA: success
EDSON MARINHEIRO DA SILVA: success
EDUARDA WINTER THIER: success
EDUARDO JOSE FROHLICH DE OLIVEIRA: success
EMERSON CARLOS SOBEJEIRO: success
EMIR DA SILVEIRA: success
ENDRYL RODRIGUES DA SILVA: success
ERON DE FARIAS GIPP: success
FABIANA CERDA BASTIDAS: success
FABIO LOPES PEREIRA: success
FABIO MARCELO GBUR: success
FABIOLA DA MOTTA FIGUEIRA: success
FABRICIO RODRIGUES ADALTINO: success
FELIPE BOFFO DE SOUZA: success
FERNANDO CESAR LINCOLN DA SILVA: success
FILIPPE MORAIS DE CARVALHO: success
FLAVIO MARCON MARINS: success
GABRIEL TOTOLA FONTANA: success
GABRIELA CERCONVIZ SILVA: success
GABRIELE SAUL KIEKOW: success
GILBERTO HENRIQUE LUSZCZYNSKI: success
GIOVANNI MARTELLO: success
GUSTAVO KREUZ VIEIRA: success
GUSTAVO TOSHIO TAKAKI HIRATA: success
HELCIO PIASSETTA: success
HELIO KENNEDY GONCALVES VARGAS: success
IGOR MORETTI SENA: success
IZAUDINO JOSE GOMES DOS REIS: success
JACKELINE STAHLSCHMIDT CORSI: success
JADER ROBERTO FERREIRA FILHO: success
JANAINA MARIANA GARCIA: success
JOSE GILIARDE OLIVEIRA MAGALHAES: success
LAERTE ALVES PINHEIRO: success
LARISSA CRISTINA PICETSKEI: success
LEANDRO CHRISTIANN TURQUETI: success
LEANDRO DURSKI PINHEIRO: success
LEONARDO RIBEIRO DE OLIVEIRA: success
LIVIA GRAZIELA PINI: success
LUCAS DE FIGUEIREDO MAIA: success
LUCIANE GROCHOCKI RESENDE: success
LUCIANO PAIVA RIBEIRO: success
LUIZ RICARDO AMARAL: success
MARCELO KUTIANSKI: success
MARCELO LIMOEIRO: success
MARCELO MARIANO PEREIRA: success
MARCELO VALERIO DE PAULA: success
MARCIA VALERIA DE MENEZES SOARES: success
MARCIO MOREIRA: success
MARCO ANTONIO FARIAS LOURENCO BRAGA: success
MARCOS FERNANDO DA SILVA FONTES: success
MARIANA COELHO CANTU: success
MARINA SANTIAGO DO NASCIMENTO: success
MARLI STRAITEMBERG PIRES: success
MAURICIO CHOUITY IMAY: success
MONICA GOMES BOECHAT: success
NATACHA BIEDACHA FISCHER DA SILVA KLEIN: success
NATALIA DA SILVA MORITZ: success
NATHALLY MARQUES ALVES FERREIRA MOUREBRUN: success
PABLO ANDRADE AMORIM: success
PAOLO HENRIQUE DA SILVA DE OLIVEIRA: success
PASCOAL FERMINO FILHO: success
PATRICIA VILLA COSTA VAZ: success
PAULO ROBERTO DA ROSA: success
PAULO THIAGO LECHENAKOSKI: success
PHYLIPE FRANCISCO MICHEVIZ: success
PRISCILA LUCIANA KOSTEKE ROSSA: success
PRISCILLA FERREIRA FREITAS: success
RAFAEL COLOMBELLI BISS: success
RAFAEL FLORE DE TOLEDO: success
RAFAEL HIDEKI TERUYA: success
RAFAEL VERISSIMO PINHEIRO: success
RAPHAEL LOURENCO LANG DIAS: success
REJANE DI LUCA MELANI: success
ROBERTO CARLOS ALVES DE SOUZA: success
ROBSON EDUARDO GENARO: success
RODRIGO JOSE DOS SANTOS: success
RODRIGO OLIVEIRA SIQUEIRA: success
SAULO DE TARSO CERQUEIRA BAPTISTA NETO: success
SYLVIO PIVA JUNIOR: success
THIAGO RUAN BARROSO SILVA: success
ULISSES CRISTIANO TEIXEIRA: success
VALDECIR MARTINS: success
VALDIR COGITSKEI: success
VALDIRENE FERREIRA DE ANDRADE: success
VILMA JOSIANE DA SILVA: success
VITOR CARLOS BRINKER: success
WANDERLEI JOCELY VILLA: success
WESLEY MOREIRA DE MELO: success
WILLIANS SCHIESTL DA SILVA: success
