AGEUZE DA SILVA JUNIOR: success
ALAN ALEXEY JASZCZERSKI ALVES: success
ALECIANE ROBERTA DE OLIVEIRA: success
ALINE APARECIDA DE LIMA MORELLO: success
ALLAN BENTO RIBEIRO: success
AMANDA DA SILVA DE QUADROS: success
ANDREIA STALL: success
ARTHUR ATOLINI: success
CARLOS EDUARDO RODRIGUES: success
CHRISTIANNE KARIN WAGNER PANCHENIAK CHEQUIM: success
CLAYTON CEZAR GOBETTI: success
DALVA ROSANE FELIPACK: success
FABIANO NOGUEIRA: success
FERNANDO JOSE FABROWSKI: success
FRANCISCO NILO DA SILVA: success
GABRIEL PROVESI FERNANDES: success
GABRIELA OSORIO DE CARVALHO ARRUDA PAUL: success
GIULLIANO SILVEIRA ANDRETTA: success
HERYK ANDRE DAS NEVES SILVA: success
ISABELA FONSECA RODRIGUES: success
JANAINA TATIANA WANDRATSCH: success
KAREN GIANE BORGES: FAILED - NO EMAIL
KAROL KASUKO ARAKE FRAGOSO: success
