JULIANNE ZAMBONI: success
KEWIN LUCIANO DE LIMA: success
LILIAN APARECIDA LIE BORGES KOGA: success
LUCIANO RADUY LEMOS: success
MARIANA LORENZI: success
MAURO DA SILVA LEAL: success
MICHELLY DE ARAUJO BOTH: success
MURILO MAJED MALTACA: success
NICOLY NASCIMENTO DA LUZ: success
NORMA BEATRIZ WATERKEMPER VOLPATO: success
PAULO HENRIQUE IDERIHA JUNIOR: success
PEDRO HENRIQUE MILITAO ROCHA FARIAS: success
RAFAEL CABRAL TORQUETTO: success
SILAS ROQUE DOS SANTOS: success
TATIANE SOARES DOMBROSKI: success
THIAGO KATSUHIKO MARUMO: success
VERONICA LIA RAMBO FERREIRA: success
VIRGINIA MARIA ZAMBRIN TURRA: success
VIVIANE PISSAIA GOULART: success
JULIANNE ZAMBONI: success
KEWIN LUCIANO DE LIMA: success
LILIAN APARECIDA LIE BORGES KOGA: success
LUCIANO RADUY LEMOS: success
MARIANA LORENZI: success
MAURO DA SILVA LEAL: success
MICHELLY DE ARAUJO BOTH: success
MURILO MAJED MALTACA: success
NICOLY NASCIMENTO DA LUZ: success
NORMA BEATRIZ WATERKEMPER VOLPATO: success
PAULO HENRIQUE IDERIHA JUNIOR: success
PEDRO HENRIQUE MILITAO ROCHA FARIAS: success
RAFAEL CABRAL TORQUETTO: success
SILAS ROQUE DOS SANTOS: success
TATIANE SOARES DOMBROSKI: success
THIAGO KATSUHIKO MARUMO: success
VERONICA LIA RAMBO FERREIRA: success
VIRGINIA MARIA ZAMBRIN TURRA: success
VIVIANE PISSAIA GOULART: success
