ADILSON DE OLIVEIRA CARNEIRO: success
ANA CAROLINA DA ROCHA SILVA: success
ANA FLAVIA FRIZZO: success
ANDRE LUIZ DUARTE CANCADO: success
ANDRESSA GABRIELA VIEIRA DA SILVA: success
ATHAISA BATISTA CARLA DE SOUZA: success
BRUNO EDUARDO DA MACENA: success
CLOVIS PAULO WASTOWSKI: success
DANIELLI SANTOS WALACHINSKI: success
DIEGO BRAVO DO NASCIMENTO: success
DIMAS DE SOUZA SCARPETTA: success
ELIAS LENZ: success
FLAVIA FREIRE: success
GABRIEL VINICIUS MEDEIROS OLIVEIRA: success
GABRIELLA COUTINHO DE LIMA: FAILED - NO EMAIL
GYSELLE GONCALVES PEREIRA DA SILVEIRA: success
IOLANDA DA SILVA: success
JOAO EDUARDO COSTA VAZ: success
JOAO ELIAS FIDELIX: success
JOAO PEDRO DUBIELLA DA CRUZ: success
ADILSON DE OLIVEIRA CARNEIRO: success
ANA CAROLINA DA ROCHA SILVA: success
ANA FLAVIA FRIZZO: success
ANDRE LUIZ DUARTE CANCADO: success
ANDRESSA GABRIELA VIEIRA DA SILVA: success
ATHAISA BATISTA CARLA DE SOUZA: success
BRUNO EDUARDO DA MACENA: success
CLOVIS PAULO WASTOWSKI: success
DANIELLI SANTOS WALACHINSKI: success
DIEGO BRAVO DO NASCIMENTO: success
DIMAS DE SOUZA SCARPETTA: success
ELIAS LENZ: success
FLAVIA FREIRE: success
GABRIEL VINICIUS MEDEIROS OLIVEIRA: success
GABRIELLA COUTINHO DE LIMA: FAILED - NO EMAIL
GYSELLE GONCALVES PEREIRA DA SILVEIRA: success
IOLANDA DA SILVA: success
JOAO EDUARDO COSTA VAZ: success
JOAO ELIAS FIDELIX: success
JOAO PEDRO DUBIELLA DA CRUZ: success
