ADRIANO CHOHFI: success
ADRIANO PEREIRA ADURA: success
ALAN RICARDO SAMPAIO GALLEAZZO: success
ALECIANE ROBERTA DE OLIVEIRA: success
ALESSANDRO ROBERTO LUZ: success
ALEXANDRE GERALDI DA ROSA: success
ANA FLAVIA FRIZZO: success
ANA HELOISA DOS REIS WERNER: success
ANDRE GUSTAVO FELTES: success
ANNA PAULA DE FRANCA DOS SANTOS: FAILED - NO EMAIL
ANTONIO CARLOS ESPINDOLA: success
CARLOS FERNANDO COSTA DE LIMA: success
CLAUDIA MARTINS DE SOUZA: success
CLEVERSON LUIS DOS SANTOS GONZAGA: success
DANIELA CORREA ANTUNES ANDRADE: success
DAVID MALHEIRO FADUL: success
EDEVALDO MIGUEL COSTACURTA: success
EDGAR DIAS SANTANA: success
EDUARDO CEZAR SANTOS: success
EMERSON RICARDO DOS SANTOS: success
FABIANA POLLI: success
FERNANDO TINO ZANONI: success
FILIPPE MORAIS DE CARVALHO: success
GALMIRETE EGIDIO DA SILVA: success
GIORGLLI SOARES PAIN: success
GOLSOOM HUSSAINI SADAT: FAILED - NO EMAIL
IARA JULIA CORDEIRO DE SOUZA: success
IVO VOURVUPULOS VIANA: success
JOAO BATISTA DOS SANTOS: success
JOAO PAULO CORREA PINHEIRO: success
JONATHA ARUS CUNHA: success
JOSE LUIZ BEGGIORA JUNIOR: success
JULIA FRASSON DOS REIS AMARAL: FAILED - NO EMAIL
JULIO CEZAR DE MODESTI: success
LUCIANE GROCHOCKI: success
LUCIANO CASTILHO ASSUMPCAO: success
MAIARA DIAS WINCARDT: success
MARCELO ALEXANDRE DE OLIVEIRA MENDES: FAILED - NO EMAIL
MARCIO HENRIQUE DE SOUZA YUGE: success
MARCO AURELIO MOURA DE REZENDE: success
MARCOS AURELIO BONSONI PINHEIRO: success
MARILZA STADLER DE CAMPOS HACK: success
MARISSONIA BORTOLOTO: success
MARLENE LUIZ CORREIA: success
NOELI ERTHAL DA SILVA FERNANDES: success
PATRICIA VILLA COSTA VAZ: success
PAULO EDISON DE MACEDO PACHECO FILHO: success
PEDRO HENRIQUE MILITAO ROCHA FARIAS: success
RAFAEL CORDASCO PENKAL: success
RAFAELA CRISTINE DRANKA DA CRUZ: success
RAPHAEL MORLEY DOS SANTOS FABRI: success
REBECA MAYER DOS SANTOS: success
REINALDO ANDERSON MACHADO: success
RENATA HIMOVSKI TORRES: success
RENATA MAGALHAES BOHRER: success
RODRIGO ALVES FAVARO: success
RODRIGO BERTUOL: success
RODRIGO FABIO RAMOS: success
RODRIGO JOSE DOS SANTOS: success
RUDIMAR LORENZI: FAILED - NO EMAIL
RUDSTON RAMOS DA SILVA: FAILED - NO EMAIL
SEBASTIAO DE PAULA PINTO JUNIOR: success
SERGIO FERNANDO FERREIRA DE LIMA: success
SHEILA MAGDA SCHNEIDER DOS SANTOS: success
TATHIANA CARLA HONORATO: success
THIAGO CARVALHO PARDINHO DE OLIVEIRA: success
VALDIR GOEDERT FILHO: success
VALQUIRIA DOS SANTOS FRESSATO PINTO: success
VANESKA CALIXTO DA COSTA: success
VICTOR DAHER RODRIGUES DOS SANTOS: success
VINICIUS AUGUSTUS DE CARVALHO: success
VYCTOR HUGO GUAITA GROTTI: success
