ANDERSON JOSE RIBEIRO: success
BENEDITO DA SILVA: success
BRENO CASTELO BRANCO DO AMARAL: success
CAMILA BARBOSA ALVES DOS SANTOS: success
CLEVERSON WEIBER: success
DANIEL LUIZ UMEBARA: success
EDSON MOREIRA DA SILVA JUNIOR: success
FERNANDA ANTONIO PERAO: success
FLAVIO HENRIQUE DIAS AMARANTE: success
GUSTAVO IMAMURA XAVIER: success
GUSTAVO RODRIGO MARTINS BASSI: success
HEMIO WILLIAM BRITOS: success
ISABELLE ALVES SOARES BOGUCHEVSKI: success
JULIANO CESAR DE OLIVEIRA FAUST: success
KELY CRISTINA VIEIRA DE LIMA: success
LAURA GRAZIELE ZANINI: success
LEONARDO RAMON: success
LUCINEIDE DO NASCIMENTO MARCHIORO: success
MARCOS CESAR DOS SANTOS: success
MARCOS ROBERTO DE SIQUEIRA: success
MILENE ALVES PACHECO DE RAMOS: success
NIKOLAS CABRAL DOS SANTOS: success
OSMAR FRANCO DOS SANTOS: success
PAULA DE ALMEIDA FRANCO: success
RENAN MENDES DE SOUZA: success
RODRIGO OLIVEIRA SIQUEIRA: success
SERGIO WILLIAN BECHER COSTA: success
SILVIA ELIS DE MEDEIROS: success
SIMONE FERREIRA GUIMARAES SILVA: success
STEFAN BORN: success
TATIANA FEIO DE LEMOS GERHARD: success
THIAGO RUAN BARROSO SILVA: success
TIAGO KOLZ BICALHO: success
VALDECIR MARTINS: success
VANDERLEIA HEUKO: success
WANDERSON RODRIGUES VIEIRA: success
