ALESSANDRA HELENA OKAMURA DIOGO: success
ALFREDO JOSE SANTOS VALADAO: success
ALLAN SIMAS DE ALBUQUERQUE: success
ANDREIA APARECIDA PINHEIRO: success
ANDRESSA MICHELLI HERNANDES SANTOS: success
ANGELA COLOMBO: success
BRUNA MARA DE SOUZA MOSKO: success
BRUNO BERTAGLIA: success
BRUNO SILVA ROCHA: success
CHRISTHIAN WESLLEY FERNANDES BEZERRA DA SILVA: success
CLAUDINEI CARMO DA SILVA: success
EMMANUELLE CRISTINA PERIA CONTI BIZ: success
ERASMO ARRUDA VAZ: success
FABIO CHIOVETO: success
FERNANDA GOMES TANFERRE TORRES: success
FLAVIO BANDEIRA SANCHES: success
GUILHERME ANTONIO DE FREITAS SAPIA: success
GUILHERME PAULINO: success
IZABEL CRISTINA SAKUNO DE OLIVEIRA: success
KAREN GIANE BORGES: FAILED - NO EMAIL
LEANDRO ALBERTO ALBUQUERQUE STABILE: success
LUCAS TADEU SILVA DE SOUZA: success
MARCIA KELLI DE JESUS: success
MARCIO DE JESUS GANZERT: success
MARIANA QUADROS PERTILE: success
MARILENE LIMA CONSTANTINO DE ALMEIDA: success
MILENE HESPANHA TRIVINHO: success
NILCE TEREZA RAMBO: success
RAFAEL MARTINS: success
RAFAEL SANTOS DE LUCA: success
RODRIGO ZAMBARDINO GALLOTTI: success
ROGERIO SEGATI: success
ROSANA EIKO OGATA: success
SARAH ADRIANA MATOS BORTOLUZ: success
THIAGO ARANDA DE CAMPOS: success
VANDERLEI LUIZ MALINOSWKI: success
