ADILSON DE OLIVEIRA CARNEIRO: success
ADRIELE BATISTA DA CRUZ: success
ALEX MANTOVANI RAMOS: success
ALINE DE CASTRO AOTO: success
BARBARA ERTHAL PEREIRA BRASSAC: success
CARLOS AUGUSTO VIEIRA: success
DANIELE LEPIESZYNSKI ALVES: success
DUCCIO ALFREDO MATUELLA: success
EDILSON FERREIRA DE ALMEIDA: success
EDINEIA ALVES DE LIMA VIDAL: success
EDMILSON SEGUNDA: success
EDUARDO JOSE FROHLICH DE OLIVEIRA: success
EDUARDO LABATUT HELM JUNIOR: success
FABIANO SCHENKEL DE OLIVEIRA: success
FABIO LUIZ BATTIN MACAN: success
FILIPE ANDRE DE SOUZA: success
GIANCARLO BYTNER: success
GUSTAVO HENRIQUE DA SILVA OLIVEIRA: success
GUSTAVO MARTINS LEONCIO: success
JOAO LUIZ YUTAKA HEIMOSKI: success
KARLA EMMANUELLE BORNANCIM: success
KEILLY MELISSE ZAN: success
LEONARDO NADOLNY: success
LUANA CRISTINA MEDINA: success
LUIZ HENRIQUE PINHEIRO: success
MARCOS FOGACA: success
PATRICIA REGIANE CAMARGO: success
PATRICIA VILELLA ARRUDA: success
PAULO ROBERTO MIKIO HEIMOSKI: success
RAMON PRADO BALADO: success
ROBERTO ALMEIDA KARPINSKI JUNIOR: success
RODRIGO ROCHA LOPES: success
RONALDO CANDIDO ALMEIDA: success
THALITA STEENBOCK FIM: success
VANESSA FELIPETTO: success
