ADRIANO DAL BOSCO: success
ALEXANDRE NERCOLINI: success
ANDRE LOURENSETTI BOCCHI: success
ANTONIO LUIS GEREZ DE AZEVEDO CAMPOS VAZ: success
CAROLINE CEZAR DE MOURA BUENO BECKERT: success
CELSO RICARDO DE SOUZA: success
CLEIRE JOVANE DE OLIVEIRA BRANCO: success
CLEVERSON LUCIANO GUIDARINI: success
ELISEU GALVAO MOLINA: success
ESTHER SPARENBERG RIBEIRO DE ARAUJO: success
FERNANDO APARECIDO DA SILVA: success
GABRIEL CALDEIRA LIMA: success
GRACIELLE BORTOLINI AFFONSO: success
JOSELI ORLANDO GANTZEL: success
KARINA DE AMORIM PIRES: success
KAROL KASUKO ARAKE FRAGOSO: success
LUCIANO ACIOLI DE OLIVEIRA: success
LUCIANO RICHARD TORRES: success
LUDEMAR DE OLIVEIRA: success
LUIS CARLOS SANTOS DA CRUZ JUNIOR: success
MARCELO KUTIANSKI: success
MARIA SALETE GONCALVES: success
MAURICIO DE OLIVEIRA MALI: success
MICHEL DA SILVA DOIMO: success
RAFAELA MAZUR BIZI PASSOS DE FREITAS: success
RAPHAEL HENRIQUE DE CARVALHO: success
REGINALDO FABRICIO DE LIMA: success
ROMULO RIBEIRO FOGACA: success
SANDRA MARTINELLI: success
VALDIRENE ROSA DE ANDRADE: success
VENCESLAU SILVEIRA DE SOUZA: success
VICTOR HUGO AKIO BENASSI UNO: success
VIVIANE BARBOSA DE SOUZA: success
VIVIANE SWISTAK ANDRADE: success
