ADELINA JOANA PEDROSA AZEREDO TOMIELLO: success
ALEXANDER PERIN PIMENTA: success
ALEXANDRE IMPERADOR: success
ANDREIA CRISTINA SURMANI DE SOUZA: success
CARLOS ALBERTO POKES NETO: success
CARLOS HENRIQUE SILVA LIMA: success
CLERECI NEVES GALVAO: success
ELLEN VICTER MOCO MARTINS: success
FLAVIO JOSE CODOGNOTTO: success
GABRIEL VIEIRA THOME: success
GERALDO BOLDT: success
GUILHERME MAC LAREN NOGUEIRA DE QUEIROZ: success
GUSTAVO FERNANDES LOPES: success
IARA DO ROCIO VAZ: success
ISABEL CRISTINA PINTO DE CARVALHO: success
ISRAEL PEREIRA DE ALBUQUERQUE: success
JOAO CARLOS AMARO BISNETO: success
JOSE AUGUSTO REIKDAL: success
KARINA SILVA FARAJ DE ANDRADE: success
LAURI JUNIOR DUQUESNE: success
LEANDRO DE CARVALHO SARDINHA: success
LUCIMEIA SWIECH: success
MARCELO GOMES DE OLIVEIRA: success
MARCIO HENRIQUE WASCOSKI: success
MARCOS AURELIO TISONI: success
MARIANA ONOFRE: success
MARINALDO PASSOS PALHANO: success
NILMAR GONCALVES STRAPASSON: success
RICARDO CAMPOS SERRA: FAILED - NO EMAIL
RODRIGO COLOMBELLI: success
ROSANE CAMARGO: success
SERGIO MACIEL DE MATOS: success
SUELI DOS SANTOS AFONSO: success
WILLEN PAIVA FERMON: success
