ALAN GRUBA BARBOSA: success
ALINE RIBEIRO DE CALDAS: success
ANDERSON CASSIO ORMENI FRANCO: success
CAMILA CHIES CECCONELLO: success
DANIEL HONORIO DA SILVA: success
FABIO RENATO AMARO DA SILVA JUNIOR: success
FABRICIO DA SILVA GOMES NASCIMENTO: success
FLAVIO ROCHA ALVES DOS SANTOS: success
GUILHERME LUIZ DIAS: success
GUILHERME MAURICIO WALL FAGUNDES: success
HELDER AUGUSTO PIOTROWSKI: success
HILISAMA KLUSKA: success
JACKELINE STAHLSCHMIDT CORSI: success
JACQUELINE FERNANDA FACCHI: success
JOSE AURELIO CANDIDO BATISTA: success
JULIANA NASCIMENTO: success
KEILA CARLA COSTA: success
LEONARDO BORGES: success
LUCIANO BENINI OLIVEIRA: success
LUIS HENRIQUE DE OLIVEIRA DOMINGUES: success
MARCO AURELIO RIBEIRO: success
MARCOS ROBERTO BUBNA: success
PAULA CAROLINE WISNIEWSKI: success
PEDRO ROBERTO BELCHIOR DOS SANTOS E LIMA: success
PRISCILA DE FATIMA MARTINS: success
REINALDO SIDUOVSKI: success
ROBERTA BIZINELLI: success
ROGERIO BATISTELLA FERRAREZI: success
SANDRA MARA NEPOMUCENO: success
TAIS MENDONCA DE MELO: success
THAIS MENDES SANTIAGO: success
VIVIANE DE FATIMA PAVAO: success
WILKINSON FABIANO OLIVEIRA DE ARRUDA: success
