ALINE DOS SANTOS BALBINO: success
ANDREY ROBERTO DOS SANTOS: FAILED - NO EMAIL
ANTONIO CARLOS PIMENTEL: success
BRUNO ARAUJO: success
CLAUDIA FONTANA RIBEIRO: success
EDER CASSIO DA SILVA ABREU: success
EDIO PEREIRA DA SILVA: success
EDSON SCHEER: success
ELISEU ARIVERALDO DOS SANTOS PREVEDELLO: success
EVERSON CESAR HAISI: success
FABIO MACHADO DOS SANTOS: success
FELIPE BOFFO DE SOUZA: success
FLAVIO MARCON MARINS: success
GABRIEL SANTOS LORENZI: success
GABRIELA OSORIO DE CARVALHO ARRUDA PAUL: success
GALMIRETE EGIDIO DA SILVA: success
GILMAR JOSE PIRES: success
HIDERALDO LUIS COSTA: success
JACKSON ROBERTO DE SOUZA MARUISHI: success
JANILSON PACHE MOREIRA: success
JESSICA RAFAELA LIMA PANIAGUA ALVES: success
JOAO PAULO CORREA PINHEIRO: success
KARINE INEZ CAVASINI: success
LARISSA HORA DA MOTTA: success
LAURENCE PAZ DE CARVALHO: success
LEANDRO DURSKI PINHEIRO: success
LEONARDO LOPES DOS SANTOS: success
LETICIA RAFAELA DE SOUZA BORGES: success
LILIAN DE MATTOS KALINOWSKI: success
LUIS ANTONIO GONCALVES DE CARVALHO: success
NATACHA BIEDACHA FISCHER DA SILVA KLEIN: success
PAULO HENRIQUE CRIVELLARO FERREIRA: success
RAFAEL FERREIRA DA SILVA: success
REINALDO ZEQUINAO NETO: success
RICARDO DOS SANTOS KIENTEKA: success
ROGERIO BITTAR REGATTIERI: success
THIAGO GRAFFETE LEMBERG: success
VINICIUS TADEU BERNARDES BUCCI: success
WELLINGTON PEREIRA DOS SANTOS: success
YURI ROESLER DA CUNHA RODRIGUES: success
