ADRIANO PEREIRA ADURA: success
ANDERSON PISTOR RODRIGUES: success
ANDREA SCHIAVO: success
ANGELO HALMENSCHLAGER: success
ANNA KARYNE TURBAY PALODETTO: success
CARLOS ALBERTO DIAZ: success
CHARLES MAIA MINCARONE: success
DANIEL MONTENEGRO WOELLNER DOS SANTOS: success
DENISE VASCONCELLOS AZEVEDO: success
EMERSON ANTONIO FELIX: success
ERIKA AZEVEDO SANCHES: success
FABIO FRANCISCO BRONEMANN BINDER: success
FERNANDO KUGNHARSKI: success
FILIPE ZANDER SILVA: success
GESSICA FEITOSA MORAES ANDRADE: success
HELIO KENNEDY GONCALVES VARGAS: success
JANAINA MARIANA GARCIA: success
LAERTES ARANTES DOMINGUES: success
LUCIANO CAETANO DOS SANTOS: success
LUCIANO EVERTON ZULKE: success
LUIZ CARLOS CARNEIRO: success
MARCELO LIMOEIRO: success
MARCELO MAGALHAES PEREIRA: success
MARCIO MARCELO DE SOUZA SUIZU: success
MARCO AURELIO MOURA DE REZENDE: success
MELINA SCHENEIDER BASTOS: success
NATALIA PEREIRA NICHEL: success
NUBIA MARA DE ALMEIDA BOZA: success
OELSON JOSE FELSKI: success
OSMAR NEVES FEIJO: success
PAULO CESAR EUGENIO RIBEIRO: success
RAFAELLA BROSCH GARCIA PAES: success
RAPHAEL LUIS SOUZA DE PAULA: success
RODRIGO DUARTE FERREIRA DOS REIS: success
RONALDO FOGGIATTO: success
RONEY JOSE ALBERTI: success
ROSILENE BARBOSA DA COSTA: success
VANESSA ROCHA MARQUES: success
WILSON PEREIRA DOS SANTOS: success
