ADRIANO MARCOS DE OLIVEIRA: success
ALESSANDRO MERLIM DA SILVA: success
ALEXSSANDRA TATIANA MOREIRA GAVINO: success
ALINI SIMADON: success
ALVARO JOSE MACHADO: success
ANDERSON CLEITON DE SOUZA: success
ANELYSE ARAUJO EPPINGER: success
CAROLINE MANTOVANI: success
CASSIAN ROBERTO FERREIRA DA SILVA: success
CLAUDIA APARECIDA VIEIRA FERNANDES HATA: success
DANILO SANTANA RAMOS: success
DIEGO LUIZ RIBEIRO TRONCHA: success
ELIKA FRANCIELI PIRES FURTUOSO: success
ELTER TAETS GARCIA: success
GISLAINE TARACHUK CORDEIRO: success
HALLEY PIMENTEL MARCELLO: success
INEZ BACHEGA: success
IOLANDA DA SILVA: success
JAIME SINGO: success
JOELCIO RIBEIRO DA CRUZ: success
LUCIANO DIAS DE ARAUJO: success
LUCIANO NENDZA DIAS: success
LUIZ HENRIQUE SANGUINI: success
MAGNO ROBERTO MIRANDA: success
MANOELITO CARVALHO DOS REIS: success
MARCO ANTONIO FARIAS LOURENCO BRAGA: success
MARCOS CHECO VASCONCELOS: success
MARCOS RODRIGO GUARNERI: success
MATHEUS CANDEO IURK: success
PEDRO DINI NETO: success
RENATA SILVA CINTRA: success
SOLENISE PEREIRA LEAL: success
THIAGO MAIA GONCALVES: success
VINICIUS WENSERSKY: success
VIVIANE BERNARDES DE LIMA: success
WANDERLEI JOCELY VILLA: success
