ALAN LEINDORF RODRIGUES: success
ALECIANE ROBERTA DE OLIVEIRA: success
ALEXANDRE GONCALVES: success
ALLEN PAIVA FERMON: success
ANDERSON FRANCYS DA SILVA: success
CAMILA BOSCARDIN NAVARINI: success
CHRISELLEN LARISSA SAQUETO: success
CLAYTON BATISTA DO NASCIMENTO: success
DANIELA CORREA ANTUNES ANDRADE: success
DIEGO FERNANDES VALIM: success
EDILENE MACEDO DE LIMA: success
EDUARDA WINTER THIER: success
FABRICIO LORENO SILVA DE OLIVEIRA: success
FERNANDO ZAMONER: success
FRANK YOSHIO MARUBAYASHI: success
GABRIEL TOTOLA FONTANA: success
GEORGE LANCONI DE OLIVEIRA LIMA: success
GLAUCIANE LEAL DOS SANTOS: success
GLEISON DE OLIVEIRA GEROMEL: success
HELGA PATRICIO PINHEIRO: success
HELIO WANDERLEY ARAUJO: success
JOHNNY EVERTON BARBOSA BUENO: success
JOSY ROMERO: success
LUIS GUSTAVO BERTUOL: success
MARCOS TODISCO SILVEIRA: success
PATRICIA CONCEICAO NOBRE PAZ: success
PAULO ALVES DE OLIVEIRA: success
REINALDO MONTEIRO SILOTO: success
RODOLFO CASTAGNOLI JUNIOR: success
RODRIGO ZANONI: success
SAMIA CRISTINA COSER: success
SANDRA DE SOUZA ALMEIDA: FAILED - NO EMAIL
THAIS ZIELINSKI: success
VALDINEI BRUNETTA DOS SANTOS: success
VERA GALLEGO VIEIRA: success
VIVIANE XAVIER ALVES: success
WANDERLEI ROBERTO MARQUES INACIO: success
