ADONES SALES: success
ALISSON SANTOS SANTANA: success
ANDERSON LUIS BRUMATO: success
ANDERSON SERGIO PEREIRA: success
ANDREZA NUNES GONCALVES DA ROCHA: success
BRUNO BARROS CUNHA: success
CAMILA FERREIRA DOS SANTOS VIEIRA: success
CARLOS DAMIAO ALVES ROSA: success
CASSIANA GABOARDI RAMOS: success
CELINA GONCALVES: success
DIEGO ELIESER ALMEIDA DA SILVA: success
DIEGO GRUBBA SCHITKOVSKI: success
EMMANOEL ASCHIDAMINI DAVID: success
FABIANO CHAGAS: success
FABIANO DOS SANTOS BRECHA: success
FABIANO RODRIGO TEIXEIRA PINTO: success
FLAVIA FREIRE: success
HELLEN CRISTINA DOS ANJOS: success
ISABEL FERNANDA GARCIA DE FREITAS: success
JESUEL DE OLIVEIRA LEAL: success
JOAO MARIA GOOD NETO: success
JULIANA ANDREIA DE PAULA RUSSO: success
JULIANA LEPIESZYNSKI ZEIDAN: success
LEANDRO LARGER RODRIGUES: success
LUCIANO GAVAZZONI BANDEIRA: success
LUIS EVERTON FONSECA SOARES: success
MADALEINE FERNANDES: success
MAGDA ANTONIA METZ: success
MARIA ANDREIA DE OLIVEIRA PINTO: success
MAURICIO BONATTO GUIMARAES: success
NILSON PROVATE QUEIROZ: success
RAFAEL LUCAS PIRES: success
ROBERTO LUIS KLINGER DE CARVALHO: success
ROSANGELA GONCALVES RUAS LUCAS: success
SAMANTA CARVALHO SANTANA: success
SANDRO AMARAL: success
VERA LUCIA RODRIGUES GAIA PALUDZYSZYN: success
WELLINGTON JOSE DUTRA NUNES: success
