ANDRE CARLOS SENDECKI: success
DARCI LUZIA DA SILVA: success
DIEGO COELHO ANTUNES RIBEIRO: success
ELIAS LENZ: success
FABRICIO EMMERICK DE SOUZA MENDONCA: success
GUILHERME LIMA ABUSSAFI DOS SANTOS: success
HELCIO PIASSETTA: success
KARINA SANTOS MAZIA: success
LEANDRO ROQUE MUNIN: success
LISERIO GERALDO SENN: success
LUCAS DE FIGUEIREDO MAIA: success
LUCIANE DO ROCIO ORTES: success
LUIZ FERNANDO OLIVEIRA: success
LUZANA FUMAUX COELHO: success
MAGDA MARINA FERREIRA HOFSTAETTER: success
MARCELO BRAGA LACERDA FILHO: success
MARCIO MOREIRA DOS SANTOS: success
MARCO AURELIO VICENTINI: success
MARCOS LEANDRO SANTOS MOURA: success
MARCOS MAURICIO PESTANO: success
MARCUS YUTAKA YOSHIMOTO: success
MARILIA FREIESLEBEN DOZZA: success
MARLON LUIZ DE FREITAS XAVIER: success
MAYRA WAGNER PACHECO: success
PEDRO MARCELO MOSSE GALVAO: success
RAFAEL ALMADA GAIO: FAILED - NO EMAIL
RAFAEL REJEILI SEFRIN: success
RAPHAELA SCHMIDT DYBAS: success
ROBSON DE SOUZA TEIXEIRA: success
RODRIGO MADEIRA AZAMBUJA: success
ROSANGELA LEMES FRANCO: success
THIAGO VICELLI CIDRAL DA COSTA: success
VALDECI RIBEIRO DOS SANTOS: success
VIVIAN CRISTHIANE MONTEIRO PEREIRA: success
