ADRIELE BATISTA DA CRUZ: success
ALINE APARECIDA DE LIMA MORELLO: success
ANDRESSA MICHELLI HERNANDES SANTOS: success
EMMANUELLE CRISTINA PERIA CONTI BIZ: success
FABIO CHIOVETO: success
GALMIRETE EGIDIO DA SILVA: success
JOSY ROMERO: success
KARINA SILVA FARAJ DE ANDRADE: success
KEILA CARLA COSTA: success
LOUISE JULIANE SANDRI: success
MARCELO GOMES DE OLIVEIRA: success
MICHEL DA SILVA DOIMO: success
MONICA GOMES BOECHAT: success
PATRICIA COCCIA PRUDENCIO: success
RAFAEL SOUZA CRUZ: success
ROBSON DE SOUZA TEIXEIRA: success
RODOLFO CASTAGNOLI JUNIOR: success
SEBASTIAO AFONSO FERREIRA: success
VALDINEI BRUNETTA DOS SANTOS: success
VANDERLEI LUIZ MALINOSWKI: success
YURI ROESLER DA CUNHA RODRIGUES: success
