ADRIANO CHOHFI: success
ADRIANO PEREIRA ADURA: success
ALDO SILVA NETO: success
ALESSANDRO SCHONBERG DAVID: success
ALINE DOS SANTOS BALBINO: success
ANA BEATRIZ FERRAZ DORIGO: success
ANA CLAUDIA NEVES: success
ANDERSON FRANCYS DA SILVA: success
ANDRESSA MENINE MANN: success
ANNA KARYNE TURBAY PALODETTO: success
ARCIO MILTON WAILLER NETO: success
BEATRIZ GABARDO JARZINSKI: success
CAIO FERNANDO NUNES DO VALLE LIMA: success
CARLA ZANELLATO KRZIZANOWSKI: success
CELINA GONCALVES: success
CLAUDIA MARTINS DE SOUZA: success
CLEVERSON LUIS DOS SANTOS GONZAGA: success
DANIEL NOCERA ZANETTE: success
DIEGO ALMEIDA SANTIAGO: success
DIEGO LUIZ RIBEIRO TRONCHA: success
DIOGO FANTI SILVA: success
EDER DIAS LAGE: success
ELISE DALMAS: success
EMMANUEL GUSTAVO BENJOINO BRANDAO: success
EVELISE DO ROCIO AMARAL: success
FABIANO NOGUEIRA: success
FABIANO RODRIGO TEIXEIRA PINTO: success
FABIO JOSE DA COSTA: success
FABIOLA DA MOTTA FIGUEIRA: success
FILIPPE MORAIS DE CARVALHO: success
FLAVIA FREIRE: success
FRANCIELY ROSSINI: success
GEORGE LANCONI DE OLIVEIRA LIMA: success
GUILHERME MAURICIO WALL FAGUNDES: success
GUILHERME RANGEL DE MELO ALBERTO: success
HELLEN CRISTINA DOS ANJOS: success
IVAN JOSE DA SILVA DIANA: success
IWER BRUNO CIVIDINI: success
JACKELINE STAHLSCHMIDT CORSI: success
JOAO PEDRO DUTRA FILHO: success
JOHNANDERSON STEFANI BATISTA: success
JOHNNY EVERTON BARBOSA BUENO: success
JONAS EDUARDO PEIXOTO DO AMARAL: success
JONATHA ARUS CUNHA: success
JOSE AUGUSTO DE OLIVEIRA CARATU: success
LAERTES ARANTES DOMINGUES: success
LEONARDO DE SOUZA QUEIROZ DA SILVA: success
LETICIA GABRIEL ROMAGNOLO: success
LUANNA LICNVESKI DOS SANTOS: FAILED - NO EMAIL
LUCIANE BUENO: success
LUCIANE GROCHOCKI: success
LUIS CARLOS SANTOS DA CRUZ JUNIOR: success
LUIZ GUILHERME ARAUJO DE ANDRADE: success
MARCELLO SOARES CEZARIO: success
MARCELO MARIANO PEREIRA: success
MARCIO MOREIRA: success
MAURICIO BONATTO GUIMARAES: success
MESSIAS DOS SANTOS OLIVEIRA: success
MIKAIL MOSS HORODECKI: success
NATALIA PEREIRA NICHEL: success
NEUMARIZE NEUMANN: success
NILO GOMES PAIVA: success
OSMAR NEVES FEIJO: success
PASCOAL FERMINO FILHO: success
PATRICIA ANDREA FERNANDES AQUINI: success
PATRICIA VILLA COSTA VAZ: success
PAULA CHRISTIANE BRISOLA: success
PAULO ALVES DE OLIVEIRA: success
PAULO EDUARDO BARCELLOS: success
PAULO ROBERTO BONFLEUR: success
PAULO THIAGO LECHENAKOSKI: success
PEDRO HENRIQUE SILVA SANTOS: success
PHYLIPE FRANCISCO MICHEVIZ: success
PRISCILLA FERREIRA FREITAS: success
RAFAEL MARCHINI: success
ROBERTO CARLOS ALVES DE SOUZA: success
RODRIGO BRAGA MICHON: success
RODRIGO MARCOS: success
RONALDO ELIAS BAPTISTA WENCESLAU: success
SANDRO AGARIE: success
SANYLEI WEBER BURCHARDT: success
SHEILA MAGDA SCHNEIDER DOS SANTOS: success
SIMONE FERREIRA GUIMARAES SILVA: success
THIAGO LUIZ MENGAL SOARES: success
THIAGO MAIA GONCALVES: success
THIAGO SCHLUTER DE OLIVEIRA: success
TIAGO DE ARAUJO: success
VINICIUS STIEVANO CARNEIRO: success
VIVIAN DE ARAUJO RAMACCIOTTI: success
WALTENCIR BRITO FERREIRA: success
ADRIANO CHOHFI: FAILED
