ADRIANA CASTELLO BRANCO MANZOCHI: success
ALESSANDRO GONCALVES: success
ALESSANDRO ROBERTO LUZ: success
ALESSANDRO SCHONBERG DAVID: success
ANA BEATRIZ FERRAZ DORIGO: success
ANA PAULA SOARES GOMES: success
ANDERSON ANDREI GROSSO: success
ANDERSON CLEITON DE SOUZA: success
ANDRESSA MENINE MANN: success
CAROLINE CASTILHO DE ARAUJO GIANOTTI: success
CINTHIA GONCALEZ DA SILVA: success
CLAUDIO DIAS DA SILVA: success
DIOGO ARAUJO MODESTO: success
EDSON LUIZ WOJCIK: success
EDUARDO BONETI MOREIRA: success
ELISE DALMAS: success
ERENICE APARECIDA BAGNOLLI BORSATO: success
FABIOLA DA MOTTA FIGUEIRA: success
FERNANDO HENRIQUE XAVIER DA COSTA: success
FRANCIELY ROSSINI: success
GABRIEL TOTOLA FONTANA: success
GABRIEL VIEIRA THOME: success
GIOVANNA ANTONUCCI BRITO OLIVEIRA: success
GLAISON LIMA RODRIGUES: success
GRACIELLE BORTOLINI AFFONSO: success
GUSTAVO TOSHIO TAKAKI HIRATA: success
HENRIQUE NICOLAU ZANELLO SEVERINO ALVES: success
HORMINIO DE PAULA LIMA NETO: success
JAMILLE MIGUEL SOUZA SALVADOR: success
JOSE HENRIQUE DA SILVA SALES: success
KATIUSCIA VALIENTE URNAU: success
KELI ROCHA DOS SANTOS: success
KELVIN JUNIOR BRESSAN: success
KRYSTIANO TOSHIRO MORIYA NIDAHARA: success
LUCAS AUGUSTO ABBOTT JACOB: success
LUCIANE GROCHOCKI: success
LUIS FABIANO CHAGAS: success
LUIZ GUILHERME ARAUJO DE ANDRADE: success
MARCELLO SOARES CEZARIO: success
MARCIA VALERIA DE MENEZES SOARES: success
MARCIO MOREIRA: success
MIKAIL MOSS HORODECKI: success
PASCOAL FERMINO FILHO: success
PATRICIA VILLA COSTA VAZ: success
PAULA CHRISTIANE BRISOLA: success
PAULO THIAGO LECHENAKOSKI: success
PEDRO HENRIQUE SILVA SANTOS: success
PHYLIPE FRANCISCO MICHEVIZ: success
PRISCILLA FERREIRA FREITAS: success
RAPHAEL LOURENCO LANG DIAS: success
RENATO VIDAL ALVES JUNIOR: success
RICARDO PONTES DE ALMEIDA: success
RODRIGO MARCOS: success
ROGERIO PUFF: success
SAMIA CRISTINA COSER: success
TAIANA DE LOYOLA HERIDES: success
TATIANA LOUISE GAZDA: success
VICTOR DAHER RODRIGUES DOS SANTOS: success
VIVIANE DE OLIVEIRA MORAIS: success
