ALCILENY ADRIANA DA CUNHA ARTIGAS: success
ALINE DOS SANTOS BALBINO: success
ALINE NASCIMENTO SANTOS RENZETTI: success
ANA PAULA NICKEL THOMAZINI: success
ANANDA MURICY ERNESTO: success
ANDERSON FRANCYS DA SILVA: success
ANNA PAULA DE FRANCA DOS SANTOS: FAILED - NO EMAIL
ATHAISA BATISTA CARLA DE SOUZA: success
BIANCA GARCIA NERI: success
CAMILA DUARTE: success
CAMILA FERREIRA DOS SANTOS VIEIRA: success
CARLA ZANELLATO KRZIZANOWSKI: success
CARLOS FERNANDO COSTA DE LIMA: success
CAROLINE CASTILHO DE ARAUJO GIANOTTI: success
CELINA BUGALSKI: success
CHRISTIANNE KARIN WAGNER PANCHENIAK CHEQUIM: success
CLARICE PIRES DIAS DA SILVA: success
CRISTINA ALEXANDRA ROSANE MOCELIN: success
DANIEL LUIZ UMEBARA: success
DANIELA CORREA ANTUNES ANDRADE: success
DANIELA MARQUES: success
DANIELY ARAUJO BARBOSA FERNANDES: success
DESIREE DA CAMARA LEAL: success
EL SANTOS DE FREITAS CAVALCANTI: success
EMMANUEL GUSTAVO BENJOINO BRANDAO: success
ENIELLE DONDA FERNANDES DA SILVA: FAILED - NO EMAIL
ERIKA AZEVEDO SANCHES: success
ESTELLA JAQUELINE LOPES: success
FABIANA CERDA BASTIDAS: success
FABIANO RODRIGO MACHADO MARTINI: success
FABIO BRAGANCA MARTINS: success
FABIO DE OLIVEIRA DA SILVA: success
FABIO RENATO AMARO DA SILVA JUNIOR: success
FABIO RODRIGO PRINCIPE: success
FELIPE AKIO DE SOUZA HIRATA: success
FERNANDA ANTONIO PERAO: success
GESSICA FEITOSA MORAES ANDRADE: success
GIANA MOSCALESKI: success
GOLSOOM HUSSAINI SADAT: FAILED - NO EMAIL
GUSTAVO TOSHIO TAKAKI HIRATA: success
IARA DO ROCIO VAZ: success
IOLANDA DA SILVA: success
IVANDO PAIVA DA CUNHA: success
JANAYNA COSTA RIBEIRO FREIRE: success
JEAN PAULO DA SILVA BRUNHARI: success
JESSYCA LETICIA MORONA: FAILED - NO EMAIL
JEWERSON MORAES CALDAS: success
JONATHA ARUS CUNHA: success
JOSILAINE DE FATIMA FERREIRA: FAILED - NO EMAIL
JOSIMERI RAMOS ANASTACIO: FAILED - NO EMAIL
JULIANA CORDEIRO DA SILVA: success
JULIANA GONCALVES MORETTI SHIRAISHI: success
KAREN GIANE BORGES: FAILED - NO EMAIL
KARINA SILVA FARAJ DE ANDRADE: success
KELY CRISTINA VIEIRA DE LIMA: success
LARISSA CRISTINA PICETSKEI: success
LETICIA GABRIEL ROMAGNOLO: success
LISETE VEIGA SALOMAO: success
LUCIANA DE NOVAES: success
LUCIANA SOUZA: FAILED - NO EMAIL
LUCIANE GROCHOCKI RESENDE: success
LUCINEIDE DO NASCIMENTO MARCHIORO: success
LUIZ RENATO MARTINS: success
MALUHA SOARES DE MIRANDA SILVA: success
MANUELA SALAMONI GAZZI: success
MARCELO LIMOEIRO: success
MARCOS AURELIO HINTZ MARTIM: success
MARCOS CESAR DOS SANTOS: success
MARILZA DO ROCIO STOCO: success
MERCIA AKEMI ASSANUMA: success
MICHELLE CRISTINA CORTES FERRACINI: success
MONICA DOS SANTOS: success
MONICA GOMES BOECHAT: success
NATACHA BIEDACHA FISCHER DA SILVA KLEIN: success
NATALIA PEREIRA NICHEL: success
NATHALLY MARQUES ALVES FERREIRA MOUREBRUN: success
NEUMARIZE NEUMANN: success
PATRICIA CONCEICAO NOBRE PAZ: success
PATRICIA DOS SANTOS ROGGIA: success
PATRICIA VILLA COSTA VAZ: success
RAFAEL BACELAR DE SOUZA: success
RAFAELI ROCHA DE LIMA: success
RAFAELLA CRISTINA MULLER: success
RAQUEL RIGO FRUMI: success
RENATA MAGALHAES BOHRER: success
ROBERTO CARLOS ALVES DE SOUZA: success
SAMIA CRISTINA COSER: success
SAMIRA DANIELE LUBE: success
SANDRA DA SILVA CASTRO DA FONSECA: success
SANDRA LEAL: success
SARAH ADRIANA MATOS BORTOLUZ: success
SHEILA MAGDA SCHNEIDER DOS SANTOS: success
SILVANA DO ROCIO RASERA: FAILED - NO EMAIL
SILVIA DO ROCIO STEIN: FAILED - NO EMAIL
TATIANA DE CASTRO DUARTE MACHADO: success
VALQUIRIA GIL TISQUE: success
VANESSA DOS SANTOS FERREIRA DOURADO: success
VITOR SOARES GOTTARDO: success
