ALLEN PAIVA FERMON: success
ANA PAULA SOARES GOMES: success
ANNA PAULA DE FRANCA DOS SANTOS: FAILED - NO EMAIL
CAMILA BARBOSA ALVES DOS SANTOS: success
CAMILA DUARTE: success
DANIEL HONORIO DA SILVA: success
ELIETE APARECIDA KOVALHUK: success
ESTELLA JAQUELINE LOPES: success
FLAVIO ADRIANO BALAN: success
GOLSOOM HUSSAINI SADAT: FAILED - NO EMAIL
JOSILAINE DE FATIMA FERREIRA: FAILED - NO EMAIL
LETICIA ROSONI DOS SANTOS: success
LUCIANE GROCHOCKI RESENDE: success
MARCELIA APARECIDA HIPOLITO ANTUNES DE BARROS: success
PATRICIA VILLA COSTA VAZ: success
RAFAEL REJEILI SEFRIN: success
RAFAELLA CRISTINA MULLER: success
RAPHAEL LOURENCO LANG DIAS: success
ROBERTO CARLOS ALVES DE SOUZA: success
VALDECIR MARTINS: success
