ALINE NASCIMENTO SANTOS RENZETTI: success
ALLAN FERNANDO BANASEWICZ: success
ANA CLAUDIA NEVES: success
ANDRE RODOLFO GIL TENERELI: success
ANDRESSA SERA TODESCHINI: success
ANNA PAULA DE FRANCA DOS SANTOS: FAILED - NO EMAIL
ARION NAGNIBEDA SILVA: success
CELSO DURAT JUNIOR: success
DEBORAH CRISTIANE LOBO RODRIGUES DOS SANTOS: success
DILSO MORGEROT: success
DUICINEIA ANGELA CECATTO: success
EDSON MARINHEIRO DA SILVA: success
EDSON RODRIGUES DE OLIVEIRA: FAILED - NO EMAIL
ELIOTT DE SOUZA CABRAL: success
EMANUELLE REGINA PIRES DA COSTA RAGHI: success
EMMANUEL LUCAS SOARES DE MOURA: success
FABIANO SCHENKEL DE OLIVEIRA: success
FABIO LOPES PEREIRA: success
FERNANDO FABIANO CASTELLANO JUNIOR: success
FILIPPE MORAIS DE CARVALHO: success
GABRIEL VIEIRA THOME: success
GOLSOOM HUSSAINI SADAT: FAILED - NO EMAIL
GONCALO REGO MONTANHA REBELLO: success
GRACIELLE BORTOLINI AFFONSO: success
HELENA JIVANA IRRIGARAY STEIN: success
IARA DO ROCIO VAZ: success
ISABEL VIESSER: success
JOAO LUIZ YUTAKA HEIMOSKI: success
JONAS EDUARDO PEIXOTO DO AMARAL: success
JOSIANE APARECIDA RODRIGUES: success
JOSILAINE DE FATIMA FERREIRA: success
JULIANA RIBAS TEIXEIRA: success
JULIANO CESAR DE OLIVEIRA FAUST: success
KEVIN KRAUSE: success
LENIR BAVARESCO: success
LUCIANA REGINA KOSOSKI: success
LUCIANE GROCHOCKI RESENDE: success
LUIZ RICARDO AMARAL: success
MANOELA POZZOLO PEDRO: success
MARCIA VALERIA DE MENEZES SOARES: success
MARCOS RODRIGO GUARNERI: success
MARCUS YUTAKA YOSHIMOTO: success
MARIA EDUARDA CAPRILHONE GUALDESSI: success
MARIA OLIVIA BANDEIRA: success
MARIANA WLADYKA: success
MARILIA CASTRO DE MELO: success
MAURICIO BONATTO GUIMARAES: success
MAURO BORGES DA SILVA: success
MICHELLE SIQUEIRA MAIA FRANCO: success
MIKAIL MOSS HORODECKI: success
MILENE ALVES PACHECO DE RAMOS: success
MONICA MEISTER: success
NATACHA BIEDACHA FISCHER DA SILVA KLEIN: success
NATHALLY MARQUES ALVES FERREIRA MOUREBRUN: success
NIELLY LUIZ MENDES: FAILED - NO EMAIL
PATRICIA CONCEICAO NOBRE PAZ: success
PATRICIA VILLA COSTA VAZ: success
RAFAEL AGUSTO BERTUOL: success
RAFAEL WANDERLEY CAMARA: success
RAFAELLA CRISTINA MULLER: success
RAMON CAVALCANTI CESCHIM: success
RAQUEL RIGO FRUMI: success
REJANE DI LUCA MELANI: success
ROBERTO CARLOS ALVES DE SOUZA: success
ROMI HELENA MORAES: success
ROSANE CAMARGO: success
RUBIA MEY DE SAMPAIO STENZEL: success
SERGIO MURILO REGULA ESPOSITO: success
SILMARA DE LIMA MATIOSKI: success
SOLENISE PEREIRA LEAL: success
SUZETE ELIZABETH GRASSI GARBERS: success
TAINA LAZARINI OLIVEIRA: success
TAIS MENDONCA DE MELO: success
THIAGO MAIA GONCALVES: success
VALDERES LUIZ SCALCO: success
VERA LUCIA BACHMANN: success
VERA LUCIA RODRIGUES GAIA PALUDZYSZYN: success
VINICIUS STIEVANO CARNEIRO: success
VIVIANE DE FATIMA PAVAO: success
VIVIANE DE OLIVEIRA MORAIS: success
WALESKA SOUZA MARTINS: success
YURI ROESLER DA CUNHA RODRIGUES: success
