ANDREA SCHIAVO: success
CARLOS AUGUSTO VIEIRA: success
ELISEU ARIVERALDO DOS SANTOS PREVEDELLO: success
ELLEN VICTER MOCO MARTINS: success
FABIANA CERDA BASTIDAS: success
FABIO RODRIGO DA SILVA: success
FABIOLA DA MOTTA FIGUEIRA: success
FERNANDA GEMIN DE MELLO: success
GABRIELA FEUCHT: success
GOLSOOM HUSSAINI SADAT: FAILED - NO EMAIL
KARLA EMMANUELLE BORNANCIM: success
LUAN GONCALVES DA SILVEIRA: success
LUIS ANTONIO DA SILVA: success
MAIARA DIAS WINCARDT: success
MARIANA MARTINS DUARTE: success
MAURICIO CHOUITY IMAY: success
NAIANA CASAGRANDE: success
PEDRO CEREN: success
PEDRO HENRIQUE MILITAO ROCHA FARIAS: success
RAQUEL RIGO FRUMI: success
SANDRA DE SOUZA ALMEIDA: FAILED - NO EMAIL
SARA DE ANDRADE DA SILVA: success
SILVIA ELIS DE MEDEIROS: success
SOLENISE PEREIRA LEAL: success
