ALISSON SANTOS SANTANA: success
ANA PAOLA KIM SARAVIA: success
BRUNO TREVISAN DA MOTTA ROMERO: success
CAMILA FERREIRA DOS SANTOS VIEIRA: success
DAIANI FERNANDES DE OLIVEIRA: success
DANYELLE MOROZ: success
DIEGO ELIESER ALMEIDA DA SILVA: success
DIONE BARCHAKI: success
EDUARDO BONETI MOREIRA: success
ELIANE APARECIDA HAAS SOARES: success
ESTEVAO SANTOS VIRGINIO: success
FERNANDO ZAMONER: success
FILIPPE MORAIS DE CARVALHO: success
GIAMPAOLO COSTA: success
GIRLENE JESUS DAS VIRGENS: success
GRAZIELI ANA PAULA SCHMITZ: success
GUILHERME GENTIL FERNANDES: success
JOAO MARIA GOOD NETO: success
JULIANO DANIEL SCHEREMETTA: success
LAIZ GRAZIELLI MONTEIRO CAUBA: success
LEONARDO RIBEIRO DE OLIVEIRA: success
LUCIANE BUENO: success
MICHEL DEQUECH CARDOSO: success
NAIANA CASAGRANDE: success
OSMAR FRANCO DOS SANTOS: success
PAULA DE ALMEIDA FRANCO: success
PAULO ROBERTO DA SILVA MOREIRA: success
POLLYANNA NOVAES DE QUEIROZ: success
RAFAEL POCRIFKA SCHULTZ: success
ROBERTO SHIGUEKAZU SHIRAISHI: success
RODRIGO NAZARENO DE CAETANO: success
ROSANGELA GONCALVES RUAS LUCAS: success
TANIA MARA CAVALHEIRO: success
THAISA GIONGO PEREIRA: success
THIAGO ANDRADE DOS SANTOS: success
VANESSA CRISTINE MARTINS: success
VICENTE LINO MARCHALEK: success
WANDERLEI ROBERTO MARQUES INACIO: success
WELLINGTON JOSE DUTRA NUNES: success
