ADONY MARTINS PASCHOALIN SANTOS: success
AMANDA ALVES GONDASKI: success
AMANDA ZAPPELLINI ZANELATTO: success
ANDREZA NUNES GONCALVES DA ROCHA: success
ANTONI TADEU PANSARDI: success
BEATRIZ DA SILVA PEREIRA BATISTA: success
BENEDITO DA SILVA: success
CAMILA RODRIGUES MILANE SOARES: success
CAROLINA LEONE: success
CELINE FATIMA BERALDO: success
CEZAR GIOVANI FERREIRA DA SILVA: success
DANIELY ARAUJO BARBOSA FERNANDES: success
FLAVIO JOSE CODOGNOTTO: success
GABRIELA PEREIRA DOMINGUES: success
HALLEY PIMENTEL MARCELLO: success
HELLEN NATHALY STELLE: success
IZABEL CRISTINA HIAMILKO FRIZZO: success
JOYCE GABRIELLA RIBEIRO DA SILVA: success
JULIA MARIA CORVEL MOREIRA: success
JULIANA ANDREIA DE PAULA RUSSO: success
JULIANNA MOLINA ZAMBAO: success
KEILA FABIO DA SILVA ALVES COLONIEZI: success
LEONARDO NADOLNY: success
LEONARDO RODRIGUES PEREIRA: success
LORENA VICENTE FRACARO: success
LUANA MARQUES OLEKSSEI: success
LUISA CAVASSIN RIBEIRO: success
LUIZA BEATRIZ DE BRITO: success
MARCELO LIMOEIRO: success
MARIA EDUARDA FRANCISCO ALEIXO: success
MARINA LETICIA SETIM: success
MARYSOL SCHINDLER FAGUNDES: success
MATEUS HENRIQUE CUNHA DE FARIA: success
MONICA GOMES BOECHAT: success
PAULINA MANOELA FERREIRA DE MELLO DE SOUZA: success
PAULO CRISTIANO MARTINS RAMOS: success
PEDRO HENRIQUE DE SOUZA ALVES: success
RAFAEL CONOR: success
SIMONE OLIVEIRA PONTES: success
SONIA CRISTHINA GARCIA DA ROCHA: success
THAIS BORGES FABRICIO: success
THAMYRIS TEIXEIRA TOLEDO: success
THAYNA PAIM: FAILED - NO EMAIL
THIAGO RUAN BARROSO SILVA: success
VICTOR DAHER RODRIGUES DOS SANTOS: success
