AGNES KARINI BILL MARTINS LOPES: success
ALVIR RIESEMBERG NETO: success
ANA BEATRIZ FERRAZ DORIGO: success
ANA CLAUDIA NEVES: success
ANA PAULA CUNHA CARVALHO: success
ANA PAULA DAGOSTIN: success
ANA PAULA DE MATOS FRAGA SANTOS: success
ANDRESSA MICHELLI HERNANDES SANTOS: success
BRUNA MARA DE SOUZA MOSKO: success
BRUNA ZANARDI: success
CAMILA BARBOSA ALVES DOS SANTOS: success
CARLA CAMPOS AVANZI: success
CARLA ZANELLATO KRZIZANOWSKI: success
DANIELLE CHRISTINE FERNANDES DE OLIVEIRA: success
EMMANUEL GUSTAVO BENJOINO BRANDAO: success
EMMANUEL LUCAS SOARES DE MOURA: success
ESTELA REGINA TEIXEIRA THOMAZ: success
EVELISE DO ROCIO AMARAL: success
EVERALDO AKIO SAKATA: success
FABIANA CERDA BASTIDAS: success
FABIO LOPES PEREIRA: success
FABIO MARCELO GBUR: success
FABIOLA DA MOTTA FIGUEIRA: success
FERNANDA ANTONIO PERAO: success
FERNANDO HENRIQUE RIBEIRO VIEIRA: success
FERNANDO KUGNHARSKI: success
FILIPPE MORAIS DE CARVALHO: success
FLAVIO ADRIANO BALAN: success
FRANCIELLY DA COSTA SILVA: success
GABRIELA FEUCHT: success
GIOVANA LABA DE JESUS: success
GLAUCIANE LEAL DOS SANTOS: success
GUILHERME BAZILIO BROIETTI: success
GUSTAVO FERNANDES LOPES: success
HELENA JIVANA IRRIGARAY STEIN: success
ISABEL VIESSER: success
ISABELA KARINE RODRIGUES DA SILVA MARTINS: success
JAQUELINE LAZZARIN: success
JESSICA RAFAELA LIMA PANIAGUA ALVES: success
JOSE ANTONIO LEPREVOST NETO: success
JOSE REGIS DAS NEVES NETO: success
JOSIANE APARECIDA RODRIGUES: success
KAREN LARISSA BZYL BIANCHET: success
KEILLY MELISSE ZAN: success
KELLY CRISTINA ROCHA AZARIAS BRASIL: success
KELVIN NOGUEIRA GOMES: success
LAURA LORENZINI FERNANDES OLIVEIRA: success
LEANDRO VADALA ALMEIDA: success
LEONARDO SKOREK: success
LIVIA MARIA SHWETZ DA SILVA: success
LUCAS TADEU SILVA DE SOUZA: success
LUCIANE STAMPOSKI: success
LUIZA PEREZ MORAES: success
MARCELO LIMOEIRO: success
MARCELO VINICIUS DE LIMA GUINOT: success
MARCOS RODRIGO GUARNERI: success
MARCOS VENICIO ROHR: success
MARIANA SILVA CAVALCANTI: success
MARLI STRAITEMBERG PIRES: success
MELINA FERREIRA DOS SANTOS: success
MICHELE MACHADO DE MEDEIROS: success
MONICA GOMES BOECHAT: success
MONICA MEISTER: success
NATALIA PEREIRA NICHEL: success
PAULO HENRIQUE CARNEIRO: success
PHYLIPE FRANCISCO MICHEVIZ: success
PRISCILLA FERREIRA FREITAS: success
RAFAEL CENTENO DE CAMPOS: success
RAPHAEL LOURENCO LANG DIAS: success
RAQUEL RIGO FRUMI: success
RAQUEL ROCHA: success
RENATA JACON VOLOCHEN: success
RENATA MAGALHAES BOHRER: success
RODRIGO BERTUOL: success
ROSANA TEREZINHA RIBEIRO: success
ROSANE CAMARGO: success
SANDRA DA SILVA CASTRO DA FONSECA: success
SARAH ADRIANA MATOS BORTOLUZ: success
SERGIO ARTUR MORGENSTERN FERREIRA FILHO: success
SHEILA MAGDA SCHNEIDER DOS SANTOS: success
SIMONE DE SOUZA ROSA: success
SIMONE VOLSO CASSIANO MAGALHAES: success
SYLVIO PIVA JUNIOR: success
THAIS EMI FUJIHARA: success
THIAGO AGUIAR FACHEL: success
THIAGO MAIA GONCALVES: success
TIAGO COUSSEAU: success
URSULA JOSELITA BOZZA PERES: success
VALDICE RAQUEL WAGNER PACHECO: success
VANESSA ROCHA MARQUES: success
VANESSA SPONHOLZ NEIVERTH: success
