ANA PAULA NICKEL THOMAZINI: success
ANANDA MURICY ERNESTO: success
ANNA CLARA CARGNIN: success
BIANCA GARCIA NERI: success
BRUNA MAIRA ROCHA ALMEIDA COELHO: success
BRUNA MARA DE SOUZA MOSKO: success
CAMILA DUARTE: success
CAMILA FERREIRA DOS SANTOS VIEIRA: success
CARLA ZANELLATO KRZIZANOWSKI: success
CAROLINA NEVES DE FIGUEIREDO: success
CAROLINNE DOS SANTOS FERNANDES: success
CEZAR GIOVANI FERREIRA DA SILVA: success
CINTIA YURI TOKAIRIN: success
DANIELY ARAUJO BARBOSA: success
DEDIANE BARBOSA FARIAS: success
EDUARDA WINTER THIER: success
ELISEU ARIVERALDO DOS SANTOS PREVEDELLO: success
EMERSON ALBERTI: success
ERASMO TADEU SARU KWIATKOWSKI: success
FABRICIO DA SILVA GOMES NASCIMENTO: success
GIANA MOSCALESKI: success
GIOVANNI ROBERTO BARBIERO: success
GUILHERME BAZILIO BROIETTI: success
GUILHERME HENRIQUE TITON HOTZ: success
GUSTAVO VARELLA: success
HALLEY PIMENTEL MARCELLO: success
HELDER AUGUSTO PIOTROWSKI: success
JANAINA MARIANA GARCIA: success
JANINE LACERDA DO PRADO: success
JERONIMO DANELUZ UMPIERRE DOS SANTOS: success
JESSICA RAFAELA LIMA PANIAGUA ALVES: success
JESSICA SILVA: success
JHONNY ANTONIO KRONE: success
JORDANNA DE PAULA SANTOS: success
KARINA SILVA FARAJ DE ANDRADE: success
KEILLY MELISSE ZAN: success
KELVIN NOGUEIRA GOMES: success
LAURA GRAZIELE ZANINI: success
LETICIA SOUZA COUTO: success
LIZETE MARLI MARCONDES: success
LUCAS PINTO ARRUDA GONCALVES DE FARIA: success
LUCELIA CHERPINSKI: success
LUCIANA ALBUQUERQUE DA SILVA: success
LUIZ MAURICIO LOBO GUERREIRO: success
MARCELO LIMOEIRO: success
MARCUS SERGIO DE OLIVEIRA: success
MARIANA COELHO CANTU: success
MARYSOL SCHINDLER FAGUNDES: success
MILENE ALVES PACHECO DE RAMOS: success
MONICA DOS SANTOS: success
MONICA GOMES BOECHAT: success
PAULO GUSTAVO FARCHI: success
PEDRO DE SOUZA LEITE: success
PRISCILA ACORDI: success
PRISCILA LUCIANA KOSTEKE ROSSA: success
RAFAELLA CRISTINA MULLER: success
ROBERTA BIZINELLI: success
SAMUEL SABINO BASILIO: success
SANDRA DE SOUZA ALMEIDA: FAILED - NO EMAIL
SANDRA LEAL: success
SARAH ADRIANA MATOS BORTOLUZ: success
SHEILA MAGDA SCHNEIDER DOS SANTOS: success
SONIA CRISTHINA GARCIA DA ROCHA: success
TATIANA DE CASTRO DUARTE MACHADO: success
TATIANA LOUISE GAZDA: success
THIAGO JOSE SANTOS: success
VERA LUCIA RODRIGUES DENES: success
VINICIUS DUTRA GONCALVES: success
