ALLAN SIMAS DE ALBUQUERQUE: success
AMANDA RODRIGUES DE MELLO BENKE: success
AMAURI KAMINSKI JUNIOR: success
ANA ELIZE FARIA DA SILVA: success
ANA FLAVIA FRIZZO: success
ANA LIBERA SABADIN CAVALLI WEBER: success
ANA PAULA DO NASCIMENTO: success
ANDRESSA HOINATSKI DE ARAUJO: success
ANGELA MARIA ILTON ROSENAU: success
ARTHUR ATOLINI: success
BARBARA ERTHAL PEREIRA BRASSAC: success
BIANCA TAMILE BACCIN DE OLIVEIRA: success
BRUNO BARROS CUNHA: success
CARLA BONTORIN: success
CARLOS AUGUSTO VIEIRA: success
CARLOS HENRIQUE CORREA VIANA DA SILVA: success
CAROLINE CEZAR DE MOURA BUENO BECKERT: success
CLAUDIONOR FELIPE MENDES LOPES: success
DANIELE LEPIESZYNSKI ALVES: success
DANILO LEMOS PEREIRA: success
DENISE MARIA DE BARROS: success
DESYREE GORTE BATISTA CHERATZKI: success
EDER DOS SANTOS MAZUCO: success
EDUARDO CEZAR SANTOS: success
ELENICE BUNICK DE BRITO: success
ELISA RODRIGUES MANOELI PINNA: success
ELLY ASTRID VEDAM: success
ENILCE GROSSKOPF DAVET: success
ERIKA SOFFA CHAVES DE OLIVEIRA: success
ESTHER SPARENBERG RIBEIRO DE ARAUJO: success
EVANDRO MORANDE BECKER: success
EVELYN COLOMBO BEZ-BATTI: success
FABIANA ALVES CALDERANI: success
FABIOLA CARLIN BITTENCOURT: success
FERNANDA CAETANO RAFFS STRASSER: success
FERNANDA STASIAK CAPELLINE: success
FERNANDA ZETTEL BASTOS: success
FRANCELE VALENTE PIAZZA: success
FRANCIELLY DA COSTA SILVA: success
GABRIEL HENRIQUE FERREIRA NEVES: success
GABRIELA BRASSAL TIRAPELLE: success
GUILHERME SILVEIRA: success
GUSTAVO HENRIQUE RODRIGUES ROMERO: success
GUSTAVO MORRONNY DOS SANTOS: success
HALEKSSANDRA THAMIRIZ SCHICORA GONCALVES: success
ISABELLE BEATRIZ ADRIANO MOTTA ALTHEIA: success
JADER PEREIRA DAS NEVES: success
JAMYLE NOILTHALENE SADOSKI DE SOUZA: success
JAQUELINE MELO GRABARSKI DE ANDRADE: success
JENIFER EHLKE DA SILVA: success
JOAO LUIZ YUTAKA HEIMOSKI: success
JOAO VITOR GIANGIACOMO BOCALETE: success
JULIANA LEPIESZYNSKI ZEIDAN: success
JULIANE SIMAS DE ALBUQUERQUE: success
JULIE ELLEN RIBAS RAMALHO: success
KARLA EMMANUELLE BORNANCIM: success
LEANDRO DOS SANTOS BARBOSA: success
LEONARDO SELLARO DORIGHELLO: success
LUANA CRISTINA MEDINA: success
LUCAS AMARAL OLIVEIRA: success
LUCIANA EBERHARDT ALVES RIOS: success
LUCIANE GROCHOCKI RESENDE: success
MARCOS FOGACA: success
MARCOS LUIZ RODRIGUES: success
MARILIA CASTRO DE MELO: success
MICHELLY DE ARAUJO BOTH: success
MYRLLA CARVALHO ALEXANDRE: success
NOELI ERTHAL DA SILVA FERNANDES: success
PATRICIA BRANDT SILVA: success
PATRICIA VILLA COSTA VAZ: success
PAULO ROBERTO MIKIO HEIMOSKI: success
PEDRO FELIPE NUNES GOMES: success
RAFAELA MAZUR BIZI PASSOS DE FREITAS: success
ROBERTA REDONDO DOMICIANO: success
RODRIGO BERTUOL: success
RUBENS ANTONIO DOS SANTOS: success
RUBENS DE SOUZA LEAL FILHO: success
SAMANTHA ZACHYTKO DA MOTA: success
SANDRA ANGELICA TAQUES SARTORI: success
SARA DE SOUZA: success
SERGIO LUIZ DE MIRANDA ALVES: success
SILMARA BERNARDIN DE ANDRADE: success
SUZAN GONCALVES FRANCO BRUGGEMANN: success
TALITA FRANCO MENDES: success
TATHIANA CARLA HONORATO: success
THAINA GIORDANI: success
THAIS GODOI: success
VICTOR HUGO AKIO BENASSI UNO: success
VINICIUS PAIS DE ALMEIDA: success
VIVIAN RIBEIRO FERREIRA ALVES: success
VIVIANE DE OLIVEIRA MORAIS: success
