ADRIANO MARCOS DE OLIVEIRA: success
ALVARO FRANCISCO DE MATTOS: success
CLEVERSON RIBAS BIANCHINI: success
DANIELLE CRISTINA DE SOUSA: success
DIEGO BRAVO DO NASCIMENTO: success
DIEGO FERNANDES VALIM: success
EDUARDO SADAMI DOMEN: success
GUILHERME MACEDO PEREIRA: success
JACKSON ROBERTO DE SOUZA MARUISHI: success
JESSICA RAFAELA LIMA PANIAGUA ALVES: success
JOAO CLAUDIO PELISSARII LUCHETTI: success
JULIANA DREVECK DA SILVA: success
JULIANA MARTINS: success
KAREN LARISSA BZYL BIANCHET: success
LILIAN DE MATTOS KALINOWSKI: success
LUIZ GUILHERME ARAUJO DE ANDRADE: success
MAGALI FEITEN: success
MAGDA MARINA FERREIRA HOFSTAETTER: success
MAICO GUIMARAES DE PAULA: success
PASCOAL FERMINO FILHO: success
PAULO GUSTAVO FARCHI: success
SAMUEL SABINO BASILIO: success
SANDRA DA SILVA CASTRO DA FONSECA: success
TAIS MENDONCA DE MELO: success
THAIS MENDES SANTIAGO: success
THIAGO GRAFFETE LEMBERG: success
THIAGO VICELLI CIDRAL DA COSTA: success
VANESSA DE SANCTIS NEUMANN: success
WILSON PEREIRA DOS SANTOS: success
