ANA BEATRIZ FERRAZ DORIGO: success
ANA CLAUDIA MORO: success
ANA CLAUDIA NEVES: success
ANA PAULA NOGUEIRA COSTA: success
ANDRE RODOLFO GIL TENERELI: success
ANGELA MARIA ILTON ROSENAU: success
BARBARA ERTHAL PEREIRA BRASSAC: success
BENTO BERRIEL LIMA DA SILVEIRA: success
CARLA BONTORIN: success
CINTIA YURI TOKAIRIN: success
CLAUDIA APARECIDA VIEIRA FERNANDES HATA: success
CLAUDIA MARTINS DE SOUZA: success
CLAYTON CEZAR GOBETTI: success
DANIELE LEPIESZYNSKI ALVES: success
EDUARDO CEZAR SANTOS: success
ELAINE ASSIS DE LIMA: success
ERIKA AZEVEDO SANCHES: success
ERON DE FARIAS GIPP: success
EVELISE DO ROCIO AMARAL: success
EVELYN COLOMBO BEZ-BATTI: success
FABIO LOPES PEREIRA: success
FERNANDA ANTONIO PERAO: success
FILIPPE MORAIS DE CARVALHO: success
FLAVIO JOSE CODOGNOTTO: success
FRANCIELI SCHLOGL DOROCINSKI: success
FRANCIELLY DA COSTA SILVA: success
FRANCISMARA APARECIDA LOURENCO: success
GABRIEL VIEIRA THOME: success
GERSON MADLENER DE ALMEIDA: success
GIANA MOSCALESKI: success
GUSTAVO HENRIQUE DIAS PEREIRA: success
ISRAEL FILIPE OLIVEIRA ALVES: success
JOSE VITOR SILVA PINHAO: success
JULIANE SIMAS DE ALBUQUERQUE: success
JULIANO DANIEL SCHEREMETTA: success
KELY CRISTINA VIEIRA DE LIMA: success
LEANDRO DOS SANTOS MACHADO: success
LETICIA ARANTES DA SILVA: success
LILIAN DE MATTOS KALINOWSKI: success
LIVIA MARIA SHWETZ DA SILVA: success
LUCIANE GROCHOCKI: success
LUCIANE STAMPOSKI: success
LUCIMEIA SWIECH: success
LUIS BASILIO COSTA: success
MARCELO ALVES DE CAMARGO: success
MARCELO LIMOEIRO: success
MARCELO VITAL: success
MARCIO TUBIAS PINTO: success
MARIA CRISTINA CORDEIRO: success
MARILENE SANTANA NEVES: success
MARILIA CASTRO DE MELO: success
MARLI STRAITEMBERG PIRES: success
MARLOS CAEL BELO: FAILED - NO EMAIL
MARYSOL SCHINDLER FAGUNDES: success
MIKAIL MOSS HORODECKI: success
MONICA GOMES BOECHAT: success
NATALIA DA SILVA MORITZ: success
OSCAR HORACIO COMMODARO JUNIOR: success
PATRICIA VILLA COSTA VAZ: success
PRISCILA DE FATIMA MARTINS: success
PRISCILLA FERREIRA FREITAS: success
RAFAEL POCRIFKA SCHULTZ: success
RENATA MAGALHAES BOHRER: success
RUBENS KELLER FILHO: success
SALETE JOSE DOS SANTOS: success
SAMIA CRISTINA COSER: success
SARAH ADRIANA MATOS BORTOLUZ: success
SHEILA MAGDA SCHNEIDER DOS SANTOS: success
TAMIRES ALMEIDA SANTOS: success
TATHIANA CARLA HONORATO: success
THIAGO FERREIRA FILGUEIRAS: success
THIAGO MAIA GONCALVES: success
THIAGO ROGERIO ROTTA: success
VANDERLEIA HEUKO: success
WILSON PEREIRA DOS SANTOS: success
