ADEMIR BRASIL FILHO: FAILED - NO ANNEX
ADRIANO DAMACENO RODRIGUES: FAILED - NO ANNEX
ALLEN PAIVA FERMON: FAILED - NO ANNEX
ANA BEATRIZ FERRAZ DORIGO: FAILED - NO ANNEX
ANA CLAUDIA NEVES: FAILED - NO ANNEX
ANA PAOLA KIM SARAVIA: FAILED - NO ANNEX
ANA PAULA SOARES GOMES: FAILED - NO ANNEX
ANDRE RODOLFO GIL TENERELI: FAILED - NO ANNEX
ANY DE OLIVEIRA BRASIL MESSINA: FAILED - NO ANNEX
BRUNA MACEDO AMARAL: FAILED - NO ANNEX
CELSO APARECIDO DEL BIANCO: FAILED - NO ANNEX
CELSO DURAT JUNIOR: FAILED - NO ANNEX
CLAUDEN WILLIAM MARTINS: FAILED - NO ANNEX
CLAUDIA MARTINS DE SOUZA: FAILED - NO ANNEX
CLAYTON BATISTA DO NASCIMENTO: FAILED - NO ANNEX
DANIELA CORREA ANTUNES ANDRADE: FAILED - NO ANNEX
DANIELLE CRISTINA DE SOUSA: FAILED - NO ANNEX
DAYANE PAULO DA SILVA: FAILED - NO ANNEX
DEBORAH CRISTIANE LOBO RODRIGUES DOS SANTOS: FAILED - NO ANNEX
DIOGO ALBINO BENOSKI: FAILED - NO ANNEX
EDER ALVES DE OLIVEIRA: FAILED - NO ANNEX
EDIO VESCOVI: FAILED - NO ANNEX
EDISON LUIZ CAVALHEIRO MENDES: FAILED - NO ANNEX
EDUARDO JOSE FROHLICH DE OLIVEIRA: FAILED - NO ANNEX
ELCIO PINTO ROQUE: FAILED - NO ANNEX
ELIETE APARECIDA KOVALHUK: FAILED - NO ANNEX
ELLEN VICTER MOCO MARTINS: FAILED - NO ANNEX
ELOISE FORNAROLI: FAILED - NO ANNEX
EMERSON ANTONIO FELIX: FAILED - NO ANNEX
FABIANO SCHENKEL DE OLIVEIRA: FAILED - NO ANNEX
FABIO RODRIGO DA SILVA: FAILED - NO ANNEX
FERNANDA ANTONIO PERAO: FAILED - NO ANNEX
FERNANDO CESAR PEREIRA: FAILED - NO ANNEX
FERNANDO FABIANO CASTELLANO JUNIOR: FAILED - NO ANNEX
FILIPE ZANDER SILVA: FAILED - NO ANNEX
FILIPPE MORAIS DE CARVALHO: FAILED - NO ANNEX
GABRIEL VIEIRA THOME: FAILED - NO ANNEX
GABRIELA FEUCHT: FAILED - NO ANNEX
GONCALO REGO MONTANHA REBELLO: FAILED - NO ANNEX
GUSTAVO PONTES ARMELLINI: FAILED - NO ANNEX
GUSTAVO TOSHIO TAKAKI HIRATA: FAILED - NO ANNEX
HEBERT JAKSON SOARES: FAILED - NO ANNEX
HORMINIO DE PAULA LIMA NETO: FAILED - NO ANNEX
HUARLEI AUGUSTO DE OLIVEIRA CHAVES: FAILED - NO ANNEX
IZAUDINO JOSE GOMES DOS REIS: FAILED - NO ANNEX
JANAINA MARIANA GARCIA: FAILED - NO ANNEX
JOAO HENRIQUE SENOS DE ALENCAR ARRAIS: FAILED - NO ANNEX
JOSE VITOR SILVA PINHAO: FAILED - NO ANNEX
JULIANA RIBAS TEIXEIRA: FAILED - NO ANNEX
JULIANO SILVA MANABE: FAILED - NO ANNEX
KARINA DE OLIVEIRA BACHTOLD: FAILED - NO ANNEX
KARINA SANTOS MAZIA: FAILED - NO ANNEX
KELY CRISTINA VIEIRA DE LIMA: FAILED - NO ANNEX
KEVIN KRAUSE: FAILED - NO ANNEX
ADEMIR BRASIL FILHO: success
ADRIANO DAMACENO RODRIGUES: success
ALLEN PAIVA FERMON: success
ANA BEATRIZ FERRAZ DORIGO: success
ANA CLAUDIA NEVES: success
ANA PAOLA KIM SARAVIA: success
ANA PAULA SOARES GOMES: success
ANDRE RODOLFO GIL TENERELI: success
ANY DE OLIVEIRA BRASIL MESSINA: success
BRUNA MACEDO AMARAL: success
CELSO APARECIDO DEL BIANCO: success
CELSO DURAT JUNIOR: success
CLAUDEN WILLIAM MARTINS: success
CLAUDIA MARTINS DE SOUZA: success
CLAYTON BATISTA DO NASCIMENTO: success
DANIELA CORREA ANTUNES ANDRADE: success
DANIELLE CRISTINA DE SOUSA: success
DAYANE PAULO DA SILVA: success
DEBORAH CRISTIANE LOBO RODRIGUES DOS SANTOS: success
DIOGO ALBINO BENOSKI: success
EDER ALVES DE OLIVEIRA: success
EDIO VESCOVI: success
EDISON LUIZ CAVALHEIRO MENDES: success
EDUARDO JOSE FROHLICH DE OLIVEIRA: success
ELCIO PINTO ROQUE: success
ELIETE APARECIDA KOVALHUK: success
ELLEN VICTER MOCO MARTINS: success
ELOISE FORNAROLI: success
EMERSON ANTONIO FELIX: success
FABIANO SCHENKEL DE OLIVEIRA: success
FABIO RODRIGO DA SILVA: success
FERNANDA ANTONIO PERAO: success
FERNANDO CESAR PEREIRA: success
FERNANDO FABIANO CASTELLANO JUNIOR: success
FILIPE ZANDER SILVA: success
FILIPPE MORAIS DE CARVALHO: success
GABRIEL VIEIRA THOME: success
GABRIELA FEUCHT: success
GONCALO REGO MONTANHA REBELLO: success
GUSTAVO PONTES ARMELLINI: success
GUSTAVO TOSHIO TAKAKI HIRATA: success
HEBERT JAKSON SOARES: success
HORMINIO DE PAULA LIMA NETO: success
HUARLEI AUGUSTO DE OLIVEIRA CHAVES: success
IZAUDINO JOSE GOMES DOS REIS: success
JANAINA MARIANA GARCIA: success
JOAO HENRIQUE SENOS DE ALENCAR ARRAIS: success
JOSE VITOR SILVA PINHAO: success
JULIANA RIBAS TEIXEIRA: success
JULIANO SILVA MANABE: success
KARINA DE OLIVEIRA BACHTOLD: success
KARINA SANTOS MAZIA: success
KELY CRISTINA VIEIRA DE LIMA: success
KEVIN KRAUSE: success
LAURA GRAZIELE ZANINI: success
LUCIANA REGINA KOSOSKI: success
LUCIANE GROCHOCKI RESENDE: success
MAIRA THAIS HARO ROSSINI: FAILED - NO EMAIL
MANOELA POZZOLO PEDRO: success
MANUELA SALAMONI GAZZI: success
MARCELO LIMOEIRO: success
MARCELO PEREIRA DIAS: success
MARCIO MENDES: success
MARCOS RODRIGO GUARNERI: success
MARCOS TODISCO SILVEIRA: success
MARCOS VINICIUS RIBEIRO DE ANDRADE: success
MARIA EDUARDA CAPRILHONE GUALDESSI: success
MARIA OLIVIA BANDEIRA: success
MARIANA QUADROS PERTILE: success
MARIANA SILVA CAVALCANTI: success
MARILIA FREIESLEBEN DOZZA: success
MAURO BORGES DA SILVA: success
MONICA GOMES BOECHAT: success
NILMAR MANFRIN DA SILVA: success
PAOLA FRANCOASE DOS SANTOS VIEIRA DUTRA DA SILVA: success
PATRICIA VILLA COSTA VAZ: success
PAULO ROBERTO DA ROSA: success
PEDRO DINI NETO: success
PRISCILA LUCIANA KOSTEKE ROSSA: success
RAFAEL AGUSTO BERTUOL: success
RAMON CAVALCANTI CESCHIM: success
RENATA DE SOUZA BATISTA: success
RENATA JACON VOLOCHEN: success
RENATA MAGALHAES BOHRER: success
ROBERTO LIRA ARAUJO: success
RODOLFO VIEIRA NANES: success
RODRIGO JOSE DOS SANTOS: success
RODRIGO SASSI MARTINS: success
RONALDO BONFIM CONSTANTE: success
ROSILENE BARBOSA DA COSTA: success
SAMIA CRISTINA COSER: success
SAMUEL SOUTO RIBEIRO: success
SARA DE ANDRADE DA SILVA: success
SARAH ADRIANA MATOS BORTOLUZ: success
SERGIO MURILO REGULA ESPOSITO: success
SIDNEI PEREIRA DA SILVA JUNIOR: success
SILVANA WEDDERHOFF CESCHIM: success
SUZETE ELIZABETH GRASSI GARBERS: success
URSULA JOSELITA BOZZA PERES: success
VAGNER DOS SANTOS MALAQUIAS: success
VALDECIR MARTINS: success
VANESSA CRISTINE MARTINS: success
VERA LUCIA BACHMANN: success
VINICIUS STIEVANO CARNEIRO: success
VITOR ALENCAR PELUCHNO: success
WAGNER FERREIRA SANTOS: success
WANDERLEI GOMES DA SILVA: success
