ADEMAIR DA CRUZ BRAGA JUNIOR: success
ADRIANA EMED KAUANO: success
ADRIANO DE SOUZA FIGUEREDO: success
ALESSANDRO GONCALVES: success
ANA BEATRIZ FERRAZ DORIGO: success
ANDRE RODOLFO GIL TENERELI: success
BEATRIZ GASPARIN MOREIRA: success
BRUNO SCATOLIN: success
CELINA GONCALVES: success
CLAUDIA MARTINS DE SOUZA: success
DIOGO RODRIGUES SANTIAGO: success
ERICO EMED KAUANO: success
EVELISE DO ROCIO AMARAL: success
FABIO BRAGANCA MARTINS: success
FABIO LOPES PEREIRA: success
FABIO MARCELO GBUR: success
FILIPPE MORAIS DE CARVALHO: success
GLAUBER PRIETO PIEDADE: success
GUSTAVO FERNANDES LOPES: success
HELLEN CRISTINA DOS ANJOS: success
IARA DO ROCIO VAZ: success
IGOR BRUNO ROMERO MACHADO: success
JENIFER EHLKE DA SILVA: success
JOSILAINE DE FATIMA FERREIRA: success
KARINE INEZ CAVASINI: success
LIVIA MARIA SHWETZ DA SILVA: success
LUCAS TADEU SILVA DE SOUZA: success
LUCIANE GROCHOCKI RESENDE: success
LUIS EVERTON FONSECA SOARES: success
MARILIA CASTRO DE MELO: success
MIRIAN GOTIN: success
MISAEL DE LIMA NEMECEK: success
MONICA GOMES BOECHAT: success
NEUMARIZE NEUMANN: success
PATRICIA ANDREA FERNANDES AQUINI: success
RAQUEL RIGO FRUMI: success
RAUL BEZERRA SAMPAIO: success
RENATA MAGALHAES BOHRER: success
ROBERTO CARLOS ALVES DE SOUZA: success
ROSANE CAMARGO: success
SOLENISE PEREIRA LEAL: success
THIAGO MAIA GONCALVES: success
VANESSA DOS SANTOS FERREIRA DOURADO: success
VICTOR MERIGUETTI PINTO: success
VIRGINIA COMPARSI BRONAUT: success
VIVIANE DE OLIVEIRA MORAIS: success
