ADEIR SIMIONI FLORES: success
ADONY MARTINS PASCHOALIN SANTOS: success
ADRIANE JENSEN: success
ADRIANO DE SOUZA FIGUEREDO: success
ADRIANO ROGERIO PEREZ: FAILED - NO EMAIL
ALESSANDRO GONCALVES: success
ANA CLAUDIA NEVES: success
ANDRE RODOLFO GIL TENERELI: success
ANDREIA STALL: success
ANDRESSA HOINATSKI DE ARAUJO: success
ANDREY ROBERTO DOS SANTOS: FAILED - NO EMAIL
ANTONIO CARLOS ESPINDOLA: success
ARION NAGNIBEDA SILVA: success
CAMILA CHIES CECCONELLO: success
CARLA CAMPOS AVANZI: success
CARLA GOMES DE MELLO: success
CARLOS HENRIQUE CORREA VIANA DA SILVA: success
CLAUDIA MARTINS DE SOUZA: success
DAYANE PAULO DA SILVA: success
DENISE VASCONCELLOS AZEVEDO: success
DIOGO AUGUSTO COTOVICZ: FAILED - NO EMAIL
EDISON LUIZ CAVALHEIRO MENDES: success
EDSON MARINHEIRO DA SILVA: success
ELIZIETH MARIA DA SILVA SA: success
EMANUEL FERNANDES MONTEIRO DE ALMEIDA: success
EVELISE DO ROCIO AMARAL: success
FABIO BRAGANCA MARTINS: success
FABIO TADEU DAMBROS: success
FERNANDA RIBAS MEZZOMO: success
GABRIELA FEUCHT: success
GEISA FABIOLA KOBAY: success
GUSTAVO HENRIQUE DA SILVA OLIVEIRA: success
IARA DO ROCIO VAZ: success
ISABELA DE LISBOA: success
JANAINA MARIANA GARCIA: success
JEDDY DOBROWOLSKI RUELA: success
JESSICA ENNES GONCALVES: success
JOSE CARLOS GONCALVES DIAS: success
JOSY ROMERO: success
JULIANA DREVECK DA SILVA: success
JULIANA LEPIESZYNSKI ZEIDAN: success
JULIANA MOSCHETTA: success
JURACI LUIZA DA SILVA: success
KAREN LARISSA BZYL BIANCHET: success
LARISSA CRISTINA PICETSKEI: success
LEONARDO NADOLNY: success
LETICIA GABRIEL ROMAGNOLO: success
LILIAN APARECIDA LIE BORGES KOGA: success
LILIAN DE MATTOS KALINOWSKI: success
LUCIANA MENDOZA CIDADE OREM: success
LUCIANE GROCHOCKI RESENDE: success
MANOELITO CARVALHO DOS REIS: success
MARCELO ALVES DE CAMARGO: success
MARCELO LIMOEIRO: success
MARCOS RODRIGO GUARNERI: success
MARIA LUIZA DA SILVA SANTOS: success
MARIANA COELHO CANTU: success
MARLOS CAEL BELO: FAILED - NO EMAIL
MAYRA WAGNER PACHECO: success
MONICA GOMES BOECHAT: success
NIELLY LUIZ MENDES: FAILED - NO EMAIL
NUBIA MARA DE ALMEIDA BOZA: success
PATRICIA VILLA COSTA VAZ: success
PRISCILA LUCIANA KOSTEKE ROSSA: success
PRISCILA PACHECO: success
RAFAEL POCRIFKA SCHULTZ: success
RAFAELLA CRISTINA MULLER: success
ROBERTO CARLOS ALVES DE SOUZA: success
RUBIA MEY DE SAMPAIO STENZEL: success
SOLENISE PEREIRA LEAL: success
THIAGO MAIA GONCALVES: success
TRISTAO ANTONIO BORBOREMA DE CARVALHO: success
VALDECIR MARTINS: success
VERA LUCIA RODRIGUES DENES: success
VIVIANE CRISTINA RODRIGUES TANAKA: success
